

================================================================
== Vivado HLS Report for 'cnnshift_arr_ap_fixed_ap_fixed_16_4_5_3_0_config12_s'
================================================================
* Date:           Fri Aug  5 17:07:05 2022

* Version:        2019.2 (Build 2704478 on Wed Nov 06 22:10:23 MST 2019)
* Project:        myproject_prj
* Solution:       solution1
* Product family: kintexu
* Target device:  xcku115-flvb2104-2-i


================================================================
== Performance Estimates
================================================================
+ Timing: 
    * Summary: 
    +--------+---------+----------+------------+
    |  Clock |  Target | Estimated| Uncertainty|
    +--------+---------+----------+------------+
    |ap_clk  | 5.00 ns | 3.782 ns |   0.62 ns  |
    +--------+---------+----------+------------+

+ Latency: 
    * Summary: 
    +---------+---------+-----------+-----------+------+------+---------+
    |  Latency (cycles) |   Latency (absolute)  |   Interval  | Pipeline|
    |   min   |   max   |    min    |    max    |  min |  max |   Type  |
    +---------+---------+-----------+-----------+------+------+---------+
    |     2265|     2265| 11.325 us | 11.325 us |  2265|  2265|   none  |
    +---------+---------+-----------+-----------+------+------+---------+

    + Detail: 
        * Instance: 
        N/A

        * Loop: 
        +-----------------+---------+---------+----------+-----------+-----------+------+----------+
        |                 |  Latency (cycles) | Iteration|  Initiation Interval  | Trip |          |
        |    Loop Name    |   min   |   max   |  Latency |  achieved |   target  | Count| Pipelined|
        +-----------------+---------+---------+----------+-----------+-----------+------+----------+
        |- Loop 1         |      704|      704|        11|          -|          -|    64|    no    |
        | + Loop 1.1      |        8|        8|         4|          -|          -|     2|    no    |
        |- Loop 2         |     1168|     1168|       584|          -|          -|     2|    no    |
        | + Loop 2.1      |      582|      582|       194|          -|          -|     3|    no    |
        |  ++ Loop 2.1.1  |      192|      192|         3|          -|          -|    64|    no    |
        |- Loop 3         |      390|      390|       130|          -|          -|     3|    no    |
        | + Loop 3.1      |      128|      128|         2|          -|          -|    64|    no    |
        +-----------------+---------+---------+----------+-----------+-----------+------+----------+



================================================================
== Utilization Estimates
================================================================
* Summary: 
+---------------------+---------+-------+---------+--------+-----+
|         Name        | BRAM_18K| DSP48E|    FF   |   LUT  | URAM|
+---------------------+---------+-------+---------+--------+-----+
|DSP                  |        -|      -|        -|       -|    -|
|Expression           |        -|      -|        0|     341|    -|
|FIFO                 |        -|      -|        -|       -|    -|
|Instance             |        -|      -|        -|       -|    -|
|Memory               |        1|      -|        0|    1024|    0|
|Multiplexer          |        -|      -|        -|     771|    -|
|Register             |        -|      -|      163|       -|    -|
+---------------------+---------+-------+---------+--------+-----+
|Total                |        1|      0|      163|    2136|    0|
+---------------------+---------+-------+---------+--------+-----+
|Available SLR        |     2160|   2760|   663360|  331680|    0|
+---------------------+---------+-------+---------+--------+-----+
|Utilization SLR (%)  |    ~0   |      0|    ~0   |   ~0   |  100|
+---------------------+---------+-------+---------+--------+-----+
|Available            |     4320|   5520|  1326720|  663360|    0|
+---------------------+---------+-------+---------+--------+-----+
|Utilization (%)      |    ~0   |      0|    ~0   |   ~0   |    0|
+---------------------+---------+-------+---------+--------+-----+

+ Detail: 
    * Instance: 
    N/A

    * DSP48E: 
    N/A

    * Memory: 
    +--------------------------------+--------------------------------------------------------------+---------+---+----+-----+------+-----+------+-------------+
    |             Memory             |                            Module                            | BRAM_18K| FF| LUT| URAM| Words| Bits| Banks| W*Bits*Banks|
    +--------------------------------+--------------------------------------------------------------+---------+---+----+-----+------+-----+------+-------------+
    |layer_in_row_Array_V_0_0_U      |cnnshift_arr_ap_fixed_ap_fixed_16_4_5_3_0_config12_s_layec7D  |        0|  0|   8|    0|    15|   16|     1|          240|
    |layer_in_row_Array_V_0_1_U      |cnnshift_arr_ap_fixed_ap_fixed_16_4_5_3_0_config12_s_layec7D  |        0|  0|   8|    0|    15|   16|     1|          240|
    |layer_in_row_Array_V_0_2_U      |cnnshift_arr_ap_fixed_ap_fixed_16_4_5_3_0_config12_s_layec7D  |        0|  0|   8|    0|    15|   16|     1|          240|
    |layer_in_row_Array_V_0_3_U      |cnnshift_arr_ap_fixed_ap_fixed_16_4_5_3_0_config12_s_layec7D  |        0|  0|   8|    0|    15|   16|     1|          240|
    |layer_in_row_Array_V_0_4_U      |cnnshift_arr_ap_fixed_ap_fixed_16_4_5_3_0_config12_s_layec7D  |        0|  0|   8|    0|    15|   16|     1|          240|
    |layer_in_row_Array_V_0_5_U      |cnnshift_arr_ap_fixed_ap_fixed_16_4_5_3_0_config12_s_layec7D  |        0|  0|   8|    0|    15|   16|     1|          240|
    |layer_in_row_Array_V_0_6_U      |cnnshift_arr_ap_fixed_ap_fixed_16_4_5_3_0_config12_s_layec7D  |        0|  0|   8|    0|    15|   16|     1|          240|
    |layer_in_row_Array_V_0_7_U      |cnnshift_arr_ap_fixed_ap_fixed_16_4_5_3_0_config12_s_layec7D  |        0|  0|   8|    0|    15|   16|     1|          240|
    |layer_in_row_Array_V_0_8_U      |cnnshift_arr_ap_fixed_ap_fixed_16_4_5_3_0_config12_s_layec7D  |        0|  0|   8|    0|    15|   16|     1|          240|
    |layer_in_row_Array_V_0_9_U      |cnnshift_arr_ap_fixed_ap_fixed_16_4_5_3_0_config12_s_layec7D  |        0|  0|   8|    0|    15|   16|     1|          240|
    |layer_in_row_Array_V_0_10_U     |cnnshift_arr_ap_fixed_ap_fixed_16_4_5_3_0_config12_s_layec7D  |        0|  0|   8|    0|    15|   16|     1|          240|
    |layer_in_row_Array_V_0_11_U     |cnnshift_arr_ap_fixed_ap_fixed_16_4_5_3_0_config12_s_layec7D  |        0|  0|   8|    0|    15|   16|     1|          240|
    |layer_in_row_Array_V_0_12_U     |cnnshift_arr_ap_fixed_ap_fixed_16_4_5_3_0_config12_s_layec7D  |        0|  0|   8|    0|    15|   16|     1|          240|
    |layer_in_row_Array_V_0_13_U     |cnnshift_arr_ap_fixed_ap_fixed_16_4_5_3_0_config12_s_layec7D  |        0|  0|   8|    0|    15|   16|     1|          240|
    |layer_in_row_Array_V_0_14_U     |cnnshift_arr_ap_fixed_ap_fixed_16_4_5_3_0_config12_s_layec7D  |        0|  0|   8|    0|    15|   16|     1|          240|
    |layer_in_row_Array_V_0_15_U     |cnnshift_arr_ap_fixed_ap_fixed_16_4_5_3_0_config12_s_layec7D  |        0|  0|   8|    0|    15|   16|     1|          240|
    |layer_in_row_Array_V_0_16_U     |cnnshift_arr_ap_fixed_ap_fixed_16_4_5_3_0_config12_s_layec7D  |        0|  0|   8|    0|    15|   16|     1|          240|
    |layer_in_row_Array_V_0_17_U     |cnnshift_arr_ap_fixed_ap_fixed_16_4_5_3_0_config12_s_layec7D  |        0|  0|   8|    0|    15|   16|     1|          240|
    |layer_in_row_Array_V_0_18_U     |cnnshift_arr_ap_fixed_ap_fixed_16_4_5_3_0_config12_s_layec7D  |        0|  0|   8|    0|    15|   16|     1|          240|
    |layer_in_row_Array_V_0_19_U     |cnnshift_arr_ap_fixed_ap_fixed_16_4_5_3_0_config12_s_layec7D  |        0|  0|   8|    0|    15|   16|     1|          240|
    |layer_in_row_Array_V_0_20_U     |cnnshift_arr_ap_fixed_ap_fixed_16_4_5_3_0_config12_s_layec7D  |        0|  0|   8|    0|    15|   16|     1|          240|
    |layer_in_row_Array_V_0_21_U     |cnnshift_arr_ap_fixed_ap_fixed_16_4_5_3_0_config12_s_layec7D  |        0|  0|   8|    0|    15|   16|     1|          240|
    |layer_in_row_Array_V_0_22_U     |cnnshift_arr_ap_fixed_ap_fixed_16_4_5_3_0_config12_s_layec7D  |        0|  0|   8|    0|    15|   16|     1|          240|
    |layer_in_row_Array_V_0_23_U     |cnnshift_arr_ap_fixed_ap_fixed_16_4_5_3_0_config12_s_layec7D  |        0|  0|   8|    0|    15|   16|     1|          240|
    |layer_in_row_Array_V_0_24_U     |cnnshift_arr_ap_fixed_ap_fixed_16_4_5_3_0_config12_s_layec7D  |        0|  0|   8|    0|    15|   16|     1|          240|
    |layer_in_row_Array_V_0_25_U     |cnnshift_arr_ap_fixed_ap_fixed_16_4_5_3_0_config12_s_layec7D  |        0|  0|   8|    0|    15|   16|     1|          240|
    |layer_in_row_Array_V_0_26_U     |cnnshift_arr_ap_fixed_ap_fixed_16_4_5_3_0_config12_s_layec7D  |        0|  0|   8|    0|    15|   16|     1|          240|
    |layer_in_row_Array_V_0_27_U     |cnnshift_arr_ap_fixed_ap_fixed_16_4_5_3_0_config12_s_layec7D  |        0|  0|   8|    0|    15|   16|     1|          240|
    |layer_in_row_Array_V_0_28_U     |cnnshift_arr_ap_fixed_ap_fixed_16_4_5_3_0_config12_s_layec7D  |        0|  0|   8|    0|    15|   16|     1|          240|
    |layer_in_row_Array_V_0_29_U     |cnnshift_arr_ap_fixed_ap_fixed_16_4_5_3_0_config12_s_layec7D  |        0|  0|   8|    0|    15|   16|     1|          240|
    |layer_in_row_Array_V_0_30_U     |cnnshift_arr_ap_fixed_ap_fixed_16_4_5_3_0_config12_s_layec7D  |        0|  0|   8|    0|    15|   16|     1|          240|
    |layer_in_row_Array_V_0_31_U     |cnnshift_arr_ap_fixed_ap_fixed_16_4_5_3_0_config12_s_layec7D  |        0|  0|   8|    0|    15|   16|     1|          240|
    |layer_in_row_Array_V_0_32_U     |cnnshift_arr_ap_fixed_ap_fixed_16_4_5_3_0_config12_s_layec7D  |        0|  0|   8|    0|    15|   16|     1|          240|
    |layer_in_row_Array_V_0_33_U     |cnnshift_arr_ap_fixed_ap_fixed_16_4_5_3_0_config12_s_layec7D  |        0|  0|   8|    0|    15|   16|     1|          240|
    |layer_in_row_Array_V_0_34_U     |cnnshift_arr_ap_fixed_ap_fixed_16_4_5_3_0_config12_s_layec7D  |        0|  0|   8|    0|    15|   16|     1|          240|
    |layer_in_row_Array_V_0_35_U     |cnnshift_arr_ap_fixed_ap_fixed_16_4_5_3_0_config12_s_layec7D  |        0|  0|   8|    0|    15|   16|     1|          240|
    |layer_in_row_Array_V_0_36_U     |cnnshift_arr_ap_fixed_ap_fixed_16_4_5_3_0_config12_s_layec7D  |        0|  0|   8|    0|    15|   16|     1|          240|
    |layer_in_row_Array_V_0_37_U     |cnnshift_arr_ap_fixed_ap_fixed_16_4_5_3_0_config12_s_layec7D  |        0|  0|   8|    0|    15|   16|     1|          240|
    |layer_in_row_Array_V_0_38_U     |cnnshift_arr_ap_fixed_ap_fixed_16_4_5_3_0_config12_s_layec7D  |        0|  0|   8|    0|    15|   16|     1|          240|
    |layer_in_row_Array_V_0_39_U     |cnnshift_arr_ap_fixed_ap_fixed_16_4_5_3_0_config12_s_layec7D  |        0|  0|   8|    0|    15|   16|     1|          240|
    |layer_in_row_Array_V_0_40_U     |cnnshift_arr_ap_fixed_ap_fixed_16_4_5_3_0_config12_s_layec7D  |        0|  0|   8|    0|    15|   16|     1|          240|
    |layer_in_row_Array_V_0_41_U     |cnnshift_arr_ap_fixed_ap_fixed_16_4_5_3_0_config12_s_layec7D  |        0|  0|   8|    0|    15|   16|     1|          240|
    |layer_in_row_Array_V_0_42_U     |cnnshift_arr_ap_fixed_ap_fixed_16_4_5_3_0_config12_s_layec7D  |        0|  0|   8|    0|    15|   16|     1|          240|
    |layer_in_row_Array_V_0_43_U     |cnnshift_arr_ap_fixed_ap_fixed_16_4_5_3_0_config12_s_layec7D  |        0|  0|   8|    0|    15|   16|     1|          240|
    |layer_in_row_Array_V_0_44_U     |cnnshift_arr_ap_fixed_ap_fixed_16_4_5_3_0_config12_s_layec7D  |        0|  0|   8|    0|    15|   16|     1|          240|
    |layer_in_row_Array_V_0_45_U     |cnnshift_arr_ap_fixed_ap_fixed_16_4_5_3_0_config12_s_layec7D  |        0|  0|   8|    0|    15|   16|     1|          240|
    |layer_in_row_Array_V_0_46_U     |cnnshift_arr_ap_fixed_ap_fixed_16_4_5_3_0_config12_s_layec7D  |        0|  0|   8|    0|    15|   16|     1|          240|
    |layer_in_row_Array_V_0_47_U     |cnnshift_arr_ap_fixed_ap_fixed_16_4_5_3_0_config12_s_layec7D  |        0|  0|   8|    0|    15|   16|     1|          240|
    |layer_in_row_Array_V_0_48_U     |cnnshift_arr_ap_fixed_ap_fixed_16_4_5_3_0_config12_s_layec7D  |        0|  0|   8|    0|    15|   16|     1|          240|
    |layer_in_row_Array_V_0_49_U     |cnnshift_arr_ap_fixed_ap_fixed_16_4_5_3_0_config12_s_layec7D  |        0|  0|   8|    0|    15|   16|     1|          240|
    |layer_in_row_Array_V_0_50_U     |cnnshift_arr_ap_fixed_ap_fixed_16_4_5_3_0_config12_s_layec7D  |        0|  0|   8|    0|    15|   16|     1|          240|
    |layer_in_row_Array_V_0_51_U     |cnnshift_arr_ap_fixed_ap_fixed_16_4_5_3_0_config12_s_layec7D  |        0|  0|   8|    0|    15|   16|     1|          240|
    |layer_in_row_Array_V_0_52_U     |cnnshift_arr_ap_fixed_ap_fixed_16_4_5_3_0_config12_s_layec7D  |        0|  0|   8|    0|    15|   16|     1|          240|
    |layer_in_row_Array_V_0_53_U     |cnnshift_arr_ap_fixed_ap_fixed_16_4_5_3_0_config12_s_layec7D  |        0|  0|   8|    0|    15|   16|     1|          240|
    |layer_in_row_Array_V_0_54_U     |cnnshift_arr_ap_fixed_ap_fixed_16_4_5_3_0_config12_s_layec7D  |        0|  0|   8|    0|    15|   16|     1|          240|
    |layer_in_row_Array_V_0_55_U     |cnnshift_arr_ap_fixed_ap_fixed_16_4_5_3_0_config12_s_layec7D  |        0|  0|   8|    0|    15|   16|     1|          240|
    |layer_in_row_Array_V_0_56_U     |cnnshift_arr_ap_fixed_ap_fixed_16_4_5_3_0_config12_s_layec7D  |        0|  0|   8|    0|    15|   16|     1|          240|
    |layer_in_row_Array_V_0_57_U     |cnnshift_arr_ap_fixed_ap_fixed_16_4_5_3_0_config12_s_layec7D  |        0|  0|   8|    0|    15|   16|     1|          240|
    |layer_in_row_Array_V_0_58_U     |cnnshift_arr_ap_fixed_ap_fixed_16_4_5_3_0_config12_s_layec7D  |        0|  0|   8|    0|    15|   16|     1|          240|
    |layer_in_row_Array_V_0_59_U     |cnnshift_arr_ap_fixed_ap_fixed_16_4_5_3_0_config12_s_layec7D  |        0|  0|   8|    0|    15|   16|     1|          240|
    |layer_in_row_Array_V_0_60_U     |cnnshift_arr_ap_fixed_ap_fixed_16_4_5_3_0_config12_s_layec7D  |        0|  0|   8|    0|    15|   16|     1|          240|
    |layer_in_row_Array_V_0_61_U     |cnnshift_arr_ap_fixed_ap_fixed_16_4_5_3_0_config12_s_layec7D  |        0|  0|   8|    0|    15|   16|     1|          240|
    |layer_in_row_Array_V_0_62_U     |cnnshift_arr_ap_fixed_ap_fixed_16_4_5_3_0_config12_s_layec7D  |        0|  0|   8|    0|    15|   16|     1|          240|
    |layer_in_row_Array_V_0_63_U     |cnnshift_arr_ap_fixed_ap_fixed_16_4_5_3_0_config12_s_layec7D  |        0|  0|   8|    0|    15|   16|     1|          240|
    |layer_in_row_Array_V_1194_0_U   |cnnshift_arr_ap_fixed_ap_fixed_16_4_5_3_0_config12_s_layec7D  |        0|  0|   8|    0|    15|   16|     1|          240|
    |layer_in_row_Array_V_1194_1_U   |cnnshift_arr_ap_fixed_ap_fixed_16_4_5_3_0_config12_s_layec7D  |        0|  0|   8|    0|    15|   16|     1|          240|
    |layer_in_row_Array_V_1194_2_U   |cnnshift_arr_ap_fixed_ap_fixed_16_4_5_3_0_config12_s_layec7D  |        0|  0|   8|    0|    15|   16|     1|          240|
    |layer_in_row_Array_V_1194_3_U   |cnnshift_arr_ap_fixed_ap_fixed_16_4_5_3_0_config12_s_layec7D  |        0|  0|   8|    0|    15|   16|     1|          240|
    |layer_in_row_Array_V_1194_4_U   |cnnshift_arr_ap_fixed_ap_fixed_16_4_5_3_0_config12_s_layec7D  |        0|  0|   8|    0|    15|   16|     1|          240|
    |layer_in_row_Array_V_1194_5_U   |cnnshift_arr_ap_fixed_ap_fixed_16_4_5_3_0_config12_s_layec7D  |        0|  0|   8|    0|    15|   16|     1|          240|
    |layer_in_row_Array_V_1194_6_U   |cnnshift_arr_ap_fixed_ap_fixed_16_4_5_3_0_config12_s_layec7D  |        0|  0|   8|    0|    15|   16|     1|          240|
    |layer_in_row_Array_V_1194_7_U   |cnnshift_arr_ap_fixed_ap_fixed_16_4_5_3_0_config12_s_layec7D  |        0|  0|   8|    0|    15|   16|     1|          240|
    |layer_in_row_Array_V_1194_8_U   |cnnshift_arr_ap_fixed_ap_fixed_16_4_5_3_0_config12_s_layec7D  |        0|  0|   8|    0|    15|   16|     1|          240|
    |layer_in_row_Array_V_1194_9_U   |cnnshift_arr_ap_fixed_ap_fixed_16_4_5_3_0_config12_s_layec7D  |        0|  0|   8|    0|    15|   16|     1|          240|
    |layer_in_row_Array_V_1194_10_U  |cnnshift_arr_ap_fixed_ap_fixed_16_4_5_3_0_config12_s_layec7D  |        0|  0|   8|    0|    15|   16|     1|          240|
    |layer_in_row_Array_V_1194_11_U  |cnnshift_arr_ap_fixed_ap_fixed_16_4_5_3_0_config12_s_layec7D  |        0|  0|   8|    0|    15|   16|     1|          240|
    |layer_in_row_Array_V_1194_12_U  |cnnshift_arr_ap_fixed_ap_fixed_16_4_5_3_0_config12_s_layec7D  |        0|  0|   8|    0|    15|   16|     1|          240|
    |layer_in_row_Array_V_1194_13_U  |cnnshift_arr_ap_fixed_ap_fixed_16_4_5_3_0_config12_s_layec7D  |        0|  0|   8|    0|    15|   16|     1|          240|
    |layer_in_row_Array_V_1194_14_U  |cnnshift_arr_ap_fixed_ap_fixed_16_4_5_3_0_config12_s_layec7D  |        0|  0|   8|    0|    15|   16|     1|          240|
    |layer_in_row_Array_V_1194_15_U  |cnnshift_arr_ap_fixed_ap_fixed_16_4_5_3_0_config12_s_layec7D  |        0|  0|   8|    0|    15|   16|     1|          240|
    |layer_in_row_Array_V_1194_16_U  |cnnshift_arr_ap_fixed_ap_fixed_16_4_5_3_0_config12_s_layec7D  |        0|  0|   8|    0|    15|   16|     1|          240|
    |layer_in_row_Array_V_1194_17_U  |cnnshift_arr_ap_fixed_ap_fixed_16_4_5_3_0_config12_s_layec7D  |        0|  0|   8|    0|    15|   16|     1|          240|
    |layer_in_row_Array_V_1194_18_U  |cnnshift_arr_ap_fixed_ap_fixed_16_4_5_3_0_config12_s_layec7D  |        0|  0|   8|    0|    15|   16|     1|          240|
    |layer_in_row_Array_V_1194_19_U  |cnnshift_arr_ap_fixed_ap_fixed_16_4_5_3_0_config12_s_layec7D  |        0|  0|   8|    0|    15|   16|     1|          240|
    |layer_in_row_Array_V_1194_20_U  |cnnshift_arr_ap_fixed_ap_fixed_16_4_5_3_0_config12_s_layec7D  |        0|  0|   8|    0|    15|   16|     1|          240|
    |layer_in_row_Array_V_1194_21_U  |cnnshift_arr_ap_fixed_ap_fixed_16_4_5_3_0_config12_s_layec7D  |        0|  0|   8|    0|    15|   16|     1|          240|
    |layer_in_row_Array_V_1194_22_U  |cnnshift_arr_ap_fixed_ap_fixed_16_4_5_3_0_config12_s_layec7D  |        0|  0|   8|    0|    15|   16|     1|          240|
    |layer_in_row_Array_V_1194_23_U  |cnnshift_arr_ap_fixed_ap_fixed_16_4_5_3_0_config12_s_layec7D  |        0|  0|   8|    0|    15|   16|     1|          240|
    |layer_in_row_Array_V_1194_24_U  |cnnshift_arr_ap_fixed_ap_fixed_16_4_5_3_0_config12_s_layec7D  |        0|  0|   8|    0|    15|   16|     1|          240|
    |layer_in_row_Array_V_1194_25_U  |cnnshift_arr_ap_fixed_ap_fixed_16_4_5_3_0_config12_s_layec7D  |        0|  0|   8|    0|    15|   16|     1|          240|
    |layer_in_row_Array_V_1194_26_U  |cnnshift_arr_ap_fixed_ap_fixed_16_4_5_3_0_config12_s_layec7D  |        0|  0|   8|    0|    15|   16|     1|          240|
    |layer_in_row_Array_V_1194_27_U  |cnnshift_arr_ap_fixed_ap_fixed_16_4_5_3_0_config12_s_layec7D  |        0|  0|   8|    0|    15|   16|     1|          240|
    |layer_in_row_Array_V_1194_28_U  |cnnshift_arr_ap_fixed_ap_fixed_16_4_5_3_0_config12_s_layec7D  |        0|  0|   8|    0|    15|   16|     1|          240|
    |layer_in_row_Array_V_1194_29_U  |cnnshift_arr_ap_fixed_ap_fixed_16_4_5_3_0_config12_s_layec7D  |        0|  0|   8|    0|    15|   16|     1|          240|
    |layer_in_row_Array_V_1194_30_U  |cnnshift_arr_ap_fixed_ap_fixed_16_4_5_3_0_config12_s_layec7D  |        0|  0|   8|    0|    15|   16|     1|          240|
    |layer_in_row_Array_V_1194_31_U  |cnnshift_arr_ap_fixed_ap_fixed_16_4_5_3_0_config12_s_layec7D  |        0|  0|   8|    0|    15|   16|     1|          240|
    |layer_in_row_Array_V_1194_32_U  |cnnshift_arr_ap_fixed_ap_fixed_16_4_5_3_0_config12_s_layec7D  |        0|  0|   8|    0|    15|   16|     1|          240|
    |layer_in_row_Array_V_1194_33_U  |cnnshift_arr_ap_fixed_ap_fixed_16_4_5_3_0_config12_s_layec7D  |        0|  0|   8|    0|    15|   16|     1|          240|
    |layer_in_row_Array_V_1194_34_U  |cnnshift_arr_ap_fixed_ap_fixed_16_4_5_3_0_config12_s_layec7D  |        0|  0|   8|    0|    15|   16|     1|          240|
    |layer_in_row_Array_V_1194_35_U  |cnnshift_arr_ap_fixed_ap_fixed_16_4_5_3_0_config12_s_layec7D  |        0|  0|   8|    0|    15|   16|     1|          240|
    |layer_in_row_Array_V_1194_36_U  |cnnshift_arr_ap_fixed_ap_fixed_16_4_5_3_0_config12_s_layec7D  |        0|  0|   8|    0|    15|   16|     1|          240|
    |layer_in_row_Array_V_1194_37_U  |cnnshift_arr_ap_fixed_ap_fixed_16_4_5_3_0_config12_s_layec7D  |        0|  0|   8|    0|    15|   16|     1|          240|
    |layer_in_row_Array_V_1194_38_U  |cnnshift_arr_ap_fixed_ap_fixed_16_4_5_3_0_config12_s_layec7D  |        0|  0|   8|    0|    15|   16|     1|          240|
    |layer_in_row_Array_V_1194_39_U  |cnnshift_arr_ap_fixed_ap_fixed_16_4_5_3_0_config12_s_layec7D  |        0|  0|   8|    0|    15|   16|     1|          240|
    |layer_in_row_Array_V_1194_40_U  |cnnshift_arr_ap_fixed_ap_fixed_16_4_5_3_0_config12_s_layec7D  |        0|  0|   8|    0|    15|   16|     1|          240|
    |layer_in_row_Array_V_1194_41_U  |cnnshift_arr_ap_fixed_ap_fixed_16_4_5_3_0_config12_s_layec7D  |        0|  0|   8|    0|    15|   16|     1|          240|
    |layer_in_row_Array_V_1194_42_U  |cnnshift_arr_ap_fixed_ap_fixed_16_4_5_3_0_config12_s_layec7D  |        0|  0|   8|    0|    15|   16|     1|          240|
    |layer_in_row_Array_V_1194_43_U  |cnnshift_arr_ap_fixed_ap_fixed_16_4_5_3_0_config12_s_layec7D  |        0|  0|   8|    0|    15|   16|     1|          240|
    |layer_in_row_Array_V_1194_44_U  |cnnshift_arr_ap_fixed_ap_fixed_16_4_5_3_0_config12_s_layec7D  |        0|  0|   8|    0|    15|   16|     1|          240|
    |layer_in_row_Array_V_1194_45_U  |cnnshift_arr_ap_fixed_ap_fixed_16_4_5_3_0_config12_s_layec7D  |        0|  0|   8|    0|    15|   16|     1|          240|
    |layer_in_row_Array_V_1194_46_U  |cnnshift_arr_ap_fixed_ap_fixed_16_4_5_3_0_config12_s_layec7D  |        0|  0|   8|    0|    15|   16|     1|          240|
    |layer_in_row_Array_V_1194_47_U  |cnnshift_arr_ap_fixed_ap_fixed_16_4_5_3_0_config12_s_layec7D  |        0|  0|   8|    0|    15|   16|     1|          240|
    |layer_in_row_Array_V_1194_48_U  |cnnshift_arr_ap_fixed_ap_fixed_16_4_5_3_0_config12_s_layec7D  |        0|  0|   8|    0|    15|   16|     1|          240|
    |layer_in_row_Array_V_1194_49_U  |cnnshift_arr_ap_fixed_ap_fixed_16_4_5_3_0_config12_s_layec7D  |        0|  0|   8|    0|    15|   16|     1|          240|
    |layer_in_row_Array_V_1194_50_U  |cnnshift_arr_ap_fixed_ap_fixed_16_4_5_3_0_config12_s_layec7D  |        0|  0|   8|    0|    15|   16|     1|          240|
    |layer_in_row_Array_V_1194_51_U  |cnnshift_arr_ap_fixed_ap_fixed_16_4_5_3_0_config12_s_layec7D  |        0|  0|   8|    0|    15|   16|     1|          240|
    |layer_in_row_Array_V_1194_52_U  |cnnshift_arr_ap_fixed_ap_fixed_16_4_5_3_0_config12_s_layec7D  |        0|  0|   8|    0|    15|   16|     1|          240|
    |layer_in_row_Array_V_1194_53_U  |cnnshift_arr_ap_fixed_ap_fixed_16_4_5_3_0_config12_s_layec7D  |        0|  0|   8|    0|    15|   16|     1|          240|
    |layer_in_row_Array_V_1194_54_U  |cnnshift_arr_ap_fixed_ap_fixed_16_4_5_3_0_config12_s_layec7D  |        0|  0|   8|    0|    15|   16|     1|          240|
    |layer_in_row_Array_V_1194_55_U  |cnnshift_arr_ap_fixed_ap_fixed_16_4_5_3_0_config12_s_layec7D  |        0|  0|   8|    0|    15|   16|     1|          240|
    |layer_in_row_Array_V_1194_56_U  |cnnshift_arr_ap_fixed_ap_fixed_16_4_5_3_0_config12_s_layec7D  |        0|  0|   8|    0|    15|   16|     1|          240|
    |layer_in_row_Array_V_1194_57_U  |cnnshift_arr_ap_fixed_ap_fixed_16_4_5_3_0_config12_s_layec7D  |        0|  0|   8|    0|    15|   16|     1|          240|
    |layer_in_row_Array_V_1194_58_U  |cnnshift_arr_ap_fixed_ap_fixed_16_4_5_3_0_config12_s_layec7D  |        0|  0|   8|    0|    15|   16|     1|          240|
    |layer_in_row_Array_V_1194_59_U  |cnnshift_arr_ap_fixed_ap_fixed_16_4_5_3_0_config12_s_layec7D  |        0|  0|   8|    0|    15|   16|     1|          240|
    |layer_in_row_Array_V_1194_60_U  |cnnshift_arr_ap_fixed_ap_fixed_16_4_5_3_0_config12_s_layec7D  |        0|  0|   8|    0|    15|   16|     1|          240|
    |layer_in_row_Array_V_1194_61_U  |cnnshift_arr_ap_fixed_ap_fixed_16_4_5_3_0_config12_s_layec7D  |        0|  0|   8|    0|    15|   16|     1|          240|
    |layer_in_row_Array_V_1194_62_U  |cnnshift_arr_ap_fixed_ap_fixed_16_4_5_3_0_config12_s_layec7D  |        0|  0|   8|    0|    15|   16|     1|          240|
    |layer_in_row_Array_V_1194_63_U  |cnnshift_arr_ap_fixed_ap_fixed_16_4_5_3_0_config12_s_layec7D  |        0|  0|   8|    0|    15|   16|     1|          240|
    |tmpinput_V_U                    |cnnshift_arr_ap_fixed_ap_fixed_16_4_5_3_0_config12_s_tmpifbY  |        1|  0|   0|    0|   192|   16|     1|         3072|
    +--------------------------------+--------------------------------------------------------------+---------+---+----+-----+------+-----+------+-------------+
    |Total                           |                                                              |        1|  0|1024|    0|  2112| 2064|   129|        33792|
    +--------------------------------+--------------------------------------------------------------+---------+---+----+-----+------+-----+------+-------------+

    * FIFO: 
    N/A

    * Expression: 
    +-------------------------+----------+-------+---+----+------------+------------+
    |      Variable Name      | Operation| DSP48E| FF| LUT| Bitwidth P0| Bitwidth P1|
    +-------------------------+----------+-------+---+----+------------+------------+
    |add_ln126_13_fu_2461_p2  |     +    |      0|  0|  15|           8|           8|
    |add_ln126_14_fu_2470_p2  |     +    |      0|  0|  18|          11|          11|
    |add_ln126_15_fu_2475_p2  |     +    |      0|  0|  15|           8|           8|
    |add_ln126_16_fu_2484_p2  |     +    |      0|  0|  18|          11|          11|
    |add_ln126_fu_2397_p2     |     +    |      0|  0|  15|           7|           8|
    |add_ln134_fu_2571_p2     |     +    |      0|  0|  17|          10|          10|
    |add_ln156_fu_1169_p2     |     +    |      0|  0|  16|           9|           9|
    |add_ln203_5_fu_2580_p2   |     +    |      0|  0|  16|           9|           9|
    |add_ln203_fu_2353_p2     |     +    |      0|  0|  16|           9|           9|
    |i0_4_fu_2375_p2          |     +    |      0|  0|   9|           2|           1|
    |i0_fu_1117_p2            |     +    |      0|  0|  15|           7|           1|
    |i1_7_fu_2511_p2          |     +    |      0|  0|   9|           2|           1|
    |i1_8_fu_2409_p2          |     +    |      0|  0|   9|           2|           1|
    |i1_fu_2363_p2            |     +    |      0|  0|   9|           2|           1|
    |i2_4_fu_2455_p2          |     +    |      0|  0|  15|           7|           1|
    |i2_fu_2553_p2            |     +    |      0|  0|  15|           7|           1|
    |sub_ln126_fu_2439_p2     |     -    |      0|  0|  18|          11|          11|
    |sub_ln134_fu_2537_p2     |     -    |      0|  0|  17|          10|          10|
    |sub_ln158_fu_2335_p2     |     -    |      0|  0|  11|           3|           2|
    |icmp_ln122_fu_2369_p2    |   icmp   |      0|  0|   9|           2|           3|
    |icmp_ln124_fu_2403_p2    |   icmp   |      0|  0|   8|           2|           2|
    |icmp_ln125_fu_2449_p2    |   icmp   |      0|  0|  11|           7|           8|
    |icmp_ln131_fu_2505_p2    |   icmp   |      0|  0|   8|           2|           2|
    |icmp_ln133_fu_2547_p2    |   icmp   |      0|  0|  11|           7|           8|
    |icmp_ln151_fu_1111_p2    |   icmp   |      0|  0|  11|           7|           8|
    |icmp_ln154_fu_1145_p2    |   icmp   |      0|  0|   8|           2|           2|
    |xor_ln156_fu_1151_p2     |    xor   |      0|  0|   2|           2|           2|
    +-------------------------+----------+-------+---+----+------------+------------+
    |Total                    |          |      0|  0| 341|         166|         148|
    +-------------------------+----------+-------+---+----+------------+------------+

    * Multiplexer: 
    +---------------------+-----+-----------+-----+-----------+
    |         Name        | LUT | Input Size| Bits| Total Bits|
    +---------------------+-----+-----------+-----+-----------+
    |DataOut_V_0_reg_794  |  545|        128|   16|       2048|
    |ap_NS_fsm            |   85|         17|    1|         17|
    |i0_0_i_reg_1056      |    9|          2|    2|          4|
    |i0_0_reg_770         |    9|          2|    7|         14|
    |i11_0_i_reg_1089     |    9|          2|    2|          4|
    |i1_0_i_reg_1067      |    9|          2|    2|          4|
    |i1_0_reg_782         |    9|          2|    2|          4|
    |i22_0_i_reg_1100     |    9|          2|    7|         14|
    |i2_0_i_reg_1078      |    9|          2|    7|         14|
    |output_V_address0    |   21|          4|   10|         40|
    |output_V_d0          |   15|          3|   16|         48|
    |tmpinput_V_address0  |   27|          5|    8|         40|
    |tmpinput_V_d0        |   15|          3|   16|         48|
    +---------------------+-----+-----------+-----+-----------+
    |Total                |  771|        174|   96|       2299|
    +---------------------+-----+-----------+-----+-----------+

    * Register: 
    +------------------------+----+----+-----+-----------+
    |          Name          | FF | LUT| Bits| Const Bits|
    +------------------------+----+----+-----+-----------+
    |DataOut_V_0_reg_794     |  16|   0|   16|          0|
    |add_ln126_14_reg_3445   |  11|   0|   11|          0|
    |add_ln126_16_reg_3450   |  11|   0|   11|          0|
    |add_ln126_reg_3418      |   2|   0|    8|          6|
    |add_ln134_reg_3486      |  10|   0|   10|          0|
    |ap_CS_fsm               |  16|   0|   16|          0|
    |i0_0_i_reg_1056         |   2|   0|    2|          0|
    |i0_0_reg_770            |   7|   0|    7|          0|
    |i0_4_reg_3408           |   2|   0|    2|          0|
    |i0_reg_2597             |   7|   0|    7|          0|
    |i11_0_i_reg_1089        |   2|   0|    2|          0|
    |i1_0_i_reg_1067         |   2|   0|    2|          0|
    |i1_0_reg_782            |   2|   0|    2|          0|
    |i1_7_reg_3463           |   2|   0|    2|          0|
    |i1_8_reg_3426           |   2|   0|    2|          0|
    |i22_0_i_reg_1100        |   7|   0|    7|          0|
    |i2_0_i_reg_1078         |   7|   0|    7|          0|
    |i2_4_reg_3440           |   7|   0|    7|          0|
    |i2_reg_3481             |   7|   0|    7|          0|
    |sub_ln126_reg_3431      |   5|   0|   11|          6|
    |sub_ln134_reg_3468      |   4|   0|   10|          6|
    |tmp1_V_reg_2625         |  16|   0|   16|          0|
    |trunc_ln114_reg_2613    |   6|   0|    6|          0|
    |zext_ln126_17_reg_3413  |   1|   0|    8|          7|
    |zext_ln133_reg_3473     |   2|   0|    9|          7|
    |zext_ln203_reg_2607     |   7|   0|    9|          2|
    +------------------------+----+----+-----+-----------+
    |Total                   | 163|   0|  197|         34|
    +------------------------+----+----+-----+-----------+



================================================================
== Interface
================================================================
* Summary: 
+-------------------+-----+-----+------------+------------------------------------------------------+--------------+
|     RTL Ports     | Dir | Bits|  Protocol  |                     Source Object                    |    C Type    |
+-------------------+-----+-----+------------+------------------------------------------------------+--------------+
|ap_clk             |  in |    1| ap_ctrl_hs | cnnshift_arr<ap_fixed,ap_fixed<16,4,5,3,0>,config12> | return value |
|ap_rst             |  in |    1| ap_ctrl_hs | cnnshift_arr<ap_fixed,ap_fixed<16,4,5,3,0>,config12> | return value |
|ap_start           |  in |    1| ap_ctrl_hs | cnnshift_arr<ap_fixed,ap_fixed<16,4,5,3,0>,config12> | return value |
|ap_done            | out |    1| ap_ctrl_hs | cnnshift_arr<ap_fixed,ap_fixed<16,4,5,3,0>,config12> | return value |
|ap_idle            | out |    1| ap_ctrl_hs | cnnshift_arr<ap_fixed,ap_fixed<16,4,5,3,0>,config12> | return value |
|ap_ready           | out |    1| ap_ctrl_hs | cnnshift_arr<ap_fixed,ap_fixed<16,4,5,3,0>,config12> | return value |
|data_V_address0    | out |    6|  ap_memory |                        data_V                        |     array    |
|data_V_ce0         | out |    1|  ap_memory |                        data_V                        |     array    |
|data_V_q0          |  in |   16|  ap_memory |                        data_V                        |     array    |
|output_V_address0  | out |   10|  ap_memory |                       output_V                       |     array    |
|output_V_ce0       | out |    1|  ap_memory |                       output_V                       |     array    |
|output_V_we0       | out |    1|  ap_memory |                       output_V                       |     array    |
|output_V_d0        | out |   16|  ap_memory |                       output_V                       |     array    |
|output_V_q0        |  in |   16|  ap_memory |                       output_V                       |     array    |
+-------------------+-----+-----+------------+------------------------------------------------------+--------------+

