

================================================================
== Vivado HLS Report for 'conv_2d_cl_me_ap_fixed_ap_fixed_16_4_5_3_0_config5_s'
================================================================
* Date:           Fri Aug  5 17:06:56 2022

* Version:        2019.2 (Build 2704478 on Wed Nov 06 22:10:23 MST 2019)
* Project:        myproject_prj
* Solution:       solution1
* Product family: kintexu
* Target device:  xcku115-flvb2104-2-i


================================================================
== Performance Estimates
================================================================
+ Timing: 
    * Summary: 
    +--------+---------+----------+------------+
    |  Clock |  Target | Estimated| Uncertainty|
    +--------+---------+----------+------------+
    |ap_clk  | 5.00 ns | 4.290 ns |   0.62 ns  |
    +--------+---------+----------+------------+

+ Latency: 
    * Summary: 
    +---------+---------+----------+----------+--------+---------+---------+
    |  Latency (cycles) |  Latency (absolute) |     Interval     | Pipeline|
    |   min   |   max   |    min   |    max   |   min  |   max   |   Type  |
    +---------+---------+----------+----------+--------+---------+---------+
    |   948225|  1328129| 4.741 ms | 6.641 ms |  948225|  1328129|   none  |
    +---------+---------+----------+----------+--------+---------+---------+

    + Detail: 
        * Instance: 
        +-------------------------------------------------------------------+-------------------------------------------------------+---------+---------+----------+----------+-----+-----+----------+
        |                                                                   |                                                       |  Latency (cycles) |  Latency (absolute) |  Interval | Pipeline |
        |                              Instance                             |                         Module                        |   min   |   max   |    min   |    max   | min | max |   Type   |
        +-------------------------------------------------------------------+-------------------------------------------------------+---------+---------+----------+----------+-----+-----+----------+
        |grp_cnnshift_arr_ap_fixed_ap_fixed_16_4_5_3_0_config5_s_fu_1253    |cnnshift_arr_ap_fixed_ap_fixed_16_4_5_3_0_config5_s    |      889|      889| 4.445 us | 4.445 us |  889|  889|   none   |
        |grp_product_dense_ap_fixed_ap_fixed_ap_fixed_16_4_5_3_0_s_fu_1388  |product_dense_ap_fixed_ap_fixed_ap_fixed_16_4_5_3_0_s  |        1|        1| 5.000 ns | 5.000 ns |    1|    1| function |
        |grp_product_dense_ap_fixed_ap_fixed_ap_fixed_16_4_5_3_0_s_fu_1394  |product_dense_ap_fixed_ap_fixed_ap_fixed_16_4_5_3_0_s  |        1|        1| 5.000 ns | 5.000 ns |    1|    1| function |
        |grp_product_dense_ap_fixed_ap_fixed_ap_fixed_16_4_5_3_0_s_fu_1400  |product_dense_ap_fixed_ap_fixed_ap_fixed_16_4_5_3_0_s  |        1|        1| 5.000 ns | 5.000 ns |    1|    1| function |
        |grp_product_dense_ap_fixed_ap_fixed_ap_fixed_16_4_5_3_0_s_fu_1406  |product_dense_ap_fixed_ap_fixed_ap_fixed_16_4_5_3_0_s  |        1|        1| 5.000 ns | 5.000 ns |    1|    1| function |
        |grp_product_dense_ap_fixed_ap_fixed_ap_fixed_16_4_5_3_0_s_fu_1412  |product_dense_ap_fixed_ap_fixed_ap_fixed_16_4_5_3_0_s  |        1|        1| 5.000 ns | 5.000 ns |    1|    1| function |
        |grp_product_dense_ap_fixed_ap_fixed_ap_fixed_16_4_5_3_0_s_fu_1418  |product_dense_ap_fixed_ap_fixed_ap_fixed_16_4_5_3_0_s  |        1|        1| 5.000 ns | 5.000 ns |    1|    1| function |
        |grp_product_dense_ap_fixed_ap_fixed_ap_fixed_16_4_5_3_0_s_fu_1424  |product_dense_ap_fixed_ap_fixed_ap_fixed_16_4_5_3_0_s  |        1|        1| 5.000 ns | 5.000 ns |    1|    1| function |
        |grp_product_dense_ap_fixed_ap_fixed_ap_fixed_16_4_5_3_0_s_fu_1430  |product_dense_ap_fixed_ap_fixed_ap_fixed_16_4_5_3_0_s  |        1|        1| 5.000 ns | 5.000 ns |    1|    1| function |
        |grp_product_dense_ap_fixed_ap_fixed_ap_fixed_16_4_5_3_0_s_fu_1436  |product_dense_ap_fixed_ap_fixed_ap_fixed_16_4_5_3_0_s  |        1|        1| 5.000 ns | 5.000 ns |    1|    1| function |
        |grp_product_dense_ap_fixed_ap_fixed_ap_fixed_16_4_5_3_0_s_fu_1442  |product_dense_ap_fixed_ap_fixed_ap_fixed_16_4_5_3_0_s  |        1|        1| 5.000 ns | 5.000 ns |    1|    1| function |
        |grp_product_dense_ap_fixed_ap_fixed_ap_fixed_16_4_5_3_0_s_fu_1448  |product_dense_ap_fixed_ap_fixed_ap_fixed_16_4_5_3_0_s  |        1|        1| 5.000 ns | 5.000 ns |    1|    1| function |
        |grp_product_dense_ap_fixed_ap_fixed_ap_fixed_16_4_5_3_0_s_fu_1454  |product_dense_ap_fixed_ap_fixed_ap_fixed_16_4_5_3_0_s  |        1|        1| 5.000 ns | 5.000 ns |    1|    1| function |
        |grp_product_dense_ap_fixed_ap_fixed_ap_fixed_16_4_5_3_0_s_fu_1460  |product_dense_ap_fixed_ap_fixed_ap_fixed_16_4_5_3_0_s  |        1|        1| 5.000 ns | 5.000 ns |    1|    1| function |
        |grp_product_dense_ap_fixed_ap_fixed_ap_fixed_16_4_5_3_0_s_fu_1466  |product_dense_ap_fixed_ap_fixed_ap_fixed_16_4_5_3_0_s  |        1|        1| 5.000 ns | 5.000 ns |    1|    1| function |
        |grp_product_dense_ap_fixed_ap_fixed_ap_fixed_16_4_5_3_0_s_fu_1472  |product_dense_ap_fixed_ap_fixed_ap_fixed_16_4_5_3_0_s  |        1|        1| 5.000 ns | 5.000 ns |    1|    1| function |
        |grp_product_dense_ap_fixed_ap_fixed_ap_fixed_16_4_5_3_0_s_fu_1478  |product_dense_ap_fixed_ap_fixed_ap_fixed_16_4_5_3_0_s  |        1|        1| 5.000 ns | 5.000 ns |    1|    1| function |
        |grp_product_dense_ap_fixed_ap_fixed_ap_fixed_16_4_5_3_0_s_fu_1484  |product_dense_ap_fixed_ap_fixed_ap_fixed_16_4_5_3_0_s  |        1|        1| 5.000 ns | 5.000 ns |    1|    1| function |
        |grp_product_dense_ap_fixed_ap_fixed_ap_fixed_16_4_5_3_0_s_fu_1490  |product_dense_ap_fixed_ap_fixed_ap_fixed_16_4_5_3_0_s  |        1|        1| 5.000 ns | 5.000 ns |    1|    1| function |
        |grp_product_dense_ap_fixed_ap_fixed_ap_fixed_16_4_5_3_0_s_fu_1496  |product_dense_ap_fixed_ap_fixed_ap_fixed_16_4_5_3_0_s  |        1|        1| 5.000 ns | 5.000 ns |    1|    1| function |
        |grp_product_dense_ap_fixed_ap_fixed_ap_fixed_16_4_5_3_0_s_fu_1502  |product_dense_ap_fixed_ap_fixed_ap_fixed_16_4_5_3_0_s  |        1|        1| 5.000 ns | 5.000 ns |    1|    1| function |
        |grp_product_dense_ap_fixed_ap_fixed_ap_fixed_16_4_5_3_0_s_fu_1508  |product_dense_ap_fixed_ap_fixed_ap_fixed_16_4_5_3_0_s  |        1|        1| 5.000 ns | 5.000 ns |    1|    1| function |
        |grp_product_dense_ap_fixed_ap_fixed_ap_fixed_16_4_5_3_0_s_fu_1514  |product_dense_ap_fixed_ap_fixed_ap_fixed_16_4_5_3_0_s  |        1|        1| 5.000 ns | 5.000 ns |    1|    1| function |
        |grp_product_dense_ap_fixed_ap_fixed_ap_fixed_16_4_5_3_0_s_fu_1520  |product_dense_ap_fixed_ap_fixed_ap_fixed_16_4_5_3_0_s  |        1|        1| 5.000 ns | 5.000 ns |    1|    1| function |
        |grp_product_dense_ap_fixed_ap_fixed_ap_fixed_16_4_5_3_0_s_fu_1526  |product_dense_ap_fixed_ap_fixed_ap_fixed_16_4_5_3_0_s  |        1|        1| 5.000 ns | 5.000 ns |    1|    1| function |
        |grp_product_dense_ap_fixed_ap_fixed_ap_fixed_16_4_5_3_0_s_fu_1532  |product_dense_ap_fixed_ap_fixed_ap_fixed_16_4_5_3_0_s  |        1|        1| 5.000 ns | 5.000 ns |    1|    1| function |
        |grp_product_dense_ap_fixed_ap_fixed_ap_fixed_16_4_5_3_0_s_fu_1538  |product_dense_ap_fixed_ap_fixed_ap_fixed_16_4_5_3_0_s  |        1|        1| 5.000 ns | 5.000 ns |    1|    1| function |
        |grp_product_dense_ap_fixed_ap_fixed_ap_fixed_16_4_5_3_0_s_fu_1544  |product_dense_ap_fixed_ap_fixed_ap_fixed_16_4_5_3_0_s  |        1|        1| 5.000 ns | 5.000 ns |    1|    1| function |
        |grp_product_dense_ap_fixed_ap_fixed_ap_fixed_16_4_5_3_0_s_fu_1550  |product_dense_ap_fixed_ap_fixed_ap_fixed_16_4_5_3_0_s  |        1|        1| 5.000 ns | 5.000 ns |    1|    1| function |
        |grp_product_dense_ap_fixed_ap_fixed_ap_fixed_16_4_5_3_0_s_fu_1556  |product_dense_ap_fixed_ap_fixed_ap_fixed_16_4_5_3_0_s  |        1|        1| 5.000 ns | 5.000 ns |    1|    1| function |
        |grp_product_dense_ap_fixed_ap_fixed_ap_fixed_16_4_5_3_0_s_fu_1562  |product_dense_ap_fixed_ap_fixed_ap_fixed_16_4_5_3_0_s  |        1|        1| 5.000 ns | 5.000 ns |    1|    1| function |
        |grp_product_dense_ap_fixed_ap_fixed_ap_fixed_16_4_5_3_0_s_fu_1568  |product_dense_ap_fixed_ap_fixed_ap_fixed_16_4_5_3_0_s  |        1|        1| 5.000 ns | 5.000 ns |    1|    1| function |
        |grp_product_dense_ap_fixed_ap_fixed_ap_fixed_16_4_5_3_0_s_fu_1574  |product_dense_ap_fixed_ap_fixed_ap_fixed_16_4_5_3_0_s  |        1|        1| 5.000 ns | 5.000 ns |    1|    1| function |
        +-------------------------------------------------------------------+-------------------------------------------------------+---------+---------+----------+----------+-----+-----+----------+

        * Loop: 
        +-------------+---------+---------+------------+-----------+-----------+------+----------+
        |             |  Latency (cycles) |  Iteration |  Initiation Interval  | Trip |          |
        |  Loop Name  |   min   |   max   |   Latency  |  achieved |   target  | Count| Pipelined|
        +-------------+---------+---------+------------+-----------+-----------+------+----------+
        |- Loop 1     |   948224|  1328128| 926 ~ 1297 |          -|          -|  1024|    no    |
        | + Loop 1.1  |       32|       32|           1|          -|          -|    32|    no    |
        | + Loop 1.2  |      290|      290|           4|          1|          1|   288|    yes   |
        | + CastLoop  |       64|       64|           2|          -|          -|    32|    no    |
        +-------------+---------+---------+------------+-----------+-----------+------+----------+



================================================================
== Utilization Estimates
================================================================
* Summary: 
+---------------------+---------+-------+---------+--------+-----+
|         Name        | BRAM_18K| DSP48E|    FF   |   LUT  | URAM|
+---------------------+---------+-------+---------+--------+-----+
|DSP                  |        -|      -|        -|       -|    -|
|Expression           |        -|      -|        0|    1210|    -|
|FIFO                 |        -|      -|        -|       -|    -|
|Instance             |        1|     32|     1339|    2118|    0|
|Memory               |        8|      -|       32|       8|    0|
|Multiplexer          |        -|      -|        -|     995|    -|
|Register             |        0|      -|     1060|       1|    -|
+---------------------+---------+-------+---------+--------+-----+
|Total                |        9|     32|     2431|    4332|    0|
+---------------------+---------+-------+---------+--------+-----+
|Available SLR        |     2160|   2760|   663360|  331680|    0|
+---------------------+---------+-------+---------+--------+-----+
|Utilization SLR (%)  |    ~0   |      1|    ~0   |       1|  100|
+---------------------+---------+-------+---------+--------+-----+
|Available            |     4320|   5520|  1326720|  663360|    0|
+---------------------+---------+-------+---------+--------+-----+
|Utilization (%)      |    ~0   |   ~0  |    ~0   |   ~0   |    0|
+---------------------+---------+-------+---------+--------+-----+

+ Detail: 
    * Instance: 
    +-------------------------------------------------------------------+-------------------------------------------------------+---------+-------+-----+------+-----+
    |                              Instance                             |                         Module                        | BRAM_18K| DSP48E|  FF |  LUT | URAM|
    +-------------------------------------------------------------------+-------------------------------------------------------+---------+-------+-----+------+-----+
    |grp_cnnshift_arr_ap_fixed_ap_fixed_16_4_5_3_0_config5_s_fu_1253    |cnnshift_arr_ap_fixed_ap_fixed_16_4_5_3_0_config5_s    |        1|      0|  123|  1830|    0|
    |grp_product_dense_ap_fixed_ap_fixed_ap_fixed_16_4_5_3_0_s_fu_1388  |product_dense_ap_fixed_ap_fixed_ap_fixed_16_4_5_3_0_s  |        0|      1|   38|     9|    0|
    |grp_product_dense_ap_fixed_ap_fixed_ap_fixed_16_4_5_3_0_s_fu_1394  |product_dense_ap_fixed_ap_fixed_ap_fixed_16_4_5_3_0_s  |        0|      1|   38|     9|    0|
    |grp_product_dense_ap_fixed_ap_fixed_ap_fixed_16_4_5_3_0_s_fu_1400  |product_dense_ap_fixed_ap_fixed_ap_fixed_16_4_5_3_0_s  |        0|      1|   38|     9|    0|
    |grp_product_dense_ap_fixed_ap_fixed_ap_fixed_16_4_5_3_0_s_fu_1406  |product_dense_ap_fixed_ap_fixed_ap_fixed_16_4_5_3_0_s  |        0|      1|   38|     9|    0|
    |grp_product_dense_ap_fixed_ap_fixed_ap_fixed_16_4_5_3_0_s_fu_1412  |product_dense_ap_fixed_ap_fixed_ap_fixed_16_4_5_3_0_s  |        0|      1|   38|     9|    0|
    |grp_product_dense_ap_fixed_ap_fixed_ap_fixed_16_4_5_3_0_s_fu_1418  |product_dense_ap_fixed_ap_fixed_ap_fixed_16_4_5_3_0_s  |        0|      1|   38|     9|    0|
    |grp_product_dense_ap_fixed_ap_fixed_ap_fixed_16_4_5_3_0_s_fu_1424  |product_dense_ap_fixed_ap_fixed_ap_fixed_16_4_5_3_0_s  |        0|      1|   38|     9|    0|
    |grp_product_dense_ap_fixed_ap_fixed_ap_fixed_16_4_5_3_0_s_fu_1430  |product_dense_ap_fixed_ap_fixed_ap_fixed_16_4_5_3_0_s  |        0|      1|   38|     9|    0|
    |grp_product_dense_ap_fixed_ap_fixed_ap_fixed_16_4_5_3_0_s_fu_1436  |product_dense_ap_fixed_ap_fixed_ap_fixed_16_4_5_3_0_s  |        0|      1|   38|     9|    0|
    |grp_product_dense_ap_fixed_ap_fixed_ap_fixed_16_4_5_3_0_s_fu_1442  |product_dense_ap_fixed_ap_fixed_ap_fixed_16_4_5_3_0_s  |        0|      1|   38|     9|    0|
    |grp_product_dense_ap_fixed_ap_fixed_ap_fixed_16_4_5_3_0_s_fu_1448  |product_dense_ap_fixed_ap_fixed_ap_fixed_16_4_5_3_0_s  |        0|      1|   38|     9|    0|
    |grp_product_dense_ap_fixed_ap_fixed_ap_fixed_16_4_5_3_0_s_fu_1454  |product_dense_ap_fixed_ap_fixed_ap_fixed_16_4_5_3_0_s  |        0|      1|   38|     9|    0|
    |grp_product_dense_ap_fixed_ap_fixed_ap_fixed_16_4_5_3_0_s_fu_1460  |product_dense_ap_fixed_ap_fixed_ap_fixed_16_4_5_3_0_s  |        0|      1|   38|     9|    0|
    |grp_product_dense_ap_fixed_ap_fixed_ap_fixed_16_4_5_3_0_s_fu_1466  |product_dense_ap_fixed_ap_fixed_ap_fixed_16_4_5_3_0_s  |        0|      1|   38|     9|    0|
    |grp_product_dense_ap_fixed_ap_fixed_ap_fixed_16_4_5_3_0_s_fu_1472  |product_dense_ap_fixed_ap_fixed_ap_fixed_16_4_5_3_0_s  |        0|      1|   38|     9|    0|
    |grp_product_dense_ap_fixed_ap_fixed_ap_fixed_16_4_5_3_0_s_fu_1478  |product_dense_ap_fixed_ap_fixed_ap_fixed_16_4_5_3_0_s  |        0|      1|   38|     9|    0|
    |grp_product_dense_ap_fixed_ap_fixed_ap_fixed_16_4_5_3_0_s_fu_1484  |product_dense_ap_fixed_ap_fixed_ap_fixed_16_4_5_3_0_s  |        0|      1|   38|     9|    0|
    |grp_product_dense_ap_fixed_ap_fixed_ap_fixed_16_4_5_3_0_s_fu_1490  |product_dense_ap_fixed_ap_fixed_ap_fixed_16_4_5_3_0_s  |        0|      1|   38|     9|    0|
    |grp_product_dense_ap_fixed_ap_fixed_ap_fixed_16_4_5_3_0_s_fu_1496  |product_dense_ap_fixed_ap_fixed_ap_fixed_16_4_5_3_0_s  |        0|      1|   38|     9|    0|
    |grp_product_dense_ap_fixed_ap_fixed_ap_fixed_16_4_5_3_0_s_fu_1502  |product_dense_ap_fixed_ap_fixed_ap_fixed_16_4_5_3_0_s  |        0|      1|   38|     9|    0|
    |grp_product_dense_ap_fixed_ap_fixed_ap_fixed_16_4_5_3_0_s_fu_1508  |product_dense_ap_fixed_ap_fixed_ap_fixed_16_4_5_3_0_s  |        0|      1|   38|     9|    0|
    |grp_product_dense_ap_fixed_ap_fixed_ap_fixed_16_4_5_3_0_s_fu_1514  |product_dense_ap_fixed_ap_fixed_ap_fixed_16_4_5_3_0_s  |        0|      1|   38|     9|    0|
    |grp_product_dense_ap_fixed_ap_fixed_ap_fixed_16_4_5_3_0_s_fu_1520  |product_dense_ap_fixed_ap_fixed_ap_fixed_16_4_5_3_0_s  |        0|      1|   38|     9|    0|
    |grp_product_dense_ap_fixed_ap_fixed_ap_fixed_16_4_5_3_0_s_fu_1526  |product_dense_ap_fixed_ap_fixed_ap_fixed_16_4_5_3_0_s  |        0|      1|   38|     9|    0|
    |grp_product_dense_ap_fixed_ap_fixed_ap_fixed_16_4_5_3_0_s_fu_1532  |product_dense_ap_fixed_ap_fixed_ap_fixed_16_4_5_3_0_s  |        0|      1|   38|     9|    0|
    |grp_product_dense_ap_fixed_ap_fixed_ap_fixed_16_4_5_3_0_s_fu_1538  |product_dense_ap_fixed_ap_fixed_ap_fixed_16_4_5_3_0_s  |        0|      1|   38|     9|    0|
    |grp_product_dense_ap_fixed_ap_fixed_ap_fixed_16_4_5_3_0_s_fu_1544  |product_dense_ap_fixed_ap_fixed_ap_fixed_16_4_5_3_0_s  |        0|      1|   38|     9|    0|
    |grp_product_dense_ap_fixed_ap_fixed_ap_fixed_16_4_5_3_0_s_fu_1550  |product_dense_ap_fixed_ap_fixed_ap_fixed_16_4_5_3_0_s  |        0|      1|   38|     9|    0|
    |grp_product_dense_ap_fixed_ap_fixed_ap_fixed_16_4_5_3_0_s_fu_1556  |product_dense_ap_fixed_ap_fixed_ap_fixed_16_4_5_3_0_s  |        0|      1|   38|     9|    0|
    |grp_product_dense_ap_fixed_ap_fixed_ap_fixed_16_4_5_3_0_s_fu_1562  |product_dense_ap_fixed_ap_fixed_ap_fixed_16_4_5_3_0_s  |        0|      1|   38|     9|    0|
    |grp_product_dense_ap_fixed_ap_fixed_ap_fixed_16_4_5_3_0_s_fu_1568  |product_dense_ap_fixed_ap_fixed_ap_fixed_16_4_5_3_0_s  |        0|      1|   38|     9|    0|
    |grp_product_dense_ap_fixed_ap_fixed_ap_fixed_16_4_5_3_0_s_fu_1574  |product_dense_ap_fixed_ap_fixed_ap_fixed_16_4_5_3_0_s  |        0|      1|   38|     9|    0|
    +-------------------------------------------------------------------+-------------------------------------------------------+---------+-------+-----+------+-----+
    |Total                                                              |                                                       |        1|     32| 1339|  2118|    0|
    +-------------------------------------------------------------------+-------------------------------------------------------+---------+-------+-----+------+-----+

    * DSP48E: 
    N/A

    * Memory: 
    +----------------+--------------------------------------------------------------+---------+----+----+-----+------+-----+------+-------------+
    |     Memory     |                            Module                            | BRAM_18K| FF | LUT| URAM| Words| Bits| Banks| W*Bits*Banks|
    +----------------+--------------------------------------------------------------+---------+----+----+-----+------+-----+------+-------------+
    |layer_out_i_U   |conv_2d_cl_me_ap_fixed_ap_fixed_16_4_5_3_0_config2_s_layekbM  |        1|   0|   0|    0|    32|   16|     1|          512|
    |layer_in_V_8_U  |conv_2d_cl_me_ap_fixed_ap_fixed_16_4_5_3_0_config5_s_layebom  |        1|   0|   0|    0|   288|   16|     1|         4608|
    |tmpdata_V_U     |conv_2d_cl_me_ap_fixed_ap_fixed_16_4_5_3_0_config5_s_tmpdbpm  |        0|  32|   8|    0|    32|   16|     1|          512|
    |w5_V_U          |conv_2d_cl_me_ap_fixed_ap_fixed_16_4_5_3_0_config5_s_w5_V     |        6|   0|   0|    0|   288|  191|     1|        55008|
    +----------------+--------------------------------------------------------------+---------+----+----+-----+------+-----+------+-------------+
    |Total           |                                                              |        8|  32|   8|    0|   640|  239|     4|        60640|
    +----------------+--------------------------------------------------------------+---------+----+----+-----+------+-----+------+-------------+

    * FIFO: 
    N/A

    * Expression: 
    +-------------------------+----------+-------+---+----+------------+------------+
    |      Variable Name      | Operation| DSP48E| FF| LUT| Bitwidth P0| Bitwidth P1|
    +-------------------------+----------+-------+---+----+------------+------------+
    |acc_0_V_fu_2055_p2       |     +    |      0|  0|  23|          16|          16|
    |acc_10_V_fu_2115_p2      |     +    |      0|  0|  23|          16|          16|
    |acc_11_V_fu_2121_p2      |     +    |      0|  0|  23|          16|          16|
    |acc_12_V_fu_2127_p2      |     +    |      0|  0|  23|          16|          16|
    |acc_13_V_fu_2133_p2      |     +    |      0|  0|  23|          16|          16|
    |acc_14_V_fu_2139_p2      |     +    |      0|  0|  23|          16|          16|
    |acc_15_V_fu_2145_p2      |     +    |      0|  0|  23|          16|          16|
    |acc_16_V_fu_2151_p2      |     +    |      0|  0|  23|          16|          16|
    |acc_17_V_fu_2157_p2      |     +    |      0|  0|  23|          16|          16|
    |acc_18_V_fu_2163_p2      |     +    |      0|  0|  23|          16|          16|
    |acc_19_V_fu_2169_p2      |     +    |      0|  0|  23|          16|          16|
    |acc_1_V_fu_2061_p2       |     +    |      0|  0|  23|          16|          16|
    |acc_20_V_fu_2175_p2      |     +    |      0|  0|  23|          16|          16|
    |acc_21_V_fu_2181_p2      |     +    |      0|  0|  23|          16|          16|
    |acc_22_V_fu_2187_p2      |     +    |      0|  0|  23|          16|          16|
    |acc_23_V_fu_2193_p2      |     +    |      0|  0|  23|          16|          16|
    |acc_24_V_fu_2199_p2      |     +    |      0|  0|  23|          16|          16|
    |acc_25_V_fu_2205_p2      |     +    |      0|  0|  23|          16|          16|
    |acc_26_V_fu_2211_p2      |     +    |      0|  0|  23|          16|          16|
    |acc_27_V_fu_2217_p2      |     +    |      0|  0|  23|          16|          16|
    |acc_28_V_fu_2223_p2      |     +    |      0|  0|  23|          16|          16|
    |acc_29_V_fu_2229_p2      |     +    |      0|  0|  23|          16|          16|
    |acc_2_V_fu_2067_p2       |     +    |      0|  0|  23|          16|          16|
    |acc_30_V_fu_2235_p2      |     +    |      0|  0|  23|          16|          16|
    |acc_31_V_fu_2241_p2      |     +    |      0|  0|  23|          16|          16|
    |acc_3_V_fu_2073_p2       |     +    |      0|  0|  23|          16|          16|
    |acc_4_V_fu_2079_p2       |     +    |      0|  0|  23|          16|          16|
    |acc_5_V_fu_2085_p2       |     +    |      0|  0|  23|          16|          16|
    |acc_6_V_fu_2091_p2       |     +    |      0|  0|  23|          16|          16|
    |acc_7_V_fu_2097_p2       |     +    |      0|  0|  23|          16|          16|
    |acc_8_V_fu_2103_p2       |     +    |      0|  0|  23|          16|          16|
    |acc_9_V_fu_2109_p2       |     +    |      0|  0|  23|          16|          16|
    |add_ln245_fu_2329_p2     |     +    |      0|  0|  39|          32|           1|
    |add_ln247_fu_2341_p2     |     +    |      0|  0|  39|          32|           1|
    |add_ln250_fu_2270_p2     |     +    |      0|  0|  39|          32|           1|
    |add_ln252_fu_2282_p2     |     +    |      0|  0|  39|          32|           1|
    |i1_fu_1646_p2            |     +    |      0|  0|  15|           6|           1|
    |i_fu_1634_p2             |     +    |      0|  0|  18|          11|           1|
    |i_ic_fu_2253_p2          |     +    |      0|  0|  15|           6|           1|
    |ir_fu_1725_p2            |     +    |      0|  0|  16|           9|           1|
    |and_ln215_3_fu_1707_p2   |    and   |      0|  0|   2|           1|           1|
    |and_ln215_4_fu_1713_p2   |    and   |      0|  0|   2|           1|           1|
    |and_ln215_fu_1701_p2     |    and   |      0|  0|   2|           1|           1|
    |ap_block_state3          |    and   |      0|  0|   2|           1|           1|
    |icmp_ln206_fu_1628_p2    |   icmp   |      0|  0|  13|          11|          12|
    |icmp_ln208_fu_1640_p2    |   icmp   |      0|  0|  11|           6|           7|
    |icmp_ln215_4_fu_1663_p2  |   icmp   |      0|  0|  20|          32|           2|
    |icmp_ln215_5_fu_1679_p2  |   icmp   |      0|  0|  20|          31|           1|
    |icmp_ln215_6_fu_1695_p2  |   icmp   |      0|  0|  20|          31|           1|
    |icmp_ln215_fu_1657_p2    |   icmp   |      0|  0|  20|          32|           2|
    |icmp_ln226_fu_2247_p2    |   icmp   |      0|  0|  11|           6|           7|
    |icmp_ln237_fu_2264_p2    |   icmp   |      0|  0|  20|          32|           5|
    |icmp_ln241_fu_2323_p2    |   icmp   |      0|  0|  20|          32|           5|
    |icmp_ln336_fu_1719_p2    |   icmp   |      0|  0|  13|           9|           9|
    |ap_block_state1          |    or    |      0|  0|   2|           1|           1|
    |ap_condition_1817        |    or    |      0|  0|   2|           1|           1|
    |ap_condition_1822        |    or    |      0|  0|   2|           1|           1|
    |ap_condition_1836        |    or    |      0|  0|   2|           1|           1|
    |ap_condition_1841        |    or    |      0|  0|   2|           1|           1|
    |select_ln247_fu_2347_p3  |  select  |      0|  0|  32|           1|           2|
    |select_ln252_fu_2288_p3  |  select  |      0|  0|  32|           1|           2|
    |ap_enable_pp0            |    xor   |      0|  0|   2|           1|           2|
    |ap_enable_reg_pp0_iter1  |    xor   |      0|  0|   2|           2|           1|
    +-------------------------+----------+-------+---+----+------------+------------+
    |Total                    |          |      0|  0|1210|         908|         587|
    +-------------------------+----------+-------+---+----+------------+------------+

    * Multiplexer: 
    +-------------------------+-----+-----------+-----+-----------+
    |           Name          | LUT | Input Size| Bits| Total Bits|
    +-------------------------+-----+-----------+-----+-----------+
    |acc_V_0_0_reg_1218       |    9|          2|   16|         32|
    |acc_V_10_0_reg_1088      |    9|          2|   16|         32|
    |acc_V_11_0_reg_1075      |    9|          2|   16|         32|
    |acc_V_12_0_reg_1062      |    9|          2|   16|         32|
    |acc_V_13_0_reg_1049      |    9|          2|   16|         32|
    |acc_V_14_0_reg_1036      |    9|          2|   16|         32|
    |acc_V_15_0_reg_1023      |    9|          2|   16|         32|
    |acc_V_16_0_reg_1010      |    9|          2|   16|         32|
    |acc_V_17_0_reg_997       |    9|          2|   16|         32|
    |acc_V_18_0_reg_984       |    9|          2|   16|         32|
    |acc_V_19_0_reg_971       |    9|          2|   16|         32|
    |acc_V_1_0_reg_1205       |    9|          2|   16|         32|
    |acc_V_20_0_reg_958       |    9|          2|   16|         32|
    |acc_V_21_0_reg_945       |    9|          2|   16|         32|
    |acc_V_22_0_reg_932       |    9|          2|   16|         32|
    |acc_V_23_0_reg_919       |    9|          2|   16|         32|
    |acc_V_24_0_reg_906       |    9|          2|   16|         32|
    |acc_V_25_0_reg_893       |    9|          2|   16|         32|
    |acc_V_26_0_reg_880       |    9|          2|   16|         32|
    |acc_V_27_0_reg_867       |    9|          2|   16|         32|
    |acc_V_28_0_reg_854       |    9|          2|   16|         32|
    |acc_V_29_0_reg_841       |    9|          2|   16|         32|
    |acc_V_2_0_reg_1192       |    9|          2|   16|         32|
    |acc_V_30_0_reg_828       |    9|          2|   16|         32|
    |acc_V_31_0_reg_815       |    9|          2|   16|         32|
    |acc_V_3_0_reg_1179       |    9|          2|   16|         32|
    |acc_V_4_0_reg_1166       |    9|          2|   16|         32|
    |acc_V_5_0_reg_1153       |    9|          2|   16|         32|
    |acc_V_6_0_reg_1140       |    9|          2|   16|         32|
    |acc_V_7_0_reg_1127       |    9|          2|   16|         32|
    |acc_V_8_0_reg_1114       |    9|          2|   16|         32|
    |acc_V_9_0_reg_1101       |    9|          2|   16|         32|
    |ap_NS_fsm                |  117|         25|    1|         25|
    |ap_done                  |    9|          2|    1|          2|
    |ap_enable_reg_pp0_iter1  |    9|          2|    1|          2|
    |ap_enable_reg_pp0_iter3  |    9|          2|    1|          2|
    |data_V_V_blk_n           |    9|          2|    1|          2|
    |i1_0_i_reg_804           |    9|          2|    6|         12|
    |i_0_i_reg_793            |    9|          2|   11|         22|
    |i_ic_0_i_reg_1242        |    9|          2|    6|         12|
    |in_index_reg_1231        |    9|          2|    9|         18|
    |layer_in_V_8_address0    |   15|          3|    9|         27|
    |layer_in_V_8_ce0         |   15|          3|    1|          3|
    |layer_in_V_8_we0         |    9|          2|    1|          2|
    |layer_out_i_address0     |   89|         18|    5|         90|
    |layer_out_i_address1     |   85|         17|    5|         85|
    |layer_out_i_d0           |   85|         17|   16|        272|
    |layer_out_i_d1           |   85|         17|   16|        272|
    |pX_3                     |    9|          2|   32|         64|
    |pX_7_loc_0_fu_444        |   15|          3|   32|         96|
    |pY_3                     |    9|          2|   32|         64|
    |pY_7_loc_0_fu_452        |   15|          3|   32|         96|
    |real_start               |    9|          2|    1|          2|
    |res_V_V_blk_n            |    9|          2|    1|          2|
    |sX_3                     |    9|          2|   32|         64|
    |sX_7_loc_0_fu_448        |   15|          3|   32|         96|
    |sY_7_loc_0_fu_456        |   15|          3|   32|         96|
    |tmpdata_V_address0       |   15|          3|    5|         15|
    |tmpdata_V_ce0            |   15|          3|    1|          3|
    +-------------------------+-----+-----------+-----+-----------+
    |Total                    |  995|        210|  834|       2470|
    +-------------------------+-----+-----------+-----+-----------+

    * Register: 
    +------------------------------------------------------------------------------+----+----+-----+-----------+
    |                                     Name                                     | FF | LUT| Bits| Const Bits|
    +------------------------------------------------------------------------------+----+----+-----+-----------+
    |acc_V_0_0_reg_1218                                                            |  16|   0|   16|          0|
    |acc_V_10_0_reg_1088                                                           |  16|   0|   16|          0|
    |acc_V_11_0_reg_1075                                                           |  16|   0|   16|          0|
    |acc_V_12_0_reg_1062                                                           |  16|   0|   16|          0|
    |acc_V_13_0_reg_1049                                                           |  16|   0|   16|          0|
    |acc_V_14_0_reg_1036                                                           |  16|   0|   16|          0|
    |acc_V_15_0_reg_1023                                                           |  16|   0|   16|          0|
    |acc_V_16_0_reg_1010                                                           |  16|   0|   16|          0|
    |acc_V_17_0_reg_997                                                            |  16|   0|   16|          0|
    |acc_V_18_0_reg_984                                                            |  16|   0|   16|          0|
    |acc_V_19_0_reg_971                                                            |  16|   0|   16|          0|
    |acc_V_1_0_reg_1205                                                            |  16|   0|   16|          0|
    |acc_V_20_0_reg_958                                                            |  16|   0|   16|          0|
    |acc_V_21_0_reg_945                                                            |  16|   0|   16|          0|
    |acc_V_22_0_reg_932                                                            |  16|   0|   16|          0|
    |acc_V_23_0_reg_919                                                            |  16|   0|   16|          0|
    |acc_V_24_0_reg_906                                                            |  16|   0|   16|          0|
    |acc_V_25_0_reg_893                                                            |  16|   0|   16|          0|
    |acc_V_26_0_reg_880                                                            |  16|   0|   16|          0|
    |acc_V_27_0_reg_867                                                            |  16|   0|   16|          0|
    |acc_V_28_0_reg_854                                                            |  16|   0|   16|          0|
    |acc_V_29_0_reg_841                                                            |  16|   0|   16|          0|
    |acc_V_2_0_reg_1192                                                            |  16|   0|   16|          0|
    |acc_V_30_0_reg_828                                                            |  16|   0|   16|          0|
    |acc_V_31_0_reg_815                                                            |  16|   0|   16|          0|
    |acc_V_3_0_reg_1179                                                            |  16|   0|   16|          0|
    |acc_V_4_0_reg_1166                                                            |  16|   0|   16|          0|
    |acc_V_5_0_reg_1153                                                            |  16|   0|   16|          0|
    |acc_V_6_0_reg_1140                                                            |  16|   0|   16|          0|
    |acc_V_7_0_reg_1127                                                            |  16|   0|   16|          0|
    |acc_V_8_0_reg_1114                                                            |  16|   0|   16|          0|
    |acc_V_9_0_reg_1101                                                            |  16|   0|   16|          0|
    |and_ln215_4_reg_2614                                                          |   1|   0|    1|          0|
    |ap_CS_fsm                                                                     |  24|   0|   24|          0|
    |ap_done_reg                                                                   |   1|   0|    1|          0|
    |ap_enable_reg_pp0_iter0                                                       |   1|   0|    1|          0|
    |ap_enable_reg_pp0_iter1                                                       |   1|   0|    1|          0|
    |ap_enable_reg_pp0_iter2                                                       |   1|   0|    1|          0|
    |ap_enable_reg_pp0_iter3                                                       |   1|   0|    1|          0|
    |grp_cnnshift_arr_ap_fixed_ap_fixed_16_4_5_3_0_config5_s_fu_1253_ap_start_reg  |   1|   0|    1|          0|
    |i1_0_i_reg_804                                                                |   6|   0|    6|          0|
    |i_0_i_reg_793                                                                 |  11|   0|   11|          0|
    |i_ic_0_i_reg_1242                                                             |   6|   0|    6|          0|
    |i_ic_reg_2996                                                                 |   6|   0|    6|          0|
    |i_reg_2591                                                                    |  11|   0|   11|          0|
    |icmp_ln215_4_reg_2609                                                         |   1|   0|    1|          0|
    |icmp_ln215_reg_2604                                                           |   1|   0|    1|          0|
    |icmp_ln237_reg_3006                                                           |   1|   0|    1|          0|
    |icmp_ln336_reg_2618                                                           |   1|   0|    1|          0|
    |in_index_reg_1231                                                             |   9|   0|    9|          0|
    |layer_in_V_8_load_reg_2637                                                    |  16|   0|   16|          0|
    |pX_3                                                                          |  32|   0|   32|          0|
    |pX_7_loc_0_fu_444                                                             |  32|   0|   32|          0|
    |pY_3                                                                          |  32|   0|   32|          0|
    |pY_7_loc_0_fu_452                                                             |  32|   0|   32|          0|
    |sX_3                                                                          |  32|   0|   32|          0|
    |sX_7_loc_0_fu_448                                                             |  32|   0|   32|          0|
    |sY_3                                                                          |  32|   0|   32|          0|
    |sY_7_loc_0_fu_456                                                             |  32|   0|   32|          0|
    |start_once_reg                                                                |   1|   0|    1|          0|
    |tmp_65_reg_2678                                                               |   6|   0|    6|          0|
    |tmp_66_reg_2683                                                               |   6|   0|    6|          0|
    |tmp_67_reg_2688                                                               |   6|   0|    6|          0|
    |tmp_68_reg_2693                                                               |   6|   0|    6|          0|
    |tmp_69_reg_2698                                                               |   6|   0|    6|          0|
    |tmp_70_reg_2703                                                               |   6|   0|    6|          0|
    |tmp_71_reg_2708                                                               |   6|   0|    6|          0|
    |tmp_72_reg_2713                                                               |   6|   0|    6|          0|
    |tmp_73_reg_2718                                                               |   6|   0|    6|          0|
    |tmp_74_reg_2723                                                               |   6|   0|    6|          0|
    |tmp_75_reg_2728                                                               |   6|   0|    6|          0|
    |tmp_76_reg_2733                                                               |   6|   0|    6|          0|
    |tmp_77_reg_2738                                                               |   6|   0|    6|          0|
    |tmp_78_reg_2743                                                               |   6|   0|    6|          0|
    |tmp_79_reg_2748                                                               |   6|   0|    6|          0|
    |tmp_80_reg_2753                                                               |   6|   0|    6|          0|
    |tmp_81_reg_2758                                                               |   6|   0|    6|          0|
    |tmp_82_reg_2763                                                               |   6|   0|    6|          0|
    |tmp_83_reg_2768                                                               |   6|   0|    6|          0|
    |tmp_84_reg_2773                                                               |   6|   0|    6|          0|
    |tmp_85_reg_2778                                                               |   6|   0|    6|          0|
    |tmp_86_reg_2783                                                               |   6|   0|    6|          0|
    |tmp_87_reg_2788                                                               |   6|   0|    6|          0|
    |tmp_88_reg_2793                                                               |   6|   0|    6|          0|
    |tmp_89_reg_2798                                                               |   6|   0|    6|          0|
    |tmp_90_reg_2803                                                               |   6|   0|    6|          0|
    |tmp_91_reg_2808                                                               |   6|   0|    6|          0|
    |tmp_92_reg_2813                                                               |   6|   0|    6|          0|
    |tmp_93_reg_2818                                                               |   6|   0|    6|          0|
    |tmp_94_reg_2823                                                               |   6|   0|    6|          0|
    |tmp_95_reg_2828                                                               |   5|   0|    5|          0|
    |trunc_ln344_reg_2673                                                          |   6|   0|    6|          0|
    |icmp_ln336_reg_2618                                                           |   0|   1|    1|          0|
    +------------------------------------------------------------------------------+----+----+-----+-----------+
    |Total                                                                         |1060|   1| 1061|          0|
    +------------------------------------------------------------------------------+----+----+-----+-----------+



================================================================
== Interface
================================================================
* Summary: 
+------------------+-----+-----+------------+------------------------------------------------------+--------------+
|     RTL Ports    | Dir | Bits|  Protocol  |                     Source Object                    |    C Type    |
+------------------+-----+-----+------------+------------------------------------------------------+--------------+
|ap_clk            |  in |    1| ap_ctrl_hs | conv_2d_cl_me<ap_fixed,ap_fixed<16,4,5,3,0>,config5> | return value |
|ap_rst            |  in |    1| ap_ctrl_hs | conv_2d_cl_me<ap_fixed,ap_fixed<16,4,5,3,0>,config5> | return value |
|ap_start          |  in |    1| ap_ctrl_hs | conv_2d_cl_me<ap_fixed,ap_fixed<16,4,5,3,0>,config5> | return value |
|start_full_n      |  in |    1| ap_ctrl_hs | conv_2d_cl_me<ap_fixed,ap_fixed<16,4,5,3,0>,config5> | return value |
|ap_done           | out |    1| ap_ctrl_hs | conv_2d_cl_me<ap_fixed,ap_fixed<16,4,5,3,0>,config5> | return value |
|ap_continue       |  in |    1| ap_ctrl_hs | conv_2d_cl_me<ap_fixed,ap_fixed<16,4,5,3,0>,config5> | return value |
|ap_idle           | out |    1| ap_ctrl_hs | conv_2d_cl_me<ap_fixed,ap_fixed<16,4,5,3,0>,config5> | return value |
|ap_ready          | out |    1| ap_ctrl_hs | conv_2d_cl_me<ap_fixed,ap_fixed<16,4,5,3,0>,config5> | return value |
|start_out         | out |    1| ap_ctrl_hs | conv_2d_cl_me<ap_fixed,ap_fixed<16,4,5,3,0>,config5> | return value |
|start_write       | out |    1| ap_ctrl_hs | conv_2d_cl_me<ap_fixed,ap_fixed<16,4,5,3,0>,config5> | return value |
|data_V_V_dout     |  in |   16|   ap_fifo  |                       data_V_V                       |    pointer   |
|data_V_V_empty_n  |  in |    1|   ap_fifo  |                       data_V_V                       |    pointer   |
|data_V_V_read     | out |    1|   ap_fifo  |                       data_V_V                       |    pointer   |
|res_V_V_din       | out |   16|   ap_fifo  |                        res_V_V                       |    pointer   |
|res_V_V_full_n    |  in |    1|   ap_fifo  |                        res_V_V                       |    pointer   |
|res_V_V_write     | out |    1|   ap_fifo  |                        res_V_V                       |    pointer   |
+------------------+-----+-----+------------+------------------------------------------------------+--------------+

