

================================================================
== Vivado HLS Report for 'conv_2d_cl_me_ap_fixed_ap_fixed_16_4_5_3_0_config2_s'
================================================================
* Date:           Fri Aug  5 17:06:53 2022

* Version:        2019.2 (Build 2704478 on Wed Nov 06 22:10:23 MST 2019)
* Project:        myproject_prj
* Solution:       solution1
* Product family: kintexu
* Target device:  xcku115-flvb2104-2-i


================================================================
== Performance Estimates
================================================================
+ Timing: 
    * Summary: 
    +--------+---------+----------+------------+
    |  Clock |  Target | Estimated| Uncertainty|
    +--------+---------+----------+------------+
    |ap_clk  | 5.00 ns | 3.753 ns |   0.62 ns  |
    +--------+---------+----------+------------+

+ Latency: 
    * Summary: 
    +---------+---------+----------+----------+--------+--------+---------+
    |  Latency (cycles) |  Latency (absolute) |     Interval    | Pipeline|
    |   min   |   max   |    min   |    max   |   min  |   max  |   Type  |
    +---------+---------+----------+----------+--------+--------+---------+
    |   131785|   258945| 0.659 ms | 1.295 ms |  131785|  258945|   none  |
    +---------+---------+----------+----------+--------+--------+---------+

    + Detail: 
        * Instance: 
        +-------------------------------------------------------------------+-------------------------------------------------------+---------+---------+----------+----------+-----+-----+----------+
        |                                                                   |                                                       |  Latency (cycles) |  Latency (absolute) |  Interval | Pipeline |
        |                              Instance                             |                         Module                        |   min   |   max   |    min   |    max   | min | max |   Type   |
        +-------------------------------------------------------------------+-------------------------------------------------------+---------+---------+----------+----------+-----+-----+----------+
        |grp_cnnshift_arr_ap_fixed_ap_fixed_16_4_5_3_0_config2_s_fu_1145    |cnnshift_arr_ap_fixed_ap_fixed_16_4_5_3_0_config2_s    |      106|      106| 0.530 us | 0.530 us |  106|  106|   none   |
        |grp_product_dense_ap_fixed_ap_fixed_ap_fixed_16_4_5_3_0_s_fu_1164  |product_dense_ap_fixed_ap_fixed_ap_fixed_16_4_5_3_0_s  |        1|        1| 5.000 ns | 5.000 ns |    1|    1| function |
        |grp_product_dense_ap_fixed_ap_fixed_ap_fixed_16_4_5_3_0_s_fu_1170  |product_dense_ap_fixed_ap_fixed_ap_fixed_16_4_5_3_0_s  |        1|        1| 5.000 ns | 5.000 ns |    1|    1| function |
        |grp_product_dense_ap_fixed_ap_fixed_ap_fixed_16_4_5_3_0_s_fu_1176  |product_dense_ap_fixed_ap_fixed_ap_fixed_16_4_5_3_0_s  |        1|        1| 5.000 ns | 5.000 ns |    1|    1| function |
        |grp_product_dense_ap_fixed_ap_fixed_ap_fixed_16_4_5_3_0_s_fu_1182  |product_dense_ap_fixed_ap_fixed_ap_fixed_16_4_5_3_0_s  |        1|        1| 5.000 ns | 5.000 ns |    1|    1| function |
        |grp_product_dense_ap_fixed_ap_fixed_ap_fixed_16_4_5_3_0_s_fu_1188  |product_dense_ap_fixed_ap_fixed_ap_fixed_16_4_5_3_0_s  |        1|        1| 5.000 ns | 5.000 ns |    1|    1| function |
        |grp_product_dense_ap_fixed_ap_fixed_ap_fixed_16_4_5_3_0_s_fu_1194  |product_dense_ap_fixed_ap_fixed_ap_fixed_16_4_5_3_0_s  |        1|        1| 5.000 ns | 5.000 ns |    1|    1| function |
        |grp_product_dense_ap_fixed_ap_fixed_ap_fixed_16_4_5_3_0_s_fu_1200  |product_dense_ap_fixed_ap_fixed_ap_fixed_16_4_5_3_0_s  |        1|        1| 5.000 ns | 5.000 ns |    1|    1| function |
        |grp_product_dense_ap_fixed_ap_fixed_ap_fixed_16_4_5_3_0_s_fu_1206  |product_dense_ap_fixed_ap_fixed_ap_fixed_16_4_5_3_0_s  |        1|        1| 5.000 ns | 5.000 ns |    1|    1| function |
        |grp_product_dense_ap_fixed_ap_fixed_ap_fixed_16_4_5_3_0_s_fu_1212  |product_dense_ap_fixed_ap_fixed_ap_fixed_16_4_5_3_0_s  |        1|        1| 5.000 ns | 5.000 ns |    1|    1| function |
        |grp_product_dense_ap_fixed_ap_fixed_ap_fixed_16_4_5_3_0_s_fu_1218  |product_dense_ap_fixed_ap_fixed_ap_fixed_16_4_5_3_0_s  |        1|        1| 5.000 ns | 5.000 ns |    1|    1| function |
        |grp_product_dense_ap_fixed_ap_fixed_ap_fixed_16_4_5_3_0_s_fu_1224  |product_dense_ap_fixed_ap_fixed_ap_fixed_16_4_5_3_0_s  |        1|        1| 5.000 ns | 5.000 ns |    1|    1| function |
        |grp_product_dense_ap_fixed_ap_fixed_ap_fixed_16_4_5_3_0_s_fu_1230  |product_dense_ap_fixed_ap_fixed_ap_fixed_16_4_5_3_0_s  |        1|        1| 5.000 ns | 5.000 ns |    1|    1| function |
        |grp_product_dense_ap_fixed_ap_fixed_ap_fixed_16_4_5_3_0_s_fu_1236  |product_dense_ap_fixed_ap_fixed_ap_fixed_16_4_5_3_0_s  |        1|        1| 5.000 ns | 5.000 ns |    1|    1| function |
        |grp_product_dense_ap_fixed_ap_fixed_ap_fixed_16_4_5_3_0_s_fu_1242  |product_dense_ap_fixed_ap_fixed_ap_fixed_16_4_5_3_0_s  |        1|        1| 5.000 ns | 5.000 ns |    1|    1| function |
        |grp_product_dense_ap_fixed_ap_fixed_ap_fixed_16_4_5_3_0_s_fu_1248  |product_dense_ap_fixed_ap_fixed_ap_fixed_16_4_5_3_0_s  |        1|        1| 5.000 ns | 5.000 ns |    1|    1| function |
        |grp_product_dense_ap_fixed_ap_fixed_ap_fixed_16_4_5_3_0_s_fu_1254  |product_dense_ap_fixed_ap_fixed_ap_fixed_16_4_5_3_0_s  |        1|        1| 5.000 ns | 5.000 ns |    1|    1| function |
        |grp_product_dense_ap_fixed_ap_fixed_ap_fixed_16_4_5_3_0_s_fu_1260  |product_dense_ap_fixed_ap_fixed_ap_fixed_16_4_5_3_0_s  |        1|        1| 5.000 ns | 5.000 ns |    1|    1| function |
        |grp_product_dense_ap_fixed_ap_fixed_ap_fixed_16_4_5_3_0_s_fu_1266  |product_dense_ap_fixed_ap_fixed_ap_fixed_16_4_5_3_0_s  |        1|        1| 5.000 ns | 5.000 ns |    1|    1| function |
        |grp_product_dense_ap_fixed_ap_fixed_ap_fixed_16_4_5_3_0_s_fu_1272  |product_dense_ap_fixed_ap_fixed_ap_fixed_16_4_5_3_0_s  |        1|        1| 5.000 ns | 5.000 ns |    1|    1| function |
        |grp_product_dense_ap_fixed_ap_fixed_ap_fixed_16_4_5_3_0_s_fu_1278  |product_dense_ap_fixed_ap_fixed_ap_fixed_16_4_5_3_0_s  |        1|        1| 5.000 ns | 5.000 ns |    1|    1| function |
        |grp_product_dense_ap_fixed_ap_fixed_ap_fixed_16_4_5_3_0_s_fu_1284  |product_dense_ap_fixed_ap_fixed_ap_fixed_16_4_5_3_0_s  |        1|        1| 5.000 ns | 5.000 ns |    1|    1| function |
        |grp_product_dense_ap_fixed_ap_fixed_ap_fixed_16_4_5_3_0_s_fu_1290  |product_dense_ap_fixed_ap_fixed_ap_fixed_16_4_5_3_0_s  |        1|        1| 5.000 ns | 5.000 ns |    1|    1| function |
        |grp_product_dense_ap_fixed_ap_fixed_ap_fixed_16_4_5_3_0_s_fu_1296  |product_dense_ap_fixed_ap_fixed_ap_fixed_16_4_5_3_0_s  |        1|        1| 5.000 ns | 5.000 ns |    1|    1| function |
        |grp_product_dense_ap_fixed_ap_fixed_ap_fixed_16_4_5_3_0_s_fu_1302  |product_dense_ap_fixed_ap_fixed_ap_fixed_16_4_5_3_0_s  |        1|        1| 5.000 ns | 5.000 ns |    1|    1| function |
        |grp_product_dense_ap_fixed_ap_fixed_ap_fixed_16_4_5_3_0_s_fu_1308  |product_dense_ap_fixed_ap_fixed_ap_fixed_16_4_5_3_0_s  |        1|        1| 5.000 ns | 5.000 ns |    1|    1| function |
        |grp_product_dense_ap_fixed_ap_fixed_ap_fixed_16_4_5_3_0_s_fu_1314  |product_dense_ap_fixed_ap_fixed_ap_fixed_16_4_5_3_0_s  |        1|        1| 5.000 ns | 5.000 ns |    1|    1| function |
        |grp_product_dense_ap_fixed_ap_fixed_ap_fixed_16_4_5_3_0_s_fu_1320  |product_dense_ap_fixed_ap_fixed_ap_fixed_16_4_5_3_0_s  |        1|        1| 5.000 ns | 5.000 ns |    1|    1| function |
        |grp_product_dense_ap_fixed_ap_fixed_ap_fixed_16_4_5_3_0_s_fu_1326  |product_dense_ap_fixed_ap_fixed_ap_fixed_16_4_5_3_0_s  |        1|        1| 5.000 ns | 5.000 ns |    1|    1| function |
        |grp_product_dense_ap_fixed_ap_fixed_ap_fixed_16_4_5_3_0_s_fu_1332  |product_dense_ap_fixed_ap_fixed_ap_fixed_16_4_5_3_0_s  |        1|        1| 5.000 ns | 5.000 ns |    1|    1| function |
        |grp_product_dense_ap_fixed_ap_fixed_ap_fixed_16_4_5_3_0_s_fu_1338  |product_dense_ap_fixed_ap_fixed_ap_fixed_16_4_5_3_0_s  |        1|        1| 5.000 ns | 5.000 ns |    1|    1| function |
        |grp_product_dense_ap_fixed_ap_fixed_ap_fixed_16_4_5_3_0_s_fu_1344  |product_dense_ap_fixed_ap_fixed_ap_fixed_16_4_5_3_0_s  |        1|        1| 5.000 ns | 5.000 ns |    1|    1| function |
        |grp_product_dense_ap_fixed_ap_fixed_ap_fixed_16_4_5_3_0_s_fu_1350  |product_dense_ap_fixed_ap_fixed_ap_fixed_16_4_5_3_0_s  |        1|        1| 5.000 ns | 5.000 ns |    1|    1| function |
        +-------------------------------------------------------------------+-------------------------------------------------------+---------+---------+----------+----------+-----+-----+----------+

        * Loop: 
        +-------------+---------+---------+-----------+-----------+-----------+------+----------+
        |             |  Latency (cycles) | Iteration |  Initiation Interval  | Trip |          |
        |  Loop Name  |   min   |   max   |  Latency  |  achieved |   target  | Count| Pipelined|
        +-------------+---------+---------+-----------+-----------+-----------+------+----------+
        |- Loop 1     |   131784|   258944| 114 ~ 224 |          -|          -|  1156|    no    |
        | + Loop 1.1  |        3|        3|          1|          -|          -|     3|    no    |
        | + Loop 1.2  |       29|       29|          4|          1|          1|    27|    yes   |
        | + CastLoop  |       64|       64|          2|          -|          -|    32|    no    |
        +-------------+---------+---------+-----------+-----------+-----------+------+----------+



================================================================
== Utilization Estimates
================================================================
* Summary: 
+---------------------+---------+-------+---------+--------+-----+
|         Name        | BRAM_18K| DSP48E|    FF   |   LUT  | URAM|
+---------------------+---------+-------+---------+--------+-----+
|DSP                  |        -|      -|        -|       -|    -|
|Expression           |        -|      -|        0|    1198|    -|
|FIFO                 |        -|      -|        -|       -|    -|
|Instance             |        0|     32|     1349|    1036|    0|
|Memory               |        7|      -|       64|       8|    0|
|Multiplexer          |        -|      -|        -|     995|    -|
|Register             |        0|      -|     1052|       1|    -|
+---------------------+---------+-------+---------+--------+-----+
|Total                |        7|     32|     2465|    3238|    0|
+---------------------+---------+-------+---------+--------+-----+
|Available SLR        |     2160|   2760|   663360|  331680|    0|
+---------------------+---------+-------+---------+--------+-----+
|Utilization SLR (%)  |    ~0   |      1|    ~0   |   ~0   |  100|
+---------------------+---------+-------+---------+--------+-----+
|Available            |     4320|   5520|  1326720|  663360|    0|
+---------------------+---------+-------+---------+--------+-----+
|Utilization (%)      |    ~0   |   ~0  |    ~0   |   ~0   |    0|
+---------------------+---------+-------+---------+--------+-----+

+ Detail: 
    * Instance: 
    +-------------------------------------------------------------------+-------------------------------------------------------+---------+-------+-----+-----+-----+
    |                              Instance                             |                         Module                        | BRAM_18K| DSP48E|  FF | LUT | URAM|
    +-------------------------------------------------------------------+-------------------------------------------------------+---------+-------+-----+-----+-----+
    |grp_cnnshift_arr_ap_fixed_ap_fixed_16_4_5_3_0_config2_s_fu_1145    |cnnshift_arr_ap_fixed_ap_fixed_16_4_5_3_0_config2_s    |        0|      0|  133|  748|    0|
    |grp_product_dense_ap_fixed_ap_fixed_ap_fixed_16_4_5_3_0_s_fu_1164  |product_dense_ap_fixed_ap_fixed_ap_fixed_16_4_5_3_0_s  |        0|      1|   38|    9|    0|
    |grp_product_dense_ap_fixed_ap_fixed_ap_fixed_16_4_5_3_0_s_fu_1170  |product_dense_ap_fixed_ap_fixed_ap_fixed_16_4_5_3_0_s  |        0|      1|   38|    9|    0|
    |grp_product_dense_ap_fixed_ap_fixed_ap_fixed_16_4_5_3_0_s_fu_1176  |product_dense_ap_fixed_ap_fixed_ap_fixed_16_4_5_3_0_s  |        0|      1|   38|    9|    0|
    |grp_product_dense_ap_fixed_ap_fixed_ap_fixed_16_4_5_3_0_s_fu_1182  |product_dense_ap_fixed_ap_fixed_ap_fixed_16_4_5_3_0_s  |        0|      1|   38|    9|    0|
    |grp_product_dense_ap_fixed_ap_fixed_ap_fixed_16_4_5_3_0_s_fu_1188  |product_dense_ap_fixed_ap_fixed_ap_fixed_16_4_5_3_0_s  |        0|      1|   38|    9|    0|
    |grp_product_dense_ap_fixed_ap_fixed_ap_fixed_16_4_5_3_0_s_fu_1194  |product_dense_ap_fixed_ap_fixed_ap_fixed_16_4_5_3_0_s  |        0|      1|   38|    9|    0|
    |grp_product_dense_ap_fixed_ap_fixed_ap_fixed_16_4_5_3_0_s_fu_1200  |product_dense_ap_fixed_ap_fixed_ap_fixed_16_4_5_3_0_s  |        0|      1|   38|    9|    0|
    |grp_product_dense_ap_fixed_ap_fixed_ap_fixed_16_4_5_3_0_s_fu_1206  |product_dense_ap_fixed_ap_fixed_ap_fixed_16_4_5_3_0_s  |        0|      1|   38|    9|    0|
    |grp_product_dense_ap_fixed_ap_fixed_ap_fixed_16_4_5_3_0_s_fu_1212  |product_dense_ap_fixed_ap_fixed_ap_fixed_16_4_5_3_0_s  |        0|      1|   38|    9|    0|
    |grp_product_dense_ap_fixed_ap_fixed_ap_fixed_16_4_5_3_0_s_fu_1218  |product_dense_ap_fixed_ap_fixed_ap_fixed_16_4_5_3_0_s  |        0|      1|   38|    9|    0|
    |grp_product_dense_ap_fixed_ap_fixed_ap_fixed_16_4_5_3_0_s_fu_1224  |product_dense_ap_fixed_ap_fixed_ap_fixed_16_4_5_3_0_s  |        0|      1|   38|    9|    0|
    |grp_product_dense_ap_fixed_ap_fixed_ap_fixed_16_4_5_3_0_s_fu_1230  |product_dense_ap_fixed_ap_fixed_ap_fixed_16_4_5_3_0_s  |        0|      1|   38|    9|    0|
    |grp_product_dense_ap_fixed_ap_fixed_ap_fixed_16_4_5_3_0_s_fu_1236  |product_dense_ap_fixed_ap_fixed_ap_fixed_16_4_5_3_0_s  |        0|      1|   38|    9|    0|
    |grp_product_dense_ap_fixed_ap_fixed_ap_fixed_16_4_5_3_0_s_fu_1242  |product_dense_ap_fixed_ap_fixed_ap_fixed_16_4_5_3_0_s  |        0|      1|   38|    9|    0|
    |grp_product_dense_ap_fixed_ap_fixed_ap_fixed_16_4_5_3_0_s_fu_1248  |product_dense_ap_fixed_ap_fixed_ap_fixed_16_4_5_3_0_s  |        0|      1|   38|    9|    0|
    |grp_product_dense_ap_fixed_ap_fixed_ap_fixed_16_4_5_3_0_s_fu_1254  |product_dense_ap_fixed_ap_fixed_ap_fixed_16_4_5_3_0_s  |        0|      1|   38|    9|    0|
    |grp_product_dense_ap_fixed_ap_fixed_ap_fixed_16_4_5_3_0_s_fu_1260  |product_dense_ap_fixed_ap_fixed_ap_fixed_16_4_5_3_0_s  |        0|      1|   38|    9|    0|
    |grp_product_dense_ap_fixed_ap_fixed_ap_fixed_16_4_5_3_0_s_fu_1266  |product_dense_ap_fixed_ap_fixed_ap_fixed_16_4_5_3_0_s  |        0|      1|   38|    9|    0|
    |grp_product_dense_ap_fixed_ap_fixed_ap_fixed_16_4_5_3_0_s_fu_1272  |product_dense_ap_fixed_ap_fixed_ap_fixed_16_4_5_3_0_s  |        0|      1|   38|    9|    0|
    |grp_product_dense_ap_fixed_ap_fixed_ap_fixed_16_4_5_3_0_s_fu_1278  |product_dense_ap_fixed_ap_fixed_ap_fixed_16_4_5_3_0_s  |        0|      1|   38|    9|    0|
    |grp_product_dense_ap_fixed_ap_fixed_ap_fixed_16_4_5_3_0_s_fu_1284  |product_dense_ap_fixed_ap_fixed_ap_fixed_16_4_5_3_0_s  |        0|      1|   38|    9|    0|
    |grp_product_dense_ap_fixed_ap_fixed_ap_fixed_16_4_5_3_0_s_fu_1290  |product_dense_ap_fixed_ap_fixed_ap_fixed_16_4_5_3_0_s  |        0|      1|   38|    9|    0|
    |grp_product_dense_ap_fixed_ap_fixed_ap_fixed_16_4_5_3_0_s_fu_1296  |product_dense_ap_fixed_ap_fixed_ap_fixed_16_4_5_3_0_s  |        0|      1|   38|    9|    0|
    |grp_product_dense_ap_fixed_ap_fixed_ap_fixed_16_4_5_3_0_s_fu_1302  |product_dense_ap_fixed_ap_fixed_ap_fixed_16_4_5_3_0_s  |        0|      1|   38|    9|    0|
    |grp_product_dense_ap_fixed_ap_fixed_ap_fixed_16_4_5_3_0_s_fu_1308  |product_dense_ap_fixed_ap_fixed_ap_fixed_16_4_5_3_0_s  |        0|      1|   38|    9|    0|
    |grp_product_dense_ap_fixed_ap_fixed_ap_fixed_16_4_5_3_0_s_fu_1314  |product_dense_ap_fixed_ap_fixed_ap_fixed_16_4_5_3_0_s  |        0|      1|   38|    9|    0|
    |grp_product_dense_ap_fixed_ap_fixed_ap_fixed_16_4_5_3_0_s_fu_1320  |product_dense_ap_fixed_ap_fixed_ap_fixed_16_4_5_3_0_s  |        0|      1|   38|    9|    0|
    |grp_product_dense_ap_fixed_ap_fixed_ap_fixed_16_4_5_3_0_s_fu_1326  |product_dense_ap_fixed_ap_fixed_ap_fixed_16_4_5_3_0_s  |        0|      1|   38|    9|    0|
    |grp_product_dense_ap_fixed_ap_fixed_ap_fixed_16_4_5_3_0_s_fu_1332  |product_dense_ap_fixed_ap_fixed_ap_fixed_16_4_5_3_0_s  |        0|      1|   38|    9|    0|
    |grp_product_dense_ap_fixed_ap_fixed_ap_fixed_16_4_5_3_0_s_fu_1338  |product_dense_ap_fixed_ap_fixed_ap_fixed_16_4_5_3_0_s  |        0|      1|   38|    9|    0|
    |grp_product_dense_ap_fixed_ap_fixed_ap_fixed_16_4_5_3_0_s_fu_1344  |product_dense_ap_fixed_ap_fixed_ap_fixed_16_4_5_3_0_s  |        0|      1|   38|    9|    0|
    |grp_product_dense_ap_fixed_ap_fixed_ap_fixed_16_4_5_3_0_s_fu_1350  |product_dense_ap_fixed_ap_fixed_ap_fixed_16_4_5_3_0_s  |        0|      1|   38|    9|    0|
    +-------------------------------------------------------------------+-------------------------------------------------------+---------+-------+-----+-----+-----+
    |Total                                                              |                                                       |        0|     32| 1349| 1036|    0|
    +-------------------------------------------------------------------+-------------------------------------------------------+---------+-------+-----+-----+-----+

    * DSP48E: 
    N/A

    * Memory: 
    +----------------+--------------------------------------------------------------+---------+----+----+-----+------+-----+------+-------------+
    |     Memory     |                            Module                            | BRAM_18K| FF | LUT| URAM| Words| Bits| Banks| W*Bits*Banks|
    +----------------+--------------------------------------------------------------+---------+----+----+-----+------+-----+------+-------------+
    |layer_in_V_9_U  |conv_2d_cl_me_ap_fixed_ap_fixed_16_4_5_3_0_config2_s_layeibs  |        0|  32|   7|    0|    27|   16|     1|          432|
    |layer_out_i_U   |conv_2d_cl_me_ap_fixed_ap_fixed_16_4_5_3_0_config2_s_layekbM  |        1|   0|   0|    0|    32|   16|     1|          512|
    |tmpdata_V_U     |conv_2d_cl_me_ap_fixed_ap_fixed_16_4_5_3_0_config2_s_tmpdjbC  |        0|  32|   1|    0|     3|   16|     1|           48|
    |w2_V_U          |conv_2d_cl_me_ap_fixed_ap_fixed_16_4_5_3_0_config2_s_w2_V     |        6|   0|   0|    0|    27|  191|     1|         5157|
    +----------------+--------------------------------------------------------------+---------+----+----+-----+------+-----+------+-------------+
    |Total           |                                                              |        7|  64|   8|    0|    89|  239|     4|         6149|
    +----------------+--------------------------------------------------------------+---------+----+----+-----+------+-----+------+-------------+

    * FIFO: 
    N/A

    * Expression: 
    +-------------------------+----------+-------+---+----+------------+------------+
    |      Variable Name      | Operation| DSP48E| FF| LUT| Bitwidth P0| Bitwidth P1|
    +-------------------------+----------+-------+---+----+------------+------------+
    |acc_0_V_fu_1831_p2       |     +    |      0|  0|  23|          16|          16|
    |acc_10_V_fu_1891_p2      |     +    |      0|  0|  23|          16|          16|
    |acc_11_V_fu_1897_p2      |     +    |      0|  0|  23|          16|          16|
    |acc_12_V_fu_1903_p2      |     +    |      0|  0|  23|          16|          16|
    |acc_13_V_fu_1909_p2      |     +    |      0|  0|  23|          16|          16|
    |acc_14_V_fu_1915_p2      |     +    |      0|  0|  23|          16|          16|
    |acc_15_V_fu_1921_p2      |     +    |      0|  0|  23|          16|          16|
    |acc_16_V_fu_1927_p2      |     +    |      0|  0|  23|          16|          16|
    |acc_17_V_fu_1933_p2      |     +    |      0|  0|  23|          16|          16|
    |acc_18_V_fu_1939_p2      |     +    |      0|  0|  23|          16|          16|
    |acc_19_V_fu_1945_p2      |     +    |      0|  0|  23|          16|          16|
    |acc_1_V_fu_1837_p2       |     +    |      0|  0|  23|          16|          16|
    |acc_20_V_fu_1951_p2      |     +    |      0|  0|  23|          16|          16|
    |acc_21_V_fu_1957_p2      |     +    |      0|  0|  23|          16|          16|
    |acc_22_V_fu_1963_p2      |     +    |      0|  0|  23|          16|          16|
    |acc_23_V_fu_1969_p2      |     +    |      0|  0|  23|          16|          16|
    |acc_24_V_fu_1975_p2      |     +    |      0|  0|  23|          16|          16|
    |acc_25_V_fu_1981_p2      |     +    |      0|  0|  23|          16|          16|
    |acc_26_V_fu_1987_p2      |     +    |      0|  0|  23|          16|          16|
    |acc_27_V_fu_1993_p2      |     +    |      0|  0|  23|          16|          16|
    |acc_28_V_fu_1999_p2      |     +    |      0|  0|  23|          16|          16|
    |acc_29_V_fu_2005_p2      |     +    |      0|  0|  23|          16|          16|
    |acc_2_V_fu_1843_p2       |     +    |      0|  0|  23|          16|          16|
    |acc_30_V_fu_2011_p2      |     +    |      0|  0|  23|          16|          16|
    |acc_31_V_fu_2017_p2      |     +    |      0|  0|  23|          16|          16|
    |acc_3_V_fu_1849_p2       |     +    |      0|  0|  23|          16|          16|
    |acc_4_V_fu_1855_p2       |     +    |      0|  0|  23|          16|          16|
    |acc_5_V_fu_1861_p2       |     +    |      0|  0|  23|          16|          16|
    |acc_6_V_fu_1867_p2       |     +    |      0|  0|  23|          16|          16|
    |acc_7_V_fu_1873_p2       |     +    |      0|  0|  23|          16|          16|
    |acc_8_V_fu_1879_p2       |     +    |      0|  0|  23|          16|          16|
    |acc_9_V_fu_1885_p2       |     +    |      0|  0|  23|          16|          16|
    |add_ln245_fu_2105_p2     |     +    |      0|  0|  39|          32|           1|
    |add_ln247_fu_2117_p2     |     +    |      0|  0|  39|          32|           1|
    |add_ln250_fu_2046_p2     |     +    |      0|  0|  39|          32|           1|
    |add_ln252_fu_2058_p2     |     +    |      0|  0|  39|          32|           1|
    |i1_fu_1422_p2            |     +    |      0|  0|   9|           2|           1|
    |i_fu_1410_p2             |     +    |      0|  0|  18|          11|           1|
    |i_ic_fu_2029_p2          |     +    |      0|  0|  15|           6|           1|
    |ir_fu_1501_p2            |     +    |      0|  0|  15|           5|           1|
    |and_ln215_5_fu_1483_p2   |    and   |      0|  0|   2|           1|           1|
    |and_ln215_6_fu_1489_p2   |    and   |      0|  0|   2|           1|           1|
    |and_ln215_fu_1477_p2     |    and   |      0|  0|   2|           1|           1|
    |ap_block_state3          |    and   |      0|  0|   2|           1|           1|
    |icmp_ln206_fu_1404_p2    |   icmp   |      0|  0|  13|          11|          11|
    |icmp_ln208_fu_1416_p2    |   icmp   |      0|  0|   8|           2|           2|
    |icmp_ln215_7_fu_1439_p2  |   icmp   |      0|  0|  20|          32|           2|
    |icmp_ln215_8_fu_1455_p2  |   icmp   |      0|  0|  20|          31|           1|
    |icmp_ln215_9_fu_1471_p2  |   icmp   |      0|  0|  20|          31|           1|
    |icmp_ln215_fu_1433_p2    |   icmp   |      0|  0|  20|          32|           2|
    |icmp_ln226_fu_2023_p2    |   icmp   |      0|  0|  11|           6|           7|
    |icmp_ln237_fu_2040_p2    |   icmp   |      0|  0|  20|          32|           6|
    |icmp_ln241_fu_2099_p2    |   icmp   |      0|  0|  20|          32|           6|
    |icmp_ln336_fu_1495_p2    |   icmp   |      0|  0|  11|           5|           4|
    |ap_block_state1          |    or    |      0|  0|   2|           1|           1|
    |ap_condition_1123        |    or    |      0|  0|   2|           1|           1|
    |ap_condition_1128        |    or    |      0|  0|   2|           1|           1|
    |ap_condition_1142        |    or    |      0|  0|   2|           1|           1|
    |ap_condition_1147        |    or    |      0|  0|   2|           1|           1|
    |select_ln247_fu_2123_p3  |  select  |      0|  0|  32|           1|           2|
    |select_ln252_fu_2064_p3  |  select  |      0|  0|  32|           1|           2|
    |ap_enable_pp0            |    xor   |      0|  0|   2|           1|           2|
    |ap_enable_reg_pp0_iter1  |    xor   |      0|  0|   2|           2|           1|
    +-------------------------+----------+-------+---+----+------------+------------+
    |Total                    |          |      0|  0|1198|         892|         578|
    +-------------------------+----------+-------+---+----+------------+------------+

    * Multiplexer: 
    +-------------------------+-----+-----------+-----+-----------+
    |           Name          | LUT | Input Size| Bits| Total Bits|
    +-------------------------+-----+-----------+-----+-----------+
    |acc_V_0_0_reg_1110       |    9|          2|   16|         32|
    |acc_V_10_0_reg_980       |    9|          2|   16|         32|
    |acc_V_11_0_reg_967       |    9|          2|   16|         32|
    |acc_V_12_0_reg_954       |    9|          2|   16|         32|
    |acc_V_13_0_reg_941       |    9|          2|   16|         32|
    |acc_V_14_0_reg_928       |    9|          2|   16|         32|
    |acc_V_15_0_reg_915       |    9|          2|   16|         32|
    |acc_V_16_0_reg_902       |    9|          2|   16|         32|
    |acc_V_17_0_reg_889       |    9|          2|   16|         32|
    |acc_V_18_0_reg_876       |    9|          2|   16|         32|
    |acc_V_19_0_reg_863       |    9|          2|   16|         32|
    |acc_V_1_0_reg_1097       |    9|          2|   16|         32|
    |acc_V_20_0_reg_850       |    9|          2|   16|         32|
    |acc_V_21_0_reg_837       |    9|          2|   16|         32|
    |acc_V_22_0_reg_824       |    9|          2|   16|         32|
    |acc_V_23_0_reg_811       |    9|          2|   16|         32|
    |acc_V_24_0_reg_798       |    9|          2|   16|         32|
    |acc_V_25_0_reg_785       |    9|          2|   16|         32|
    |acc_V_26_0_reg_772       |    9|          2|   16|         32|
    |acc_V_27_0_reg_759       |    9|          2|   16|         32|
    |acc_V_28_0_reg_746       |    9|          2|   16|         32|
    |acc_V_29_0_reg_733       |    9|          2|   16|         32|
    |acc_V_2_0_reg_1084       |    9|          2|   16|         32|
    |acc_V_30_0_reg_720       |    9|          2|   16|         32|
    |acc_V_31_0_reg_707       |    9|          2|   16|         32|
    |acc_V_3_0_reg_1071       |    9|          2|   16|         32|
    |acc_V_4_0_reg_1058       |    9|          2|   16|         32|
    |acc_V_5_0_reg_1045       |    9|          2|   16|         32|
    |acc_V_6_0_reg_1032       |    9|          2|   16|         32|
    |acc_V_7_0_reg_1019       |    9|          2|   16|         32|
    |acc_V_8_0_reg_1006       |    9|          2|   16|         32|
    |acc_V_9_0_reg_993        |    9|          2|   16|         32|
    |ap_NS_fsm                |  117|         25|    1|         25|
    |ap_done                  |    9|          2|    1|          2|
    |ap_enable_reg_pp0_iter1  |    9|          2|    1|          2|
    |ap_enable_reg_pp0_iter3  |    9|          2|    1|          2|
    |data_V_V_blk_n           |    9|          2|    1|          2|
    |i1_0_i_reg_696           |    9|          2|    2|          4|
    |i_0_i_reg_685            |    9|          2|   11|         22|
    |i_ic_0_i_reg_1134        |    9|          2|    6|         12|
    |in_index_reg_1123        |    9|          2|    5|         10|
    |layer_in_V_9_address0    |   15|          3|    5|         15|
    |layer_in_V_9_ce0         |   15|          3|    1|          3|
    |layer_in_V_9_we0         |    9|          2|    1|          2|
    |layer_out_i_address0     |   89|         18|    5|         90|
    |layer_out_i_address1     |   85|         17|    5|         85|
    |layer_out_i_d0           |   85|         17|   16|        272|
    |layer_out_i_d1           |   85|         17|   16|        272|
    |pX_4                     |    9|          2|   32|         64|
    |pX_6_loc_0_fu_336        |   15|          3|   32|         96|
    |pY_4                     |    9|          2|   32|         64|
    |pY_6_loc_0_fu_344        |   15|          3|   32|         96|
    |real_start               |    9|          2|    1|          2|
    |res_V_V_blk_n            |    9|          2|    1|          2|
    |sX_4                     |    9|          2|   32|         64|
    |sX_6_loc_0_fu_340        |   15|          3|   32|         96|
    |sY_6_loc_0_fu_348        |   15|          3|   32|         96|
    |tmpdata_V_address0       |   15|          3|    2|          6|
    |tmpdata_V_ce0            |   15|          3|    1|          3|
    +-------------------------+-----+-----------+-----+-----------+
    |Total                    |  995|        210|  819|       2433|
    +-------------------------+-----+-----------+-----+-----------+

    * Register: 
    +------------------------------------------------------------------------------+----+----+-----+-----------+
    |                                     Name                                     | FF | LUT| Bits| Const Bits|
    +------------------------------------------------------------------------------+----+----+-----+-----------+
    |acc_V_0_0_reg_1110                                                            |  16|   0|   16|          0|
    |acc_V_10_0_reg_980                                                            |  16|   0|   16|          0|
    |acc_V_11_0_reg_967                                                            |  16|   0|   16|          0|
    |acc_V_12_0_reg_954                                                            |  16|   0|   16|          0|
    |acc_V_13_0_reg_941                                                            |  16|   0|   16|          0|
    |acc_V_14_0_reg_928                                                            |  16|   0|   16|          0|
    |acc_V_15_0_reg_915                                                            |  16|   0|   16|          0|
    |acc_V_16_0_reg_902                                                            |  16|   0|   16|          0|
    |acc_V_17_0_reg_889                                                            |  16|   0|   16|          0|
    |acc_V_18_0_reg_876                                                            |  16|   0|   16|          0|
    |acc_V_19_0_reg_863                                                            |  16|   0|   16|          0|
    |acc_V_1_0_reg_1097                                                            |  16|   0|   16|          0|
    |acc_V_20_0_reg_850                                                            |  16|   0|   16|          0|
    |acc_V_21_0_reg_837                                                            |  16|   0|   16|          0|
    |acc_V_22_0_reg_824                                                            |  16|   0|   16|          0|
    |acc_V_23_0_reg_811                                                            |  16|   0|   16|          0|
    |acc_V_24_0_reg_798                                                            |  16|   0|   16|          0|
    |acc_V_25_0_reg_785                                                            |  16|   0|   16|          0|
    |acc_V_26_0_reg_772                                                            |  16|   0|   16|          0|
    |acc_V_27_0_reg_759                                                            |  16|   0|   16|          0|
    |acc_V_28_0_reg_746                                                            |  16|   0|   16|          0|
    |acc_V_29_0_reg_733                                                            |  16|   0|   16|          0|
    |acc_V_2_0_reg_1084                                                            |  16|   0|   16|          0|
    |acc_V_30_0_reg_720                                                            |  16|   0|   16|          0|
    |acc_V_31_0_reg_707                                                            |  16|   0|   16|          0|
    |acc_V_3_0_reg_1071                                                            |  16|   0|   16|          0|
    |acc_V_4_0_reg_1058                                                            |  16|   0|   16|          0|
    |acc_V_5_0_reg_1045                                                            |  16|   0|   16|          0|
    |acc_V_6_0_reg_1032                                                            |  16|   0|   16|          0|
    |acc_V_7_0_reg_1019                                                            |  16|   0|   16|          0|
    |acc_V_8_0_reg_1006                                                            |  16|   0|   16|          0|
    |acc_V_9_0_reg_993                                                             |  16|   0|   16|          0|
    |and_ln215_6_reg_2390                                                          |   1|   0|    1|          0|
    |ap_CS_fsm                                                                     |  24|   0|   24|          0|
    |ap_done_reg                                                                   |   1|   0|    1|          0|
    |ap_enable_reg_pp0_iter0                                                       |   1|   0|    1|          0|
    |ap_enable_reg_pp0_iter1                                                       |   1|   0|    1|          0|
    |ap_enable_reg_pp0_iter2                                                       |   1|   0|    1|          0|
    |ap_enable_reg_pp0_iter3                                                       |   1|   0|    1|          0|
    |grp_cnnshift_arr_ap_fixed_ap_fixed_16_4_5_3_0_config2_s_fu_1145_ap_start_reg  |   1|   0|    1|          0|
    |i1_0_i_reg_696                                                                |   2|   0|    2|          0|
    |i_0_i_reg_685                                                                 |  11|   0|   11|          0|
    |i_ic_0_i_reg_1134                                                             |   6|   0|    6|          0|
    |i_ic_reg_2772                                                                 |   6|   0|    6|          0|
    |i_reg_2367                                                                    |  11|   0|   11|          0|
    |icmp_ln215_7_reg_2385                                                         |   1|   0|    1|          0|
    |icmp_ln215_reg_2380                                                           |   1|   0|    1|          0|
    |icmp_ln237_reg_2782                                                           |   1|   0|    1|          0|
    |icmp_ln336_reg_2394                                                           |   1|   0|    1|          0|
    |in_index_reg_1123                                                             |   5|   0|    5|          0|
    |layer_in_V_9_load_reg_2413                                                    |  16|   0|   16|          0|
    |pX_4                                                                          |  32|   0|   32|          0|
    |pX_6_loc_0_fu_336                                                             |  32|   0|   32|          0|
    |pY_4                                                                          |  32|   0|   32|          0|
    |pY_6_loc_0_fu_344                                                             |  32|   0|   32|          0|
    |sX_4                                                                          |  32|   0|   32|          0|
    |sX_6_loc_0_fu_340                                                             |  32|   0|   32|          0|
    |sY_4                                                                          |  32|   0|   32|          0|
    |sY_6_loc_0_fu_348                                                             |  32|   0|   32|          0|
    |start_once_reg                                                                |   1|   0|    1|          0|
    |tmp_100_reg_2474                                                              |   6|   0|    6|          0|
    |tmp_101_reg_2479                                                              |   6|   0|    6|          0|
    |tmp_102_reg_2484                                                              |   6|   0|    6|          0|
    |tmp_103_reg_2489                                                              |   6|   0|    6|          0|
    |tmp_104_reg_2494                                                              |   6|   0|    6|          0|
    |tmp_105_reg_2499                                                              |   6|   0|    6|          0|
    |tmp_106_reg_2504                                                              |   6|   0|    6|          0|
    |tmp_107_reg_2509                                                              |   6|   0|    6|          0|
    |tmp_108_reg_2514                                                              |   6|   0|    6|          0|
    |tmp_109_reg_2519                                                              |   6|   0|    6|          0|
    |tmp_110_reg_2524                                                              |   6|   0|    6|          0|
    |tmp_111_reg_2529                                                              |   6|   0|    6|          0|
    |tmp_112_reg_2534                                                              |   6|   0|    6|          0|
    |tmp_113_reg_2539                                                              |   6|   0|    6|          0|
    |tmp_114_reg_2544                                                              |   6|   0|    6|          0|
    |tmp_115_reg_2549                                                              |   6|   0|    6|          0|
    |tmp_116_reg_2554                                                              |   6|   0|    6|          0|
    |tmp_117_reg_2559                                                              |   6|   0|    6|          0|
    |tmp_118_reg_2564                                                              |   6|   0|    6|          0|
    |tmp_119_reg_2569                                                              |   6|   0|    6|          0|
    |tmp_120_reg_2574                                                              |   6|   0|    6|          0|
    |tmp_121_reg_2579                                                              |   6|   0|    6|          0|
    |tmp_122_reg_2584                                                              |   6|   0|    6|          0|
    |tmp_123_reg_2589                                                              |   6|   0|    6|          0|
    |tmp_124_reg_2594                                                              |   6|   0|    6|          0|
    |tmp_125_reg_2599                                                              |   6|   0|    6|          0|
    |tmp_126_reg_2604                                                              |   5|   0|    5|          0|
    |tmp_96_reg_2454                                                               |   6|   0|    6|          0|
    |tmp_97_reg_2459                                                               |   6|   0|    6|          0|
    |tmp_98_reg_2464                                                               |   6|   0|    6|          0|
    |tmp_99_reg_2469                                                               |   6|   0|    6|          0|
    |trunc_ln344_reg_2449                                                          |   6|   0|    6|          0|
    |icmp_ln336_reg_2394                                                           |   0|   1|    1|          0|
    +------------------------------------------------------------------------------+----+----+-----+-----------+
    |Total                                                                         |1052|   1| 1053|          0|
    +------------------------------------------------------------------------------+----+----+-----+-----------+



================================================================
== Interface
================================================================
* Summary: 
+------------------+-----+-----+------------+------------------------------------------------------+--------------+
|     RTL Ports    | Dir | Bits|  Protocol  |                     Source Object                    |    C Type    |
+------------------+-----+-----+------------+------------------------------------------------------+--------------+
|ap_clk            |  in |    1| ap_ctrl_hs | conv_2d_cl_me<ap_fixed,ap_fixed<16,4,5,3,0>,config2> | return value |
|ap_rst            |  in |    1| ap_ctrl_hs | conv_2d_cl_me<ap_fixed,ap_fixed<16,4,5,3,0>,config2> | return value |
|ap_start          |  in |    1| ap_ctrl_hs | conv_2d_cl_me<ap_fixed,ap_fixed<16,4,5,3,0>,config2> | return value |
|start_full_n      |  in |    1| ap_ctrl_hs | conv_2d_cl_me<ap_fixed,ap_fixed<16,4,5,3,0>,config2> | return value |
|ap_done           | out |    1| ap_ctrl_hs | conv_2d_cl_me<ap_fixed,ap_fixed<16,4,5,3,0>,config2> | return value |
|ap_continue       |  in |    1| ap_ctrl_hs | conv_2d_cl_me<ap_fixed,ap_fixed<16,4,5,3,0>,config2> | return value |
|ap_idle           | out |    1| ap_ctrl_hs | conv_2d_cl_me<ap_fixed,ap_fixed<16,4,5,3,0>,config2> | return value |
|ap_ready          | out |    1| ap_ctrl_hs | conv_2d_cl_me<ap_fixed,ap_fixed<16,4,5,3,0>,config2> | return value |
|start_out         | out |    1| ap_ctrl_hs | conv_2d_cl_me<ap_fixed,ap_fixed<16,4,5,3,0>,config2> | return value |
|start_write       | out |    1| ap_ctrl_hs | conv_2d_cl_me<ap_fixed,ap_fixed<16,4,5,3,0>,config2> | return value |
|data_V_V_dout     |  in |   16|   ap_fifo  |                       data_V_V                       |    pointer   |
|data_V_V_empty_n  |  in |    1|   ap_fifo  |                       data_V_V                       |    pointer   |
|data_V_V_read     | out |    1|   ap_fifo  |                       data_V_V                       |    pointer   |
|res_V_V_din       | out |   16|   ap_fifo  |                        res_V_V                       |    pointer   |
|res_V_V_full_n    |  in |    1|   ap_fifo  |                        res_V_V                       |    pointer   |
|res_V_V_write     | out |    1|   ap_fifo  |                        res_V_V                       |    pointer   |
+------------------+-----+-----+------------+------------------------------------------------------+--------------+

