

================================================================
== Vivado HLS Report for 'conv_2d_cl_me_ap_fixed_ap_fixed_16_4_5_3_0_config12_s'
================================================================
* Date:           Fri Aug  5 17:07:07 2022

* Version:        2019.2 (Build 2704478 on Wed Nov 06 22:10:23 MST 2019)
* Project:        myproject_prj
* Solution:       solution1
* Product family: kintexu
* Target device:  xcku115-flvb2104-2-i


================================================================
== Performance Estimates
================================================================
+ Timing: 
    * Summary: 
    +--------+---------+----------+------------+
    |  Clock |  Target | Estimated| Uncertainty|
    +--------+---------+----------+------------+
    |ap_clk  | 5.00 ns | 3.958 ns |   0.62 ns  |
    +--------+---------+----------+------------+

+ Latency: 
    * Summary: 
    +---------+---------+----------+----------+--------+--------+---------+
    |  Latency (cycles) |  Latency (absolute) |     Interval    | Pipeline|
    |   min   |   max   |    min   |    max   |   min  |   max  |   Type  |
    +---------+---------+----------+----------+--------+--------+---------+
    |   525151|   691426| 2.626 ms | 3.457 ms |  525151|  691426|   none  |
    +---------+---------+----------+----------+--------+--------+---------+

    + Detail: 
        * Instance: 
        +-------------------------------------------------------------------+-------------------------------------------------------+---------+---------+-----------+-----------+------+------+----------+
        |                                                                   |                                                       |  Latency (cycles) |   Latency (absolute)  |   Interval  | Pipeline |
        |                              Instance                             |                         Module                        |   min   |   max   |    min    |    max    |  min |  max |   Type   |
        +-------------------------------------------------------------------+-------------------------------------------------------+---------+---------+-----------+-----------+------+------+----------+
        |grp_cnnshift_arr_ap_fixed_ap_fixed_16_4_5_3_0_config12_s_fu_2245   |cnnshift_arr_ap_fixed_ap_fixed_16_4_5_3_0_config12_s   |     2265|     2265| 11.325 us | 11.325 us |  2265|  2265|   none   |
        |grp_product_dense_ap_fixed_ap_fixed_ap_fixed_16_4_5_3_0_s_fu_2508  |product_dense_ap_fixed_ap_fixed_ap_fixed_16_4_5_3_0_s  |        1|        1|  5.000 ns |  5.000 ns |     1|     1| function |
        |grp_product_dense_ap_fixed_ap_fixed_ap_fixed_16_4_5_3_0_s_fu_2514  |product_dense_ap_fixed_ap_fixed_ap_fixed_16_4_5_3_0_s  |        1|        1|  5.000 ns |  5.000 ns |     1|     1| function |
        |grp_product_dense_ap_fixed_ap_fixed_ap_fixed_16_4_5_3_0_s_fu_2520  |product_dense_ap_fixed_ap_fixed_ap_fixed_16_4_5_3_0_s  |        1|        1|  5.000 ns |  5.000 ns |     1|     1| function |
        |grp_product_dense_ap_fixed_ap_fixed_ap_fixed_16_4_5_3_0_s_fu_2526  |product_dense_ap_fixed_ap_fixed_ap_fixed_16_4_5_3_0_s  |        1|        1|  5.000 ns |  5.000 ns |     1|     1| function |
        |grp_product_dense_ap_fixed_ap_fixed_ap_fixed_16_4_5_3_0_s_fu_2532  |product_dense_ap_fixed_ap_fixed_ap_fixed_16_4_5_3_0_s  |        1|        1|  5.000 ns |  5.000 ns |     1|     1| function |
        |grp_product_dense_ap_fixed_ap_fixed_ap_fixed_16_4_5_3_0_s_fu_2538  |product_dense_ap_fixed_ap_fixed_ap_fixed_16_4_5_3_0_s  |        1|        1|  5.000 ns |  5.000 ns |     1|     1| function |
        |grp_product_dense_ap_fixed_ap_fixed_ap_fixed_16_4_5_3_0_s_fu_2544  |product_dense_ap_fixed_ap_fixed_ap_fixed_16_4_5_3_0_s  |        1|        1|  5.000 ns |  5.000 ns |     1|     1| function |
        |grp_product_dense_ap_fixed_ap_fixed_ap_fixed_16_4_5_3_0_s_fu_2550  |product_dense_ap_fixed_ap_fixed_ap_fixed_16_4_5_3_0_s  |        1|        1|  5.000 ns |  5.000 ns |     1|     1| function |
        |grp_product_dense_ap_fixed_ap_fixed_ap_fixed_16_4_5_3_0_s_fu_2556  |product_dense_ap_fixed_ap_fixed_ap_fixed_16_4_5_3_0_s  |        1|        1|  5.000 ns |  5.000 ns |     1|     1| function |
        |grp_product_dense_ap_fixed_ap_fixed_ap_fixed_16_4_5_3_0_s_fu_2562  |product_dense_ap_fixed_ap_fixed_ap_fixed_16_4_5_3_0_s  |        1|        1|  5.000 ns |  5.000 ns |     1|     1| function |
        |grp_product_dense_ap_fixed_ap_fixed_ap_fixed_16_4_5_3_0_s_fu_2568  |product_dense_ap_fixed_ap_fixed_ap_fixed_16_4_5_3_0_s  |        1|        1|  5.000 ns |  5.000 ns |     1|     1| function |
        |grp_product_dense_ap_fixed_ap_fixed_ap_fixed_16_4_5_3_0_s_fu_2574  |product_dense_ap_fixed_ap_fixed_ap_fixed_16_4_5_3_0_s  |        1|        1|  5.000 ns |  5.000 ns |     1|     1| function |
        |grp_product_dense_ap_fixed_ap_fixed_ap_fixed_16_4_5_3_0_s_fu_2580  |product_dense_ap_fixed_ap_fixed_ap_fixed_16_4_5_3_0_s  |        1|        1|  5.000 ns |  5.000 ns |     1|     1| function |
        |grp_product_dense_ap_fixed_ap_fixed_ap_fixed_16_4_5_3_0_s_fu_2586  |product_dense_ap_fixed_ap_fixed_ap_fixed_16_4_5_3_0_s  |        1|        1|  5.000 ns |  5.000 ns |     1|     1| function |
        |grp_product_dense_ap_fixed_ap_fixed_ap_fixed_16_4_5_3_0_s_fu_2592  |product_dense_ap_fixed_ap_fixed_ap_fixed_16_4_5_3_0_s  |        1|        1|  5.000 ns |  5.000 ns |     1|     1| function |
        |grp_product_dense_ap_fixed_ap_fixed_ap_fixed_16_4_5_3_0_s_fu_2598  |product_dense_ap_fixed_ap_fixed_ap_fixed_16_4_5_3_0_s  |        1|        1|  5.000 ns |  5.000 ns |     1|     1| function |
        |grp_product_dense_ap_fixed_ap_fixed_ap_fixed_16_4_5_3_0_s_fu_2604  |product_dense_ap_fixed_ap_fixed_ap_fixed_16_4_5_3_0_s  |        1|        1|  5.000 ns |  5.000 ns |     1|     1| function |
        |grp_product_dense_ap_fixed_ap_fixed_ap_fixed_16_4_5_3_0_s_fu_2610  |product_dense_ap_fixed_ap_fixed_ap_fixed_16_4_5_3_0_s  |        1|        1|  5.000 ns |  5.000 ns |     1|     1| function |
        |grp_product_dense_ap_fixed_ap_fixed_ap_fixed_16_4_5_3_0_s_fu_2616  |product_dense_ap_fixed_ap_fixed_ap_fixed_16_4_5_3_0_s  |        1|        1|  5.000 ns |  5.000 ns |     1|     1| function |
        |grp_product_dense_ap_fixed_ap_fixed_ap_fixed_16_4_5_3_0_s_fu_2622  |product_dense_ap_fixed_ap_fixed_ap_fixed_16_4_5_3_0_s  |        1|        1|  5.000 ns |  5.000 ns |     1|     1| function |
        |grp_product_dense_ap_fixed_ap_fixed_ap_fixed_16_4_5_3_0_s_fu_2628  |product_dense_ap_fixed_ap_fixed_ap_fixed_16_4_5_3_0_s  |        1|        1|  5.000 ns |  5.000 ns |     1|     1| function |
        |grp_product_dense_ap_fixed_ap_fixed_ap_fixed_16_4_5_3_0_s_fu_2634  |product_dense_ap_fixed_ap_fixed_ap_fixed_16_4_5_3_0_s  |        1|        1|  5.000 ns |  5.000 ns |     1|     1| function |
        |grp_product_dense_ap_fixed_ap_fixed_ap_fixed_16_4_5_3_0_s_fu_2640  |product_dense_ap_fixed_ap_fixed_ap_fixed_16_4_5_3_0_s  |        1|        1|  5.000 ns |  5.000 ns |     1|     1| function |
        |grp_product_dense_ap_fixed_ap_fixed_ap_fixed_16_4_5_3_0_s_fu_2646  |product_dense_ap_fixed_ap_fixed_ap_fixed_16_4_5_3_0_s  |        1|        1|  5.000 ns |  5.000 ns |     1|     1| function |
        |grp_product_dense_ap_fixed_ap_fixed_ap_fixed_16_4_5_3_0_s_fu_2652  |product_dense_ap_fixed_ap_fixed_ap_fixed_16_4_5_3_0_s  |        1|        1|  5.000 ns |  5.000 ns |     1|     1| function |
        |grp_product_dense_ap_fixed_ap_fixed_ap_fixed_16_4_5_3_0_s_fu_2658  |product_dense_ap_fixed_ap_fixed_ap_fixed_16_4_5_3_0_s  |        1|        1|  5.000 ns |  5.000 ns |     1|     1| function |
        |grp_product_dense_ap_fixed_ap_fixed_ap_fixed_16_4_5_3_0_s_fu_2664  |product_dense_ap_fixed_ap_fixed_ap_fixed_16_4_5_3_0_s  |        1|        1|  5.000 ns |  5.000 ns |     1|     1| function |
        |grp_product_dense_ap_fixed_ap_fixed_ap_fixed_16_4_5_3_0_s_fu_2670  |product_dense_ap_fixed_ap_fixed_ap_fixed_16_4_5_3_0_s  |        1|        1|  5.000 ns |  5.000 ns |     1|     1| function |
        |grp_product_dense_ap_fixed_ap_fixed_ap_fixed_16_4_5_3_0_s_fu_2676  |product_dense_ap_fixed_ap_fixed_ap_fixed_16_4_5_3_0_s  |        1|        1|  5.000 ns |  5.000 ns |     1|     1| function |
        |grp_product_dense_ap_fixed_ap_fixed_ap_fixed_16_4_5_3_0_s_fu_2682  |product_dense_ap_fixed_ap_fixed_ap_fixed_16_4_5_3_0_s  |        1|        1|  5.000 ns |  5.000 ns |     1|     1| function |
        |grp_product_dense_ap_fixed_ap_fixed_ap_fixed_16_4_5_3_0_s_fu_2688  |product_dense_ap_fixed_ap_fixed_ap_fixed_16_4_5_3_0_s  |        1|        1|  5.000 ns |  5.000 ns |     1|     1| function |
        |grp_product_dense_ap_fixed_ap_fixed_ap_fixed_16_4_5_3_0_s_fu_2694  |product_dense_ap_fixed_ap_fixed_ap_fixed_16_4_5_3_0_s  |        1|        1|  5.000 ns |  5.000 ns |     1|     1| function |
        |grp_product_dense_ap_fixed_ap_fixed_ap_fixed_16_4_5_3_0_s_fu_2700  |product_dense_ap_fixed_ap_fixed_ap_fixed_16_4_5_3_0_s  |        1|        1|  5.000 ns |  5.000 ns |     1|     1| function |
        |grp_product_dense_ap_fixed_ap_fixed_ap_fixed_16_4_5_3_0_s_fu_2706  |product_dense_ap_fixed_ap_fixed_ap_fixed_16_4_5_3_0_s  |        1|        1|  5.000 ns |  5.000 ns |     1|     1| function |
        |grp_product_dense_ap_fixed_ap_fixed_ap_fixed_16_4_5_3_0_s_fu_2712  |product_dense_ap_fixed_ap_fixed_ap_fixed_16_4_5_3_0_s  |        1|        1|  5.000 ns |  5.000 ns |     1|     1| function |
        |grp_product_dense_ap_fixed_ap_fixed_ap_fixed_16_4_5_3_0_s_fu_2718  |product_dense_ap_fixed_ap_fixed_ap_fixed_16_4_5_3_0_s  |        1|        1|  5.000 ns |  5.000 ns |     1|     1| function |
        |grp_product_dense_ap_fixed_ap_fixed_ap_fixed_16_4_5_3_0_s_fu_2724  |product_dense_ap_fixed_ap_fixed_ap_fixed_16_4_5_3_0_s  |        1|        1|  5.000 ns |  5.000 ns |     1|     1| function |
        |grp_product_dense_ap_fixed_ap_fixed_ap_fixed_16_4_5_3_0_s_fu_2730  |product_dense_ap_fixed_ap_fixed_ap_fixed_16_4_5_3_0_s  |        1|        1|  5.000 ns |  5.000 ns |     1|     1| function |
        |grp_product_dense_ap_fixed_ap_fixed_ap_fixed_16_4_5_3_0_s_fu_2736  |product_dense_ap_fixed_ap_fixed_ap_fixed_16_4_5_3_0_s  |        1|        1|  5.000 ns |  5.000 ns |     1|     1| function |
        |grp_product_dense_ap_fixed_ap_fixed_ap_fixed_16_4_5_3_0_s_fu_2742  |product_dense_ap_fixed_ap_fixed_ap_fixed_16_4_5_3_0_s  |        1|        1|  5.000 ns |  5.000 ns |     1|     1| function |
        |grp_product_dense_ap_fixed_ap_fixed_ap_fixed_16_4_5_3_0_s_fu_2748  |product_dense_ap_fixed_ap_fixed_ap_fixed_16_4_5_3_0_s  |        1|        1|  5.000 ns |  5.000 ns |     1|     1| function |
        |grp_product_dense_ap_fixed_ap_fixed_ap_fixed_16_4_5_3_0_s_fu_2754  |product_dense_ap_fixed_ap_fixed_ap_fixed_16_4_5_3_0_s  |        1|        1|  5.000 ns |  5.000 ns |     1|     1| function |
        |grp_product_dense_ap_fixed_ap_fixed_ap_fixed_16_4_5_3_0_s_fu_2760  |product_dense_ap_fixed_ap_fixed_ap_fixed_16_4_5_3_0_s  |        1|        1|  5.000 ns |  5.000 ns |     1|     1| function |
        |grp_product_dense_ap_fixed_ap_fixed_ap_fixed_16_4_5_3_0_s_fu_2766  |product_dense_ap_fixed_ap_fixed_ap_fixed_16_4_5_3_0_s  |        1|        1|  5.000 ns |  5.000 ns |     1|     1| function |
        |grp_product_dense_ap_fixed_ap_fixed_ap_fixed_16_4_5_3_0_s_fu_2772  |product_dense_ap_fixed_ap_fixed_ap_fixed_16_4_5_3_0_s  |        1|        1|  5.000 ns |  5.000 ns |     1|     1| function |
        |grp_product_dense_ap_fixed_ap_fixed_ap_fixed_16_4_5_3_0_s_fu_2778  |product_dense_ap_fixed_ap_fixed_ap_fixed_16_4_5_3_0_s  |        1|        1|  5.000 ns |  5.000 ns |     1|     1| function |
        |grp_product_dense_ap_fixed_ap_fixed_ap_fixed_16_4_5_3_0_s_fu_2784  |product_dense_ap_fixed_ap_fixed_ap_fixed_16_4_5_3_0_s  |        1|        1|  5.000 ns |  5.000 ns |     1|     1| function |
        |grp_product_dense_ap_fixed_ap_fixed_ap_fixed_16_4_5_3_0_s_fu_2790  |product_dense_ap_fixed_ap_fixed_ap_fixed_16_4_5_3_0_s  |        1|        1|  5.000 ns |  5.000 ns |     1|     1| function |
        |grp_product_dense_ap_fixed_ap_fixed_ap_fixed_16_4_5_3_0_s_fu_2796  |product_dense_ap_fixed_ap_fixed_ap_fixed_16_4_5_3_0_s  |        1|        1|  5.000 ns |  5.000 ns |     1|     1| function |
        |grp_product_dense_ap_fixed_ap_fixed_ap_fixed_16_4_5_3_0_s_fu_2802  |product_dense_ap_fixed_ap_fixed_ap_fixed_16_4_5_3_0_s  |        1|        1|  5.000 ns |  5.000 ns |     1|     1| function |
        |grp_product_dense_ap_fixed_ap_fixed_ap_fixed_16_4_5_3_0_s_fu_2808  |product_dense_ap_fixed_ap_fixed_ap_fixed_16_4_5_3_0_s  |        1|        1|  5.000 ns |  5.000 ns |     1|     1| function |
        |grp_product_dense_ap_fixed_ap_fixed_ap_fixed_16_4_5_3_0_s_fu_2814  |product_dense_ap_fixed_ap_fixed_ap_fixed_16_4_5_3_0_s  |        1|        1|  5.000 ns |  5.000 ns |     1|     1| function |
        |grp_product_dense_ap_fixed_ap_fixed_ap_fixed_16_4_5_3_0_s_fu_2820  |product_dense_ap_fixed_ap_fixed_ap_fixed_16_4_5_3_0_s  |        1|        1|  5.000 ns |  5.000 ns |     1|     1| function |
        |grp_product_dense_ap_fixed_ap_fixed_ap_fixed_16_4_5_3_0_s_fu_2826  |product_dense_ap_fixed_ap_fixed_ap_fixed_16_4_5_3_0_s  |        1|        1|  5.000 ns |  5.000 ns |     1|     1| function |
        |grp_product_dense_ap_fixed_ap_fixed_ap_fixed_16_4_5_3_0_s_fu_2832  |product_dense_ap_fixed_ap_fixed_ap_fixed_16_4_5_3_0_s  |        1|        1|  5.000 ns |  5.000 ns |     1|     1| function |
        |grp_product_dense_ap_fixed_ap_fixed_ap_fixed_16_4_5_3_0_s_fu_2838  |product_dense_ap_fixed_ap_fixed_ap_fixed_16_4_5_3_0_s  |        1|        1|  5.000 ns |  5.000 ns |     1|     1| function |
        |grp_product_dense_ap_fixed_ap_fixed_ap_fixed_16_4_5_3_0_s_fu_2844  |product_dense_ap_fixed_ap_fixed_ap_fixed_16_4_5_3_0_s  |        1|        1|  5.000 ns |  5.000 ns |     1|     1| function |
        |grp_product_dense_ap_fixed_ap_fixed_ap_fixed_16_4_5_3_0_s_fu_2850  |product_dense_ap_fixed_ap_fixed_ap_fixed_16_4_5_3_0_s  |        1|        1|  5.000 ns |  5.000 ns |     1|     1| function |
        |grp_product_dense_ap_fixed_ap_fixed_ap_fixed_16_4_5_3_0_s_fu_2856  |product_dense_ap_fixed_ap_fixed_ap_fixed_16_4_5_3_0_s  |        1|        1|  5.000 ns |  5.000 ns |     1|     1| function |
        |grp_product_dense_ap_fixed_ap_fixed_ap_fixed_16_4_5_3_0_s_fu_2862  |product_dense_ap_fixed_ap_fixed_ap_fixed_16_4_5_3_0_s  |        1|        1|  5.000 ns |  5.000 ns |     1|     1| function |
        |grp_product_dense_ap_fixed_ap_fixed_ap_fixed_16_4_5_3_0_s_fu_2868  |product_dense_ap_fixed_ap_fixed_ap_fixed_16_4_5_3_0_s  |        1|        1|  5.000 ns |  5.000 ns |     1|     1| function |
        |grp_product_dense_ap_fixed_ap_fixed_ap_fixed_16_4_5_3_0_s_fu_2874  |product_dense_ap_fixed_ap_fixed_ap_fixed_16_4_5_3_0_s  |        1|        1|  5.000 ns |  5.000 ns |     1|     1| function |
        |grp_product_dense_ap_fixed_ap_fixed_ap_fixed_16_4_5_3_0_s_fu_2880  |product_dense_ap_fixed_ap_fixed_ap_fixed_16_4_5_3_0_s  |        1|        1|  5.000 ns |  5.000 ns |     1|     1| function |
        |grp_product_dense_ap_fixed_ap_fixed_ap_fixed_16_4_5_3_0_s_fu_2886  |product_dense_ap_fixed_ap_fixed_ap_fixed_16_4_5_3_0_s  |        1|        1|  5.000 ns |  5.000 ns |     1|     1| function |
        +-------------------------------------------------------------------+-------------------------------------------------------+---------+---------+-----------+-----------+------+------+----------+

        * Loop: 
        +-------------+---------+---------+-------------+-----------+-----------+------+----------+
        |             |  Latency (cycles) |  Iteration  |  Initiation Interval  | Trip |          |
        |  Loop Name  |   min   |   max   |   Latency   |  achieved |   target  | Count| Pipelined|
        +-------------+---------+---------+-------------+-----------+-----------+------+----------+
        |- Loop 1     |   525150|   691425| 2334 ~ 3073 |          -|          -|   225|    no    |
        | + Loop 1.1  |       64|       64|            1|          -|          -|    64|    no    |
        | + Loop 1.2  |      578|      578|            4|          1|          1|   576|    yes   |
        | + CastLoop  |      128|      128|            2|          -|          -|    64|    no    |
        +-------------+---------+---------+-------------+-----------+-----------+------+----------+



================================================================
== Utilization Estimates
================================================================
* Summary: 
+---------------------+---------+-------+---------+--------+-----+
|         Name        | BRAM_18K| DSP48E|    FF   |   LUT  | URAM|
+---------------------+---------+-------+---------+--------+-----+
|DSP                  |        -|      -|        -|       -|    -|
|Expression           |        -|      -|        0|    1942|    -|
|FIFO                 |        -|      -|        -|       -|    -|
|Instance             |        1|     64|     2595|    2712|    0|
|Memory               |       25|      -|        0|       0|    0|
|Multiplexer          |        -|      -|        -|    1603|    -|
|Register             |        0|      -|     1778|       1|    -|
+---------------------+---------+-------+---------+--------+-----+
|Total                |       26|     64|     4373|    6258|    0|
+---------------------+---------+-------+---------+--------+-----+
|Available SLR        |     2160|   2760|   663360|  331680|    0|
+---------------------+---------+-------+---------+--------+-----+
|Utilization SLR (%)  |        1|      2|    ~0   |       1|  100|
+---------------------+---------+-------+---------+--------+-----+
|Available            |     4320|   5520|  1326720|  663360|    0|
+---------------------+---------+-------+---------+--------+-----+
|Utilization (%)      |    ~0   |      1|    ~0   |   ~0   |    0|
+---------------------+---------+-------+---------+--------+-----+

+ Detail: 
    * Instance: 
    +-------------------------------------------------------------------+-------------------------------------------------------+---------+-------+-----+------+-----+
    |                              Instance                             |                         Module                        | BRAM_18K| DSP48E|  FF |  LUT | URAM|
    +-------------------------------------------------------------------+-------------------------------------------------------+---------+-------+-----+------+-----+
    |grp_cnnshift_arr_ap_fixed_ap_fixed_16_4_5_3_0_config12_s_fu_2245   |cnnshift_arr_ap_fixed_ap_fixed_16_4_5_3_0_config12_s   |        1|      0|  163|  2136|    0|
    |grp_product_dense_ap_fixed_ap_fixed_ap_fixed_16_4_5_3_0_s_fu_2508  |product_dense_ap_fixed_ap_fixed_ap_fixed_16_4_5_3_0_s  |        0|      1|   38|     9|    0|
    |grp_product_dense_ap_fixed_ap_fixed_ap_fixed_16_4_5_3_0_s_fu_2514  |product_dense_ap_fixed_ap_fixed_ap_fixed_16_4_5_3_0_s  |        0|      1|   38|     9|    0|
    |grp_product_dense_ap_fixed_ap_fixed_ap_fixed_16_4_5_3_0_s_fu_2520  |product_dense_ap_fixed_ap_fixed_ap_fixed_16_4_5_3_0_s  |        0|      1|   38|     9|    0|
    |grp_product_dense_ap_fixed_ap_fixed_ap_fixed_16_4_5_3_0_s_fu_2526  |product_dense_ap_fixed_ap_fixed_ap_fixed_16_4_5_3_0_s  |        0|      1|   38|     9|    0|
    |grp_product_dense_ap_fixed_ap_fixed_ap_fixed_16_4_5_3_0_s_fu_2532  |product_dense_ap_fixed_ap_fixed_ap_fixed_16_4_5_3_0_s  |        0|      1|   38|     9|    0|
    |grp_product_dense_ap_fixed_ap_fixed_ap_fixed_16_4_5_3_0_s_fu_2538  |product_dense_ap_fixed_ap_fixed_ap_fixed_16_4_5_3_0_s  |        0|      1|   38|     9|    0|
    |grp_product_dense_ap_fixed_ap_fixed_ap_fixed_16_4_5_3_0_s_fu_2544  |product_dense_ap_fixed_ap_fixed_ap_fixed_16_4_5_3_0_s  |        0|      1|   38|     9|    0|
    |grp_product_dense_ap_fixed_ap_fixed_ap_fixed_16_4_5_3_0_s_fu_2550  |product_dense_ap_fixed_ap_fixed_ap_fixed_16_4_5_3_0_s  |        0|      1|   38|     9|    0|
    |grp_product_dense_ap_fixed_ap_fixed_ap_fixed_16_4_5_3_0_s_fu_2556  |product_dense_ap_fixed_ap_fixed_ap_fixed_16_4_5_3_0_s  |        0|      1|   38|     9|    0|
    |grp_product_dense_ap_fixed_ap_fixed_ap_fixed_16_4_5_3_0_s_fu_2562  |product_dense_ap_fixed_ap_fixed_ap_fixed_16_4_5_3_0_s  |        0|      1|   38|     9|    0|
    |grp_product_dense_ap_fixed_ap_fixed_ap_fixed_16_4_5_3_0_s_fu_2568  |product_dense_ap_fixed_ap_fixed_ap_fixed_16_4_5_3_0_s  |        0|      1|   38|     9|    0|
    |grp_product_dense_ap_fixed_ap_fixed_ap_fixed_16_4_5_3_0_s_fu_2574  |product_dense_ap_fixed_ap_fixed_ap_fixed_16_4_5_3_0_s  |        0|      1|   38|     9|    0|
    |grp_product_dense_ap_fixed_ap_fixed_ap_fixed_16_4_5_3_0_s_fu_2580  |product_dense_ap_fixed_ap_fixed_ap_fixed_16_4_5_3_0_s  |        0|      1|   38|     9|    0|
    |grp_product_dense_ap_fixed_ap_fixed_ap_fixed_16_4_5_3_0_s_fu_2586  |product_dense_ap_fixed_ap_fixed_ap_fixed_16_4_5_3_0_s  |        0|      1|   38|     9|    0|
    |grp_product_dense_ap_fixed_ap_fixed_ap_fixed_16_4_5_3_0_s_fu_2592  |product_dense_ap_fixed_ap_fixed_ap_fixed_16_4_5_3_0_s  |        0|      1|   38|     9|    0|
    |grp_product_dense_ap_fixed_ap_fixed_ap_fixed_16_4_5_3_0_s_fu_2598  |product_dense_ap_fixed_ap_fixed_ap_fixed_16_4_5_3_0_s  |        0|      1|   38|     9|    0|
    |grp_product_dense_ap_fixed_ap_fixed_ap_fixed_16_4_5_3_0_s_fu_2604  |product_dense_ap_fixed_ap_fixed_ap_fixed_16_4_5_3_0_s  |        0|      1|   38|     9|    0|
    |grp_product_dense_ap_fixed_ap_fixed_ap_fixed_16_4_5_3_0_s_fu_2610  |product_dense_ap_fixed_ap_fixed_ap_fixed_16_4_5_3_0_s  |        0|      1|   38|     9|    0|
    |grp_product_dense_ap_fixed_ap_fixed_ap_fixed_16_4_5_3_0_s_fu_2616  |product_dense_ap_fixed_ap_fixed_ap_fixed_16_4_5_3_0_s  |        0|      1|   38|     9|    0|
    |grp_product_dense_ap_fixed_ap_fixed_ap_fixed_16_4_5_3_0_s_fu_2622  |product_dense_ap_fixed_ap_fixed_ap_fixed_16_4_5_3_0_s  |        0|      1|   38|     9|    0|
    |grp_product_dense_ap_fixed_ap_fixed_ap_fixed_16_4_5_3_0_s_fu_2628  |product_dense_ap_fixed_ap_fixed_ap_fixed_16_4_5_3_0_s  |        0|      1|   38|     9|    0|
    |grp_product_dense_ap_fixed_ap_fixed_ap_fixed_16_4_5_3_0_s_fu_2634  |product_dense_ap_fixed_ap_fixed_ap_fixed_16_4_5_3_0_s  |        0|      1|   38|     9|    0|
    |grp_product_dense_ap_fixed_ap_fixed_ap_fixed_16_4_5_3_0_s_fu_2640  |product_dense_ap_fixed_ap_fixed_ap_fixed_16_4_5_3_0_s  |        0|      1|   38|     9|    0|
    |grp_product_dense_ap_fixed_ap_fixed_ap_fixed_16_4_5_3_0_s_fu_2646  |product_dense_ap_fixed_ap_fixed_ap_fixed_16_4_5_3_0_s  |        0|      1|   38|     9|    0|
    |grp_product_dense_ap_fixed_ap_fixed_ap_fixed_16_4_5_3_0_s_fu_2652  |product_dense_ap_fixed_ap_fixed_ap_fixed_16_4_5_3_0_s  |        0|      1|   38|     9|    0|
    |grp_product_dense_ap_fixed_ap_fixed_ap_fixed_16_4_5_3_0_s_fu_2658  |product_dense_ap_fixed_ap_fixed_ap_fixed_16_4_5_3_0_s  |        0|      1|   38|     9|    0|
    |grp_product_dense_ap_fixed_ap_fixed_ap_fixed_16_4_5_3_0_s_fu_2664  |product_dense_ap_fixed_ap_fixed_ap_fixed_16_4_5_3_0_s  |        0|      1|   38|     9|    0|
    |grp_product_dense_ap_fixed_ap_fixed_ap_fixed_16_4_5_3_0_s_fu_2670  |product_dense_ap_fixed_ap_fixed_ap_fixed_16_4_5_3_0_s  |        0|      1|   38|     9|    0|
    |grp_product_dense_ap_fixed_ap_fixed_ap_fixed_16_4_5_3_0_s_fu_2676  |product_dense_ap_fixed_ap_fixed_ap_fixed_16_4_5_3_0_s  |        0|      1|   38|     9|    0|
    |grp_product_dense_ap_fixed_ap_fixed_ap_fixed_16_4_5_3_0_s_fu_2682  |product_dense_ap_fixed_ap_fixed_ap_fixed_16_4_5_3_0_s  |        0|      1|   38|     9|    0|
    |grp_product_dense_ap_fixed_ap_fixed_ap_fixed_16_4_5_3_0_s_fu_2688  |product_dense_ap_fixed_ap_fixed_ap_fixed_16_4_5_3_0_s  |        0|      1|   38|     9|    0|
    |grp_product_dense_ap_fixed_ap_fixed_ap_fixed_16_4_5_3_0_s_fu_2694  |product_dense_ap_fixed_ap_fixed_ap_fixed_16_4_5_3_0_s  |        0|      1|   38|     9|    0|
    |grp_product_dense_ap_fixed_ap_fixed_ap_fixed_16_4_5_3_0_s_fu_2700  |product_dense_ap_fixed_ap_fixed_ap_fixed_16_4_5_3_0_s  |        0|      1|   38|     9|    0|
    |grp_product_dense_ap_fixed_ap_fixed_ap_fixed_16_4_5_3_0_s_fu_2706  |product_dense_ap_fixed_ap_fixed_ap_fixed_16_4_5_3_0_s  |        0|      1|   38|     9|    0|
    |grp_product_dense_ap_fixed_ap_fixed_ap_fixed_16_4_5_3_0_s_fu_2712  |product_dense_ap_fixed_ap_fixed_ap_fixed_16_4_5_3_0_s  |        0|      1|   38|     9|    0|
    |grp_product_dense_ap_fixed_ap_fixed_ap_fixed_16_4_5_3_0_s_fu_2718  |product_dense_ap_fixed_ap_fixed_ap_fixed_16_4_5_3_0_s  |        0|      1|   38|     9|    0|
    |grp_product_dense_ap_fixed_ap_fixed_ap_fixed_16_4_5_3_0_s_fu_2724  |product_dense_ap_fixed_ap_fixed_ap_fixed_16_4_5_3_0_s  |        0|      1|   38|     9|    0|
    |grp_product_dense_ap_fixed_ap_fixed_ap_fixed_16_4_5_3_0_s_fu_2730  |product_dense_ap_fixed_ap_fixed_ap_fixed_16_4_5_3_0_s  |        0|      1|   38|     9|    0|
    |grp_product_dense_ap_fixed_ap_fixed_ap_fixed_16_4_5_3_0_s_fu_2736  |product_dense_ap_fixed_ap_fixed_ap_fixed_16_4_5_3_0_s  |        0|      1|   38|     9|    0|
    |grp_product_dense_ap_fixed_ap_fixed_ap_fixed_16_4_5_3_0_s_fu_2742  |product_dense_ap_fixed_ap_fixed_ap_fixed_16_4_5_3_0_s  |        0|      1|   38|     9|    0|
    |grp_product_dense_ap_fixed_ap_fixed_ap_fixed_16_4_5_3_0_s_fu_2748  |product_dense_ap_fixed_ap_fixed_ap_fixed_16_4_5_3_0_s  |        0|      1|   38|     9|    0|
    |grp_product_dense_ap_fixed_ap_fixed_ap_fixed_16_4_5_3_0_s_fu_2754  |product_dense_ap_fixed_ap_fixed_ap_fixed_16_4_5_3_0_s  |        0|      1|   38|     9|    0|
    |grp_product_dense_ap_fixed_ap_fixed_ap_fixed_16_4_5_3_0_s_fu_2760  |product_dense_ap_fixed_ap_fixed_ap_fixed_16_4_5_3_0_s  |        0|      1|   38|     9|    0|
    |grp_product_dense_ap_fixed_ap_fixed_ap_fixed_16_4_5_3_0_s_fu_2766  |product_dense_ap_fixed_ap_fixed_ap_fixed_16_4_5_3_0_s  |        0|      1|   38|     9|    0|
    |grp_product_dense_ap_fixed_ap_fixed_ap_fixed_16_4_5_3_0_s_fu_2772  |product_dense_ap_fixed_ap_fixed_ap_fixed_16_4_5_3_0_s  |        0|      1|   38|     9|    0|
    |grp_product_dense_ap_fixed_ap_fixed_ap_fixed_16_4_5_3_0_s_fu_2778  |product_dense_ap_fixed_ap_fixed_ap_fixed_16_4_5_3_0_s  |        0|      1|   38|     9|    0|
    |grp_product_dense_ap_fixed_ap_fixed_ap_fixed_16_4_5_3_0_s_fu_2784  |product_dense_ap_fixed_ap_fixed_ap_fixed_16_4_5_3_0_s  |        0|      1|   38|     9|    0|
    |grp_product_dense_ap_fixed_ap_fixed_ap_fixed_16_4_5_3_0_s_fu_2790  |product_dense_ap_fixed_ap_fixed_ap_fixed_16_4_5_3_0_s  |        0|      1|   38|     9|    0|
    |grp_product_dense_ap_fixed_ap_fixed_ap_fixed_16_4_5_3_0_s_fu_2796  |product_dense_ap_fixed_ap_fixed_ap_fixed_16_4_5_3_0_s  |        0|      1|   38|     9|    0|
    |grp_product_dense_ap_fixed_ap_fixed_ap_fixed_16_4_5_3_0_s_fu_2802  |product_dense_ap_fixed_ap_fixed_ap_fixed_16_4_5_3_0_s  |        0|      1|   38|     9|    0|
    |grp_product_dense_ap_fixed_ap_fixed_ap_fixed_16_4_5_3_0_s_fu_2808  |product_dense_ap_fixed_ap_fixed_ap_fixed_16_4_5_3_0_s  |        0|      1|   38|     9|    0|
    |grp_product_dense_ap_fixed_ap_fixed_ap_fixed_16_4_5_3_0_s_fu_2814  |product_dense_ap_fixed_ap_fixed_ap_fixed_16_4_5_3_0_s  |        0|      1|   38|     9|    0|
    |grp_product_dense_ap_fixed_ap_fixed_ap_fixed_16_4_5_3_0_s_fu_2820  |product_dense_ap_fixed_ap_fixed_ap_fixed_16_4_5_3_0_s  |        0|      1|   38|     9|    0|
    |grp_product_dense_ap_fixed_ap_fixed_ap_fixed_16_4_5_3_0_s_fu_2826  |product_dense_ap_fixed_ap_fixed_ap_fixed_16_4_5_3_0_s  |        0|      1|   38|     9|    0|
    |grp_product_dense_ap_fixed_ap_fixed_ap_fixed_16_4_5_3_0_s_fu_2832  |product_dense_ap_fixed_ap_fixed_ap_fixed_16_4_5_3_0_s  |        0|      1|   38|     9|    0|
    |grp_product_dense_ap_fixed_ap_fixed_ap_fixed_16_4_5_3_0_s_fu_2838  |product_dense_ap_fixed_ap_fixed_ap_fixed_16_4_5_3_0_s  |        0|      1|   38|     9|    0|
    |grp_product_dense_ap_fixed_ap_fixed_ap_fixed_16_4_5_3_0_s_fu_2844  |product_dense_ap_fixed_ap_fixed_ap_fixed_16_4_5_3_0_s  |        0|      1|   38|     9|    0|
    |grp_product_dense_ap_fixed_ap_fixed_ap_fixed_16_4_5_3_0_s_fu_2850  |product_dense_ap_fixed_ap_fixed_ap_fixed_16_4_5_3_0_s  |        0|      1|   38|     9|    0|
    |grp_product_dense_ap_fixed_ap_fixed_ap_fixed_16_4_5_3_0_s_fu_2856  |product_dense_ap_fixed_ap_fixed_ap_fixed_16_4_5_3_0_s  |        0|      1|   38|     9|    0|
    |grp_product_dense_ap_fixed_ap_fixed_ap_fixed_16_4_5_3_0_s_fu_2862  |product_dense_ap_fixed_ap_fixed_ap_fixed_16_4_5_3_0_s  |        0|      1|   38|     9|    0|
    |grp_product_dense_ap_fixed_ap_fixed_ap_fixed_16_4_5_3_0_s_fu_2868  |product_dense_ap_fixed_ap_fixed_ap_fixed_16_4_5_3_0_s  |        0|      1|   38|     9|    0|
    |grp_product_dense_ap_fixed_ap_fixed_ap_fixed_16_4_5_3_0_s_fu_2874  |product_dense_ap_fixed_ap_fixed_ap_fixed_16_4_5_3_0_s  |        0|      1|   38|     9|    0|
    |grp_product_dense_ap_fixed_ap_fixed_ap_fixed_16_4_5_3_0_s_fu_2880  |product_dense_ap_fixed_ap_fixed_ap_fixed_16_4_5_3_0_s  |        0|      1|   38|     9|    0|
    |grp_product_dense_ap_fixed_ap_fixed_ap_fixed_16_4_5_3_0_s_fu_2886  |product_dense_ap_fixed_ap_fixed_ap_fixed_16_4_5_3_0_s  |        0|      1|   38|     9|    0|
    +-------------------------------------------------------------------+-------------------------------------------------------+---------+-------+-----+------+-----+
    |Total                                                              |                                                       |        1|     64| 2595|  2712|    0|
    +-------------------------------------------------------------------+-------------------------------------------------------+---------+-------+-----+------+-----+

    * DSP48E: 
    N/A

    * Memory: 
    +---------------+--------------------------------------------------------------+---------+---+----+-----+------+-----+------+-------------+
    |     Memory    |                            Module                            | BRAM_18K| FF| LUT| URAM| Words| Bits| Banks| W*Bits*Banks|
    +---------------+--------------------------------------------------------------+---------+---+----+-----+------+-----+------+-------------+
    |tmpdata_V_U    |cnnshift_arr_ap_fixed_ap_fixed_16_4_5_3_0_config8_s_tmpinbXr  |        1|  0|   0|    0|    64|   16|     1|         1024|
    |layer_in_V_U   |conv_2d_cl_me_ap_fixed_ap_fixed_16_4_5_3_0_config12_s_layfcY  |        1|  0|   0|    0|   576|   16|     1|         9216|
    |w12_V_U        |conv_2d_cl_me_ap_fixed_ap_fixed_16_4_5_3_0_config12_s_w12_V   |       22|  0|   0|    0|   576|  383|     1|       220608|
    |layer_out_i_U  |conv_2d_cl_me_ap_fixed_ap_fixed_16_4_5_3_0_config9_s_layec6D  |        1|  0|   0|    0|    64|   16|     1|         1024|
    +---------------+--------------------------------------------------------------+---------+---+----+-----+------+-----+------+-------------+
    |Total          |                                                              |       25|  0|   0|    0|  1280|  431|     4|       231872|
    +---------------+--------------------------------------------------------------+---------+---+----+-----+------+-----+------+-------------+

    * FIFO: 
    N/A

    * Expression: 
    +--------------------------+----------+-------+---+----+------------+------------+
    |       Variable Name      | Operation| DSP48E| FF| LUT| Bitwidth P0| Bitwidth P1|
    +--------------------------+----------+-------+---+----+------------+------------+
    |acc_0_V_fu_3687_p2        |     +    |      0|  0|  23|          16|          16|
    |acc_10_V_fu_3747_p2       |     +    |      0|  0|  23|          16|          16|
    |acc_11_V_fu_3753_p2       |     +    |      0|  0|  23|          16|          16|
    |acc_12_V_fu_3759_p2       |     +    |      0|  0|  23|          16|          16|
    |acc_13_V_fu_3765_p2       |     +    |      0|  0|  23|          16|          16|
    |acc_14_V_fu_3771_p2       |     +    |      0|  0|  23|          16|          16|
    |acc_15_V_fu_3777_p2       |     +    |      0|  0|  23|          16|          16|
    |acc_16_V_fu_3783_p2       |     +    |      0|  0|  23|          16|          16|
    |acc_17_V_fu_3789_p2       |     +    |      0|  0|  23|          16|          16|
    |acc_18_V_fu_3795_p2       |     +    |      0|  0|  23|          16|          16|
    |acc_19_V_fu_3801_p2       |     +    |      0|  0|  23|          16|          16|
    |acc_1_V_fu_3693_p2        |     +    |      0|  0|  23|          16|          16|
    |acc_20_V_fu_3807_p2       |     +    |      0|  0|  23|          16|          16|
    |acc_21_V_fu_3813_p2       |     +    |      0|  0|  23|          16|          16|
    |acc_22_V_fu_3819_p2       |     +    |      0|  0|  23|          16|          16|
    |acc_23_V_fu_3825_p2       |     +    |      0|  0|  23|          16|          16|
    |acc_24_V_fu_3831_p2       |     +    |      0|  0|  23|          16|          16|
    |acc_25_V_fu_3837_p2       |     +    |      0|  0|  23|          16|          16|
    |acc_26_V_fu_3843_p2       |     +    |      0|  0|  23|          16|          16|
    |acc_27_V_fu_3849_p2       |     +    |      0|  0|  23|          16|          16|
    |acc_28_V_fu_3855_p2       |     +    |      0|  0|  23|          16|          16|
    |acc_29_V_fu_3861_p2       |     +    |      0|  0|  23|          16|          16|
    |acc_2_V_fu_3699_p2        |     +    |      0|  0|  23|          16|          16|
    |acc_30_V_fu_3867_p2       |     +    |      0|  0|  23|          16|          16|
    |acc_31_V_fu_3873_p2       |     +    |      0|  0|  23|          16|          16|
    |acc_32_V_fu_3879_p2       |     +    |      0|  0|  23|          16|          16|
    |acc_33_V_fu_3885_p2       |     +    |      0|  0|  23|          16|          16|
    |acc_34_V_fu_3891_p2       |     +    |      0|  0|  23|          16|          16|
    |acc_35_V_fu_3897_p2       |     +    |      0|  0|  23|          16|          16|
    |acc_36_V_fu_3903_p2       |     +    |      0|  0|  23|          16|          16|
    |acc_37_V_fu_3909_p2       |     +    |      0|  0|  23|          16|          16|
    |acc_38_V_fu_3915_p2       |     +    |      0|  0|  23|          16|          16|
    |acc_39_V_fu_3921_p2       |     +    |      0|  0|  23|          16|          16|
    |acc_3_V_fu_3705_p2        |     +    |      0|  0|  23|          16|          16|
    |acc_40_V_fu_3927_p2       |     +    |      0|  0|  23|          16|          16|
    |acc_41_V_fu_3933_p2       |     +    |      0|  0|  23|          16|          16|
    |acc_42_V_fu_3939_p2       |     +    |      0|  0|  23|          16|          16|
    |acc_43_V_fu_3945_p2       |     +    |      0|  0|  23|          16|          16|
    |acc_44_V_fu_3951_p2       |     +    |      0|  0|  23|          16|          16|
    |acc_45_V_fu_3957_p2       |     +    |      0|  0|  23|          16|          16|
    |acc_46_V_fu_3963_p2       |     +    |      0|  0|  23|          16|          16|
    |acc_47_V_fu_3969_p2       |     +    |      0|  0|  23|          16|          16|
    |acc_48_V_fu_3975_p2       |     +    |      0|  0|  23|          16|          16|
    |acc_49_V_fu_3981_p2       |     +    |      0|  0|  23|          16|          16|
    |acc_4_V_fu_3711_p2        |     +    |      0|  0|  23|          16|          16|
    |acc_50_V_fu_3987_p2       |     +    |      0|  0|  23|          16|          16|
    |acc_51_V_fu_3993_p2       |     +    |      0|  0|  23|          16|          16|
    |acc_52_V_fu_3999_p2       |     +    |      0|  0|  23|          16|          16|
    |acc_53_V_fu_4005_p2       |     +    |      0|  0|  23|          16|          16|
    |acc_54_V_fu_4011_p2       |     +    |      0|  0|  23|          16|          16|
    |acc_55_V_fu_4017_p2       |     +    |      0|  0|  23|          16|          16|
    |acc_56_V_fu_4023_p2       |     +    |      0|  0|  23|          16|          16|
    |acc_57_V_fu_4029_p2       |     +    |      0|  0|  23|          16|          16|
    |acc_58_V_fu_4035_p2       |     +    |      0|  0|  23|          16|          16|
    |acc_59_V_fu_4041_p2       |     +    |      0|  0|  23|          16|          16|
    |acc_5_V_fu_3717_p2        |     +    |      0|  0|  23|          16|          16|
    |acc_60_V_fu_4047_p2       |     +    |      0|  0|  23|          16|          16|
    |acc_61_V_fu_4053_p2       |     +    |      0|  0|  23|          16|          16|
    |acc_62_V_fu_4059_p2       |     +    |      0|  0|  23|          16|          16|
    |acc_63_V_fu_4065_p2       |     +    |      0|  0|  23|          16|          16|
    |acc_6_V_fu_3723_p2        |     +    |      0|  0|  23|          16|          16|
    |acc_7_V_fu_3729_p2        |     +    |      0|  0|  23|          16|          16|
    |acc_8_V_fu_3735_p2        |     +    |      0|  0|  23|          16|          16|
    |acc_9_V_fu_3741_p2        |     +    |      0|  0|  23|          16|          16|
    |add_ln245_fu_4153_p2      |     +    |      0|  0|  39|          32|           1|
    |add_ln247_fu_4165_p2      |     +    |      0|  0|  39|          32|           1|
    |add_ln250_fu_4094_p2      |     +    |      0|  0|  39|          32|           1|
    |add_ln252_fu_4106_p2      |     +    |      0|  0|  39|          32|           1|
    |i1_fu_2958_p2             |     +    |      0|  0|  15|           7|           1|
    |i_fu_2946_p2              |     +    |      0|  0|  15|           8|           1|
    |i_ic_fu_4077_p2           |     +    |      0|  0|  15|           7|           1|
    |ir_fu_3037_p2             |     +    |      0|  0|  17|          10|           1|
    |and_ln215_7_fu_3019_p2    |    and   |      0|  0|   2|           1|           1|
    |and_ln215_8_fu_3025_p2    |    and   |      0|  0|   2|           1|           1|
    |and_ln215_fu_3013_p2      |    and   |      0|  0|   2|           1|           1|
    |ap_block_state3           |    and   |      0|  0|   2|           1|           1|
    |icmp_ln206_fu_2940_p2     |   icmp   |      0|  0|  11|           8|           6|
    |icmp_ln208_fu_2952_p2     |   icmp   |      0|  0|  11|           7|           8|
    |icmp_ln215_10_fu_2975_p2  |   icmp   |      0|  0|  20|          32|           2|
    |icmp_ln215_11_fu_2991_p2  |   icmp   |      0|  0|  20|          31|           1|
    |icmp_ln215_12_fu_3007_p2  |   icmp   |      0|  0|  20|          31|           1|
    |icmp_ln215_fu_2969_p2     |   icmp   |      0|  0|  20|          32|           2|
    |icmp_ln226_fu_4071_p2     |   icmp   |      0|  0|  11|           7|           8|
    |icmp_ln237_fu_4088_p2     |   icmp   |      0|  0|  20|          32|           4|
    |icmp_ln241_fu_4147_p2     |   icmp   |      0|  0|  20|          32|           4|
    |icmp_ln336_fu_3031_p2     |   icmp   |      0|  0|  13|          10|          10|
    |ap_block_state1           |    or    |      0|  0|   2|           1|           1|
    |ap_condition_3336         |    or    |      0|  0|   2|           1|           1|
    |ap_condition_3341         |    or    |      0|  0|   2|           1|           1|
    |ap_condition_3355         |    or    |      0|  0|   2|           1|           1|
    |ap_condition_3360         |    or    |      0|  0|   2|           1|           1|
    |select_ln247_fu_4171_p3   |  select  |      0|  0|  32|           1|           2|
    |select_ln252_fu_4112_p3   |  select  |      0|  0|  32|           1|           2|
    |ap_enable_pp0             |    xor   |      0|  0|   2|           1|           2|
    |ap_enable_reg_pp0_iter1   |    xor   |      0|  0|   2|           2|           1|
    +--------------------------+----------+-------+---+----+------------+------------+
    |Total                     |          |      0|  0|1942|        1420|        1094|
    +--------------------------+----------+-------+---+----+------------+------------+

    * Multiplexer: 
    +-------------------------+-----+-----------+-----+-----------+
    |           Name          | LUT | Input Size| Bits| Total Bits|
    +-------------------------+-----+-----------+-----+-----------+
    |acc_V_0_0_reg_2210       |    9|          2|   16|         32|
    |acc_V_10_0_reg_2080      |    9|          2|   16|         32|
    |acc_V_11_0_reg_2067      |    9|          2|   16|         32|
    |acc_V_12_0_reg_2054      |    9|          2|   16|         32|
    |acc_V_13_0_reg_2041      |    9|          2|   16|         32|
    |acc_V_14_0_reg_2028      |    9|          2|   16|         32|
    |acc_V_15_0_reg_2015      |    9|          2|   16|         32|
    |acc_V_16_0_reg_2002      |    9|          2|   16|         32|
    |acc_V_17_0_reg_1989      |    9|          2|   16|         32|
    |acc_V_18_0_reg_1976      |    9|          2|   16|         32|
    |acc_V_19_0_reg_1963      |    9|          2|   16|         32|
    |acc_V_1_0_reg_2197       |    9|          2|   16|         32|
    |acc_V_20_0_reg_1950      |    9|          2|   16|         32|
    |acc_V_21_0_reg_1937      |    9|          2|   16|         32|
    |acc_V_22_0_reg_1924      |    9|          2|   16|         32|
    |acc_V_23_0_reg_1911      |    9|          2|   16|         32|
    |acc_V_24_0_reg_1898      |    9|          2|   16|         32|
    |acc_V_25_0_reg_1885      |    9|          2|   16|         32|
    |acc_V_26_0_reg_1872      |    9|          2|   16|         32|
    |acc_V_27_0_reg_1859      |    9|          2|   16|         32|
    |acc_V_28_0_reg_1846      |    9|          2|   16|         32|
    |acc_V_29_0_reg_1833      |    9|          2|   16|         32|
    |acc_V_2_0_reg_2184       |    9|          2|   16|         32|
    |acc_V_30_0_reg_1820      |    9|          2|   16|         32|
    |acc_V_31_0_reg_1807      |    9|          2|   16|         32|
    |acc_V_32_0_reg_1794      |    9|          2|   16|         32|
    |acc_V_33_0_reg_1781      |    9|          2|   16|         32|
    |acc_V_34_0_reg_1768      |    9|          2|   16|         32|
    |acc_V_35_0_reg_1755      |    9|          2|   16|         32|
    |acc_V_36_0_reg_1742      |    9|          2|   16|         32|
    |acc_V_37_0_reg_1729      |    9|          2|   16|         32|
    |acc_V_38_0_reg_1716      |    9|          2|   16|         32|
    |acc_V_39_0_reg_1703      |    9|          2|   16|         32|
    |acc_V_3_0_reg_2171       |    9|          2|   16|         32|
    |acc_V_40_0_reg_1690      |    9|          2|   16|         32|
    |acc_V_41_0_reg_1677      |    9|          2|   16|         32|
    |acc_V_42_0_reg_1664      |    9|          2|   16|         32|
    |acc_V_43_0_reg_1651      |    9|          2|   16|         32|
    |acc_V_44_0_reg_1638      |    9|          2|   16|         32|
    |acc_V_45_0_reg_1625      |    9|          2|   16|         32|
    |acc_V_46_0_reg_1612      |    9|          2|   16|         32|
    |acc_V_47_0_reg_1599      |    9|          2|   16|         32|
    |acc_V_48_0_reg_1586      |    9|          2|   16|         32|
    |acc_V_49_0_reg_1573      |    9|          2|   16|         32|
    |acc_V_4_0_reg_2158       |    9|          2|   16|         32|
    |acc_V_50_0_reg_1560      |    9|          2|   16|         32|
    |acc_V_51_0_reg_1547      |    9|          2|   16|         32|
    |acc_V_52_0_reg_1534      |    9|          2|   16|         32|
    |acc_V_53_0_reg_1521      |    9|          2|   16|         32|
    |acc_V_54_0_reg_1508      |    9|          2|   16|         32|
    |acc_V_55_0_reg_1495      |    9|          2|   16|         32|
    |acc_V_56_0_reg_1482      |    9|          2|   16|         32|
    |acc_V_57_0_reg_1469      |    9|          2|   16|         32|
    |acc_V_58_0_reg_1456      |    9|          2|   16|         32|
    |acc_V_59_0_reg_1443      |    9|          2|   16|         32|
    |acc_V_5_0_reg_2145       |    9|          2|   16|         32|
    |acc_V_60_0_reg_1430      |    9|          2|   16|         32|
    |acc_V_61_0_reg_1417      |    9|          2|   16|         32|
    |acc_V_62_0_reg_1404      |    9|          2|   16|         32|
    |acc_V_63_0_reg_1391      |    9|          2|   16|         32|
    |acc_V_6_0_reg_2132       |    9|          2|   16|         32|
    |acc_V_7_0_reg_2119       |    9|          2|   16|         32|
    |acc_V_8_0_reg_2106       |    9|          2|   16|         32|
    |acc_V_9_0_reg_2093       |    9|          2|   16|         32|
    |ap_NS_fsm                |  181|         41|    1|         41|
    |ap_done                  |    9|          2|    1|          2|
    |ap_enable_reg_pp0_iter1  |    9|          2|    1|          2|
    |ap_enable_reg_pp0_iter3  |    9|          2|    1|          2|
    |data_V_V_blk_n           |    9|          2|    1|          2|
    |i1_0_i_reg_1380          |    9|          2|    7|         14|
    |i_0_i_reg_1369           |    9|          2|    8|         16|
    |i_ic_0_i_reg_2234        |    9|          2|    7|         14|
    |in_index_reg_2223        |    9|          2|   10|         20|
    |layer_in_V_address0      |   15|          3|   10|         30|
    |layer_in_V_ce0           |   15|          3|    1|          3|
    |layer_in_V_we0           |    9|          2|    1|          2|
    |layer_out_i_address0     |  153|         34|    6|        204|
    |layer_out_i_address1     |  149|         33|    6|        198|
    |layer_out_i_d0           |  149|         33|   16|        528|
    |layer_out_i_d1           |  149|         33|   16|        528|
    |pX_5                     |    9|          2|   32|         64|
    |pX_5_loc_0_fu_764        |   15|          3|   32|         96|
    |pY_5                     |    9|          2|   32|         64|
    |pY_5_loc_0_fu_772        |   15|          3|   32|         96|
    |real_start               |    9|          2|    1|          2|
    |res_V_V_blk_n            |    9|          2|    1|          2|
    |sX_5                     |    9|          2|   32|         64|
    |sX_5_loc_0_fu_768        |   15|          3|   32|         96|
    |sY_5_loc_0_fu_776        |   15|          3|   32|         96|
    |tmpdata_V_address0       |   15|          3|    6|         18|
    |tmpdata_V_ce0            |   15|          3|    1|          3|
    +-------------------------+-----+-----------+-----+-----------+
    |Total                    | 1603|        354| 1350|       4255|
    +-------------------------+-----+-----------+-----+-----------+

    * Register: 
    +-------------------------------------------------------------------------------+----+----+-----+-----------+
    |                                      Name                                     | FF | LUT| Bits| Const Bits|
    +-------------------------------------------------------------------------------+----+----+-----+-----------+
    |acc_V_0_0_reg_2210                                                             |  16|   0|   16|          0|
    |acc_V_10_0_reg_2080                                                            |  16|   0|   16|          0|
    |acc_V_11_0_reg_2067                                                            |  16|   0|   16|          0|
    |acc_V_12_0_reg_2054                                                            |  16|   0|   16|          0|
    |acc_V_13_0_reg_2041                                                            |  16|   0|   16|          0|
    |acc_V_14_0_reg_2028                                                            |  16|   0|   16|          0|
    |acc_V_15_0_reg_2015                                                            |  16|   0|   16|          0|
    |acc_V_16_0_reg_2002                                                            |  16|   0|   16|          0|
    |acc_V_17_0_reg_1989                                                            |  16|   0|   16|          0|
    |acc_V_18_0_reg_1976                                                            |  16|   0|   16|          0|
    |acc_V_19_0_reg_1963                                                            |  16|   0|   16|          0|
    |acc_V_1_0_reg_2197                                                             |  16|   0|   16|          0|
    |acc_V_20_0_reg_1950                                                            |  16|   0|   16|          0|
    |acc_V_21_0_reg_1937                                                            |  16|   0|   16|          0|
    |acc_V_22_0_reg_1924                                                            |  16|   0|   16|          0|
    |acc_V_23_0_reg_1911                                                            |  16|   0|   16|          0|
    |acc_V_24_0_reg_1898                                                            |  16|   0|   16|          0|
    |acc_V_25_0_reg_1885                                                            |  16|   0|   16|          0|
    |acc_V_26_0_reg_1872                                                            |  16|   0|   16|          0|
    |acc_V_27_0_reg_1859                                                            |  16|   0|   16|          0|
    |acc_V_28_0_reg_1846                                                            |  16|   0|   16|          0|
    |acc_V_29_0_reg_1833                                                            |  16|   0|   16|          0|
    |acc_V_2_0_reg_2184                                                             |  16|   0|   16|          0|
    |acc_V_30_0_reg_1820                                                            |  16|   0|   16|          0|
    |acc_V_31_0_reg_1807                                                            |  16|   0|   16|          0|
    |acc_V_32_0_reg_1794                                                            |  16|   0|   16|          0|
    |acc_V_33_0_reg_1781                                                            |  16|   0|   16|          0|
    |acc_V_34_0_reg_1768                                                            |  16|   0|   16|          0|
    |acc_V_35_0_reg_1755                                                            |  16|   0|   16|          0|
    |acc_V_36_0_reg_1742                                                            |  16|   0|   16|          0|
    |acc_V_37_0_reg_1729                                                            |  16|   0|   16|          0|
    |acc_V_38_0_reg_1716                                                            |  16|   0|   16|          0|
    |acc_V_39_0_reg_1703                                                            |  16|   0|   16|          0|
    |acc_V_3_0_reg_2171                                                             |  16|   0|   16|          0|
    |acc_V_40_0_reg_1690                                                            |  16|   0|   16|          0|
    |acc_V_41_0_reg_1677                                                            |  16|   0|   16|          0|
    |acc_V_42_0_reg_1664                                                            |  16|   0|   16|          0|
    |acc_V_43_0_reg_1651                                                            |  16|   0|   16|          0|
    |acc_V_44_0_reg_1638                                                            |  16|   0|   16|          0|
    |acc_V_45_0_reg_1625                                                            |  16|   0|   16|          0|
    |acc_V_46_0_reg_1612                                                            |  16|   0|   16|          0|
    |acc_V_47_0_reg_1599                                                            |  16|   0|   16|          0|
    |acc_V_48_0_reg_1586                                                            |  16|   0|   16|          0|
    |acc_V_49_0_reg_1573                                                            |  16|   0|   16|          0|
    |acc_V_4_0_reg_2158                                                             |  16|   0|   16|          0|
    |acc_V_50_0_reg_1560                                                            |  16|   0|   16|          0|
    |acc_V_51_0_reg_1547                                                            |  16|   0|   16|          0|
    |acc_V_52_0_reg_1534                                                            |  16|   0|   16|          0|
    |acc_V_53_0_reg_1521                                                            |  16|   0|   16|          0|
    |acc_V_54_0_reg_1508                                                            |  16|   0|   16|          0|
    |acc_V_55_0_reg_1495                                                            |  16|   0|   16|          0|
    |acc_V_56_0_reg_1482                                                            |  16|   0|   16|          0|
    |acc_V_57_0_reg_1469                                                            |  16|   0|   16|          0|
    |acc_V_58_0_reg_1456                                                            |  16|   0|   16|          0|
    |acc_V_59_0_reg_1443                                                            |  16|   0|   16|          0|
    |acc_V_5_0_reg_2145                                                             |  16|   0|   16|          0|
    |acc_V_60_0_reg_1430                                                            |  16|   0|   16|          0|
    |acc_V_61_0_reg_1417                                                            |  16|   0|   16|          0|
    |acc_V_62_0_reg_1404                                                            |  16|   0|   16|          0|
    |acc_V_63_0_reg_1391                                                            |  16|   0|   16|          0|
    |acc_V_6_0_reg_2132                                                             |  16|   0|   16|          0|
    |acc_V_7_0_reg_2119                                                             |  16|   0|   16|          0|
    |acc_V_8_0_reg_2106                                                             |  16|   0|   16|          0|
    |acc_V_9_0_reg_2093                                                             |  16|   0|   16|          0|
    |and_ln215_8_reg_4598                                                           |   1|   0|    1|          0|
    |ap_CS_fsm                                                                      |  40|   0|   40|          0|
    |ap_done_reg                                                                    |   1|   0|    1|          0|
    |ap_enable_reg_pp0_iter0                                                        |   1|   0|    1|          0|
    |ap_enable_reg_pp0_iter1                                                        |   1|   0|    1|          0|
    |ap_enable_reg_pp0_iter2                                                        |   1|   0|    1|          0|
    |ap_enable_reg_pp0_iter3                                                        |   1|   0|    1|          0|
    |grp_cnnshift_arr_ap_fixed_ap_fixed_16_4_5_3_0_config12_s_fu_2245_ap_start_reg  |   1|   0|    1|          0|
    |i1_0_i_reg_1380                                                                |   7|   0|    7|          0|
    |i_0_i_reg_1369                                                                 |   8|   0|    8|          0|
    |i_ic_0_i_reg_2234                                                              |   7|   0|    7|          0|
    |i_ic_reg_5332                                                                  |   7|   0|    7|          0|
    |i_reg_4575                                                                     |   8|   0|    8|          0|
    |icmp_ln215_10_reg_4593                                                         |   1|   0|    1|          0|
    |icmp_ln215_reg_4588                                                            |   1|   0|    1|          0|
    |icmp_ln237_reg_5342                                                            |   1|   0|    1|          0|
    |icmp_ln336_reg_4602                                                            |   1|   0|    1|          0|
    |in_index_reg_2223                                                              |  10|   0|   10|          0|
    |layer_in_V_load_reg_4621                                                       |  16|   0|   16|          0|
    |pX_5                                                                           |  32|   0|   32|          0|
    |pX_5_loc_0_fu_764                                                              |  32|   0|   32|          0|
    |pY_5                                                                           |  32|   0|   32|          0|
    |pY_5_loc_0_fu_772                                                              |  32|   0|   32|          0|
    |sX_5                                                                           |  32|   0|   32|          0|
    |sX_5_loc_0_fu_768                                                              |  32|   0|   32|          0|
    |sY_5                                                                           |  32|   0|   32|          0|
    |sY_5_loc_0_fu_776                                                              |  32|   0|   32|          0|
    |start_once_reg                                                                 |   1|   0|    1|          0|
    |tmp_127_reg_4694                                                               |   6|   0|    6|          0|
    |tmp_128_reg_4699                                                               |   6|   0|    6|          0|
    |tmp_129_reg_4704                                                               |   6|   0|    6|          0|
    |tmp_130_reg_4709                                                               |   6|   0|    6|          0|
    |tmp_131_reg_4714                                                               |   6|   0|    6|          0|
    |tmp_132_reg_4719                                                               |   6|   0|    6|          0|
    |tmp_133_reg_4724                                                               |   6|   0|    6|          0|
    |tmp_134_reg_4729                                                               |   6|   0|    6|          0|
    |tmp_135_reg_4734                                                               |   6|   0|    6|          0|
    |tmp_136_reg_4739                                                               |   6|   0|    6|          0|
    |tmp_137_reg_4744                                                               |   6|   0|    6|          0|
    |tmp_138_reg_4749                                                               |   6|   0|    6|          0|
    |tmp_139_reg_4754                                                               |   6|   0|    6|          0|
    |tmp_140_reg_4759                                                               |   6|   0|    6|          0|
    |tmp_141_reg_4764                                                               |   6|   0|    6|          0|
    |tmp_142_reg_4769                                                               |   6|   0|    6|          0|
    |tmp_143_reg_4774                                                               |   6|   0|    6|          0|
    |tmp_144_reg_4779                                                               |   6|   0|    6|          0|
    |tmp_145_reg_4784                                                               |   6|   0|    6|          0|
    |tmp_146_reg_4789                                                               |   6|   0|    6|          0|
    |tmp_147_reg_4794                                                               |   6|   0|    6|          0|
    |tmp_148_reg_4799                                                               |   6|   0|    6|          0|
    |tmp_149_reg_4804                                                               |   6|   0|    6|          0|
    |tmp_150_reg_4809                                                               |   6|   0|    6|          0|
    |tmp_151_reg_4814                                                               |   6|   0|    6|          0|
    |tmp_152_reg_4819                                                               |   6|   0|    6|          0|
    |tmp_153_reg_4824                                                               |   6|   0|    6|          0|
    |tmp_154_reg_4829                                                               |   6|   0|    6|          0|
    |tmp_155_reg_4834                                                               |   6|   0|    6|          0|
    |tmp_156_reg_4839                                                               |   6|   0|    6|          0|
    |tmp_157_reg_4844                                                               |   6|   0|    6|          0|
    |tmp_158_reg_4849                                                               |   6|   0|    6|          0|
    |tmp_159_reg_4854                                                               |   6|   0|    6|          0|
    |tmp_160_reg_4859                                                               |   6|   0|    6|          0|
    |tmp_161_reg_4864                                                               |   6|   0|    6|          0|
    |tmp_162_reg_4869                                                               |   6|   0|    6|          0|
    |tmp_163_reg_4874                                                               |   6|   0|    6|          0|
    |tmp_164_reg_4879                                                               |   6|   0|    6|          0|
    |tmp_165_reg_4884                                                               |   6|   0|    6|          0|
    |tmp_166_reg_4889                                                               |   6|   0|    6|          0|
    |tmp_167_reg_4894                                                               |   6|   0|    6|          0|
    |tmp_168_reg_4899                                                               |   6|   0|    6|          0|
    |tmp_169_reg_4904                                                               |   6|   0|    6|          0|
    |tmp_170_reg_4909                                                               |   6|   0|    6|          0|
    |tmp_171_reg_4914                                                               |   6|   0|    6|          0|
    |tmp_172_reg_4919                                                               |   6|   0|    6|          0|
    |tmp_173_reg_4924                                                               |   6|   0|    6|          0|
    |tmp_174_reg_4929                                                               |   6|   0|    6|          0|
    |tmp_175_reg_4934                                                               |   6|   0|    6|          0|
    |tmp_176_reg_4939                                                               |   6|   0|    6|          0|
    |tmp_177_reg_4944                                                               |   6|   0|    6|          0|
    |tmp_178_reg_4949                                                               |   6|   0|    6|          0|
    |tmp_179_reg_4954                                                               |   6|   0|    6|          0|
    |tmp_180_reg_4959                                                               |   6|   0|    6|          0|
    |tmp_181_reg_4964                                                               |   6|   0|    6|          0|
    |tmp_182_reg_4969                                                               |   6|   0|    6|          0|
    |tmp_183_reg_4974                                                               |   6|   0|    6|          0|
    |tmp_184_reg_4979                                                               |   6|   0|    6|          0|
    |tmp_185_reg_4984                                                               |   6|   0|    6|          0|
    |tmp_186_reg_4989                                                               |   6|   0|    6|          0|
    |tmp_187_reg_4994                                                               |   6|   0|    6|          0|
    |tmp_188_reg_4999                                                               |   6|   0|    6|          0|
    |tmp_189_reg_5004                                                               |   5|   0|    5|          0|
    |trunc_ln344_reg_4689                                                           |   6|   0|    6|          0|
    |icmp_ln336_reg_4602                                                            |   0|   1|    1|          0|
    +-------------------------------------------------------------------------------+----+----+-----+-----------+
    |Total                                                                          |1778|   1| 1779|          0|
    +-------------------------------------------------------------------------------+----+----+-----+-----------+



================================================================
== Interface
================================================================
* Summary: 
+------------------+-----+-----+------------+-------------------------------------------------------+--------------+
|     RTL Ports    | Dir | Bits|  Protocol  |                     Source Object                     |    C Type    |
+------------------+-----+-----+------------+-------------------------------------------------------+--------------+
|ap_clk            |  in |    1| ap_ctrl_hs | conv_2d_cl_me<ap_fixed,ap_fixed<16,4,5,3,0>,config12> | return value |
|ap_rst            |  in |    1| ap_ctrl_hs | conv_2d_cl_me<ap_fixed,ap_fixed<16,4,5,3,0>,config12> | return value |
|ap_start          |  in |    1| ap_ctrl_hs | conv_2d_cl_me<ap_fixed,ap_fixed<16,4,5,3,0>,config12> | return value |
|start_full_n      |  in |    1| ap_ctrl_hs | conv_2d_cl_me<ap_fixed,ap_fixed<16,4,5,3,0>,config12> | return value |
|ap_done           | out |    1| ap_ctrl_hs | conv_2d_cl_me<ap_fixed,ap_fixed<16,4,5,3,0>,config12> | return value |
|ap_continue       |  in |    1| ap_ctrl_hs | conv_2d_cl_me<ap_fixed,ap_fixed<16,4,5,3,0>,config12> | return value |
|ap_idle           | out |    1| ap_ctrl_hs | conv_2d_cl_me<ap_fixed,ap_fixed<16,4,5,3,0>,config12> | return value |
|ap_ready          | out |    1| ap_ctrl_hs | conv_2d_cl_me<ap_fixed,ap_fixed<16,4,5,3,0>,config12> | return value |
|start_out         | out |    1| ap_ctrl_hs | conv_2d_cl_me<ap_fixed,ap_fixed<16,4,5,3,0>,config12> | return value |
|start_write       | out |    1| ap_ctrl_hs | conv_2d_cl_me<ap_fixed,ap_fixed<16,4,5,3,0>,config12> | return value |
|data_V_V_dout     |  in |   16|   ap_fifo  |                        data_V_V                       |    pointer   |
|data_V_V_empty_n  |  in |    1|   ap_fifo  |                        data_V_V                       |    pointer   |
|data_V_V_read     | out |    1|   ap_fifo  |                        data_V_V                       |    pointer   |
|res_V_V_din       | out |   16|   ap_fifo  |                        res_V_V                        |    pointer   |
|res_V_V_full_n    |  in |    1|   ap_fifo  |                        res_V_V                        |    pointer   |
|res_V_V_write     | out |    1|   ap_fifo  |                        res_V_V                        |    pointer   |
+------------------+-----+-----+------------+-------------------------------------------------------+--------------+

