

================================================================
== Vivado HLS Report for 'pooling2d_large_cl_nopad_pad_me'
================================================================
* Date:           Fri Aug  5 17:07:12 2022

* Version:        2019.2 (Build 2704478 on Wed Nov 06 22:10:23 MST 2019)
* Project:        myproject_prj
* Solution:       solution1
* Product family: kintexu
* Target device:  xcku115-flvb2104-2-i


================================================================
== Performance Estimates
================================================================
+ Timing: 
    * Summary: 
    +--------+---------+----------+------------+
    |  Clock |  Target | Estimated| Uncertainty|
    +--------+---------+----------+------------+
    |ap_clk  | 5.00 ns | 3.958 ns |   0.62 ns  |
    +--------+---------+----------+------------+

+ Latency: 
    * Summary: 
    +---------+---------+----------+----------+--------+--------+---------+
    |  Latency (cycles) |  Latency (absolute) |     Interval    | Pipeline|
    |   min   |   max   |    min   |    max   |   min  |   max  |   Type  |
    +---------+---------+----------+----------+--------+--------+---------+
    |   132497|   327185| 0.662 ms | 1.636 ms |  132497|  327185|   none  |
    +---------+---------+----------+----------+--------+--------+---------+

    + Detail: 
        * Instance: 
        +-----------------------------------------------------------------+------------------------------------------------------+---------+---------+----------+----------+-----+-----+---------+
        |                                                                 |                                                      |  Latency (cycles) |  Latency (absolute) |  Interval | Pipeline|
        |                             Instance                            |                        Module                        |   min   |   max   |    min   |    max   | min | max |   Type  |
        +-----------------------------------------------------------------+------------------------------------------------------+---------+---------+----------+----------+-----+-----+---------+
        |grp_cnnshift_arr_ap_fixed_ap_fixed_16_4_5_3_0_config15_s_fu_375  |cnnshift_arr_ap_fixed_ap_fixed_16_4_5_3_0_config15_s  |      715|      715| 3.575 us | 3.575 us |  715|  715|   none  |
        +-----------------------------------------------------------------+------------------------------------------------------+---------+---------+----------+----------+-----+-----+---------+

        * Loop: 
        +-----------------+---------+---------+------------+-----------+-----------+------+----------+
        |                 |  Latency (cycles) |  Iteration |  Initiation Interval  | Trip |          |
        |    Loop Name    |   min   |   max   |   Latency  |  achieved |   target  | Count| Pipelined|
        +-----------------+---------+---------+------------+-----------+-----------+------+----------+
        |- Loop 1         |   132496|   327184| 784 ~ 1936 |          -|          -|   169|    no    |
        | + Loop 1.1      |       64|       64|           1|          -|          -|    64|    no    |
        | + Loop 1.2      |     1152|     1152|          18|          -|          -|    64|    no    |
        |  ++ Loop 1.2.1  |        8|        8|           2|          -|          -|     4|    no    |
        |  ++ Loop 1.2.2  |        6|        6|           2|          -|          -|     3|    no    |
        +-----------------+---------+---------+------------+-----------+-----------+------+----------+



================================================================
== Utilization Estimates
================================================================
* Summary: 
+---------------------+---------+-------+---------+--------+-----+
|         Name        | BRAM_18K| DSP48E|    FF   |   LUT  | URAM|
+---------------------+---------+-------+---------+--------+-----+
|DSP                  |        -|      -|        -|       -|    -|
|Expression           |        -|      -|        0|     522|    -|
|FIFO                 |        -|      -|        -|       -|    -|
|Instance             |        1|      -|       97|    1138|    0|
|Memory               |        2|      -|       32|       1|    0|
|Multiplexer          |        -|      -|        -|     269|    -|
|Register             |        -|      -|      378|       -|    -|
+---------------------+---------+-------+---------+--------+-----+
|Total                |        3|      0|      507|    1930|    0|
+---------------------+---------+-------+---------+--------+-----+
|Available SLR        |     2160|   2760|   663360|  331680|    0|
+---------------------+---------+-------+---------+--------+-----+
|Utilization SLR (%)  |    ~0   |      0|    ~0   |   ~0   |  100|
+---------------------+---------+-------+---------+--------+-----+
|Available            |     4320|   5520|  1326720|  663360|    0|
+---------------------+---------+-------+---------+--------+-----+
|Utilization (%)      |    ~0   |      0|    ~0   |   ~0   |    0|
+---------------------+---------+-------+---------+--------+-----+

+ Detail: 
    * Instance: 
    +-----------------------------------------------------------------+------------------------------------------------------+---------+-------+----+------+-----+
    |                             Instance                            |                        Module                        | BRAM_18K| DSP48E| FF |  LUT | URAM|
    +-----------------------------------------------------------------+------------------------------------------------------+---------+-------+----+------+-----+
    |grp_cnnshift_arr_ap_fixed_ap_fixed_16_4_5_3_0_config15_s_fu_375  |cnnshift_arr_ap_fixed_ap_fixed_16_4_5_3_0_config15_s  |        1|      0|  97|  1138|    0|
    +-----------------------------------------------------------------+------------------------------------------------------+---------+-------+----+------+-----+
    |Total                                                            |                                                      |        1|      0|  97|  1138|    0|
    +-----------------------------------------------------------------+------------------------------------------------------+---------+-------+----+------+-----+

    * DSP48E: 
    N/A

    * Memory: 
    +----------------+--------------------------------------------------------------+---------+----+----+-----+------+-----+------+-------------+
    |     Memory     |                            Module                            | BRAM_18K| FF | LUT| URAM| Words| Bits| Banks| W*Bits*Banks|
    +----------------+--------------------------------------------------------------+---------+----+----+-----+------+-----+------+-------------+
    |tmpdata_V_U     |cnnshift_arr_ap_fixed_ap_fixed_16_4_5_3_0_config8_s_tmpinbXr  |        1|   0|   0|    0|    64|   16|     1|         1024|
    |pool_V_U        |pooling2d_large_cl_nopad_pad_me_ap_fixed_ap_fixed_config8b0s  |        0|  32|   1|    0|     4|   16|     1|           64|
    |layer_in_V_6_U  |pooling2d_large_cl_nopad_pad_me_layer_in_V_6                  |        1|   0|   0|    0|   256|   16|     1|         4096|
    +----------------+--------------------------------------------------------------+---------+----+----+-----+------+-----+------+-------------+
    |Total           |                                                              |        2|  32|   1|    0|   324|   48|     3|         5184|
    +----------------+--------------------------------------------------------------+---------+----+----+-----+------+-----+------+-------------+

    * FIFO: 
    N/A

    * Expression: 
    +------------------------+----------+-------+---+----+------------+------------+
    |      Variable Name     | Operation| DSP48E| FF| LUT| Bitwidth P0| Bitwidth P1|
    +------------------------+----------+-------+---+----+------------+------------+
    |add_ln508_fu_717_p2     |     +    |      0|  0|  15|           8|           8|
    |add_ln530_fu_664_p2     |     +    |      0|  0|  39|          32|           1|
    |add_ln532_fu_675_p2     |     +    |      0|  0|  39|          32|           1|
    |add_ln535_fu_618_p2     |     +    |      0|  0|  39|          32|           1|
    |add_ln537_fu_629_p2     |     +    |      0|  0|  39|          32|           1|
    |i0_fu_528_p2            |     +    |      0|  0|  15|           7|           1|
    |i1_fu_607_p2            |     +    |      0|  0|  15|           7|           1|
    |i2_fu_699_p2            |     +    |      0|  0|  11|           3|           1|
    |i_fu_743_p2             |     +    |      0|  0|  11|           3|           1|
    |i_ih_fu_516_p2          |     +    |      0|  0|  15|           8|           1|
    |and_ln498_3_fu_585_p2   |    and   |      0|  0|   2|           1|           1|
    |and_ln498_4_fu_591_p2   |    and   |      0|  0|   2|           1|           1|
    |and_ln498_fu_579_p2     |    and   |      0|  0|   2|           1|           1|
    |ap_block_state3         |    and   |      0|  0|   2|           1|           1|
    |ap_block_state9         |    and   |      0|  0|   2|           1|           1|
    |icmp_ln1494_fu_749_p2   |   icmp   |      0|  0|  13|          16|          16|
    |icmp_ln484_fu_510_p2    |   icmp   |      0|  0|  11|           8|           8|
    |icmp_ln489_fu_522_p2    |   icmp   |      0|  0|  11|           7|           8|
    |icmp_ln498_4_fu_553_p2  |   icmp   |      0|  0|  20|          32|           1|
    |icmp_ln498_5_fu_563_p2  |   icmp   |      0|  0|  20|          32|           1|
    |icmp_ln498_6_fu_573_p2  |   icmp   |      0|  0|  20|          32|           1|
    |icmp_ln498_fu_543_p2    |   icmp   |      0|  0|  20|          32|           1|
    |icmp_ln500_fu_601_p2    |   icmp   |      0|  0|  11|           7|           8|
    |icmp_ln506_fu_693_p2    |   icmp   |      0|  0|   9|           3|           4|
    |icmp_ln512_fu_732_p2    |   icmp   |      0|  0|   9|           3|           4|
    |icmp_ln522_fu_613_p2    |   icmp   |      0|  0|  20|          32|           4|
    |icmp_ln526_fu_659_p2    |   icmp   |      0|  0|  20|          32|           4|
    |ap_block_state1         |    or    |      0|  0|   2|           1|           1|
    |ap_condition_1059       |    or    |      0|  0|   2|           1|           1|
    |ap_condition_1061       |    or    |      0|  0|   2|           1|           1|
    |ap_condition_161        |    or    |      0|  0|   2|           1|           1|
    |ap_condition_272        |    or    |      0|  0|   2|           1|           1|
    |pool_res_V_2_fu_755_p3  |  select  |      0|  0|  16|           1|          16|
    |select_ln532_fu_680_p3  |  select  |      0|  0|  32|           1|           1|
    |select_ln537_fu_634_p3  |  select  |      0|  0|  32|           1|           1|
    +------------------------+----------+-------+---+----+------------+------------+
    |Total                   |          |      0|  0| 522|         413|         105|
    +------------------------+----------+-------+---+----+------------+------------+

    * Multiplexer: 
    +-----------------------+----+-----------+-----+-----------+
    |          Name         | LUT| Input Size| Bits| Total Bits|
    +-----------------------+----+-----------+-----+-----------+
    |ap_NS_fsm              |  53|         12|    1|         12|
    |ap_done                |   9|          2|    1|          2|
    |data_V_V_blk_n         |   9|          2|    1|          2|
    |i0_0_reg_308           |   9|          2|    7|         14|
    |i1_0_reg_319           |   9|          2|    7|         14|
    |i2_0_reg_330           |   9|          2|    3|          6|
    |i_0_reg_353            |   9|          2|    3|          6|
    |i_ih_0_reg_297         |   9|          2|    8|         16|
    |layer_in_V_6_address0  |  15|          3|    8|         24|
    |layer_in_V_6_ce0       |  15|          3|    1|          3|
    |layer_in_V_6_we0       |   9|          2|    1|          2|
    |pX_1                   |   9|          2|   32|         64|
    |pY_1                   |   9|          2|   32|         64|
    |pool_V_address0        |  21|          4|    2|          8|
    |real_start             |   9|          2|    1|          2|
    |res_V_V_blk_n          |   9|          2|    1|          2|
    |sX_1                   |   9|          2|   32|         64|
    |storemerge_reg_364     |   9|          2|   32|         64|
    |tmp_V_reg_342          |   9|          2|   16|         32|
    |tmpdata_V_address0     |  15|          3|    6|         18|
    |tmpdata_V_ce0          |  15|          3|    1|          3|
    +-----------------------+----+-----------+-----+-----------+
    |Total                  | 269|         58|  196|        422|
    +-----------------------+----+-----------+-----+-----------+

    * Register: 
    +------------------------------------------------------------------------------+----+----+-----+-----------+
    |                                     Name                                     | FF | LUT| Bits| Const Bits|
    +------------------------------------------------------------------------------+----+----+-----+-----------+
    |and_ln498_4_reg_822                                                           |   1|   0|    1|          0|
    |ap_CS_fsm                                                                     |  11|   0|   11|          0|
    |ap_done_reg                                                                   |   1|   0|    1|          0|
    |grp_cnnshift_arr_ap_fixed_ap_fixed_16_4_5_3_0_config15_s_fu_375_ap_start_reg  |   1|   0|    1|          0|
    |i0_0_reg_308                                                                  |   7|   0|    7|          0|
    |i1_0_reg_319                                                                  |   7|   0|    7|          0|
    |i1_reg_834                                                                    |   7|   0|    7|          0|
    |i2_0_reg_330                                                                  |   3|   0|    3|          0|
    |i2_reg_854                                                                    |   3|   0|    3|          0|
    |i_0_reg_353                                                                   |   3|   0|    3|          0|
    |i_ih_0_reg_297                                                                |   8|   0|    8|          0|
    |i_ih_reg_777                                                                  |   8|   0|    8|          0|
    |i_reg_877                                                                     |   3|   0|    3|          0|
    |icmp_ln498_4_reg_805                                                          |   1|   0|    1|          0|
    |icmp_ln498_reg_795                                                            |   1|   0|    1|          0|
    |icmp_ln522_reg_839                                                            |   1|   0|    1|          0|
    |pX_1                                                                          |  32|   0|   32|          0|
    |pX_1_load_reg_816                                                             |  32|   0|   32|          0|
    |pY_1                                                                          |  32|   0|   32|          0|
    |pY_1_load_reg_810                                                             |  32|   0|   32|          0|
    |sX_1                                                                          |  32|   0|   32|          0|
    |sX_1_load_reg_790                                                             |  32|   0|   32|          0|
    |sY_1                                                                          |  32|   0|   32|          0|
    |sY_1_load_reg_800                                                             |  32|   0|   32|          0|
    |start_once_reg                                                                |   1|   0|    1|          0|
    |storemerge_reg_364                                                            |  32|   0|   32|          0|
    |tmp_V_reg_342                                                                 |  16|   0|   16|          0|
    |zext_ln500_reg_826                                                            |   7|   0|    8|          1|
    +------------------------------------------------------------------------------+----+----+-----+-----------+
    |Total                                                                         | 378|   0|  379|          1|
    +------------------------------------------------------------------------------+----+----+-----+-----------+



================================================================
== Interface
================================================================
* Summary: 
+------------------+-----+-----+------------+---------------------------------+--------------+
|     RTL Ports    | Dir | Bits|  Protocol  |          Source Object          |    C Type    |
+------------------+-----+-----+------------+---------------------------------+--------------+
|ap_clk            |  in |    1| ap_ctrl_hs | pooling2d_large_cl_nopad_pad_me | return value |
|ap_rst            |  in |    1| ap_ctrl_hs | pooling2d_large_cl_nopad_pad_me | return value |
|ap_start          |  in |    1| ap_ctrl_hs | pooling2d_large_cl_nopad_pad_me | return value |
|start_full_n      |  in |    1| ap_ctrl_hs | pooling2d_large_cl_nopad_pad_me | return value |
|ap_done           | out |    1| ap_ctrl_hs | pooling2d_large_cl_nopad_pad_me | return value |
|ap_continue       |  in |    1| ap_ctrl_hs | pooling2d_large_cl_nopad_pad_me | return value |
|ap_idle           | out |    1| ap_ctrl_hs | pooling2d_large_cl_nopad_pad_me | return value |
|ap_ready          | out |    1| ap_ctrl_hs | pooling2d_large_cl_nopad_pad_me | return value |
|start_out         | out |    1| ap_ctrl_hs | pooling2d_large_cl_nopad_pad_me | return value |
|start_write       | out |    1| ap_ctrl_hs | pooling2d_large_cl_nopad_pad_me | return value |
|data_V_V_dout     |  in |   16|   ap_fifo  |             data_V_V            |    pointer   |
|data_V_V_empty_n  |  in |    1|   ap_fifo  |             data_V_V            |    pointer   |
|data_V_V_read     | out |    1|   ap_fifo  |             data_V_V            |    pointer   |
|res_V_V_din       | out |   16|   ap_fifo  |             res_V_V             |    pointer   |
|res_V_V_full_n    |  in |    1|   ap_fifo  |             res_V_V             |    pointer   |
|res_V_V_write     | out |    1|   ap_fifo  |             res_V_V             |    pointer   |
+------------------+-----+-----+------------+---------------------------------+--------------+

