

================================================================
== Vivado HLS Report for 'relu_ss_ap_fixed_ap_fixed_16_4_5_3_0_relu_config4_s'
================================================================
* Date:           Thu Aug 11 23:24:53 2022

* Version:        2019.2 (Build 2704478 on Wed Nov 06 22:10:23 MST 2019)
* Project:        myproject_prj
* Solution:       solution1
* Product family: virtexuplus
* Target device:  xcu250-figd2104-2L-e


================================================================
== Performance Estimates
================================================================
+ Timing: 
    * Summary: 
    +--------+---------+----------+------------+
    |  Clock |  Target | Estimated| Uncertainty|
    +--------+---------+----------+------------+
    |ap_clk  | 5.00 ns | 3.885 ns |   0.62 ns  |
    +--------+---------+----------+------------+

+ Latency: 
    * Summary: 
    +---------+---------+----------+----------+-------+-------+---------+
    |  Latency (cycles) |  Latency (absolute) |    Interval   | Pipeline|
    |   min   |   max   |    min   |    max   |  min  |  max  |   Type  |
    +---------+---------+----------+----------+-------+-------+---------+
    |    32770|    32770| 0.164 ms | 0.164 ms |  32770|  32770|   none  |
    +---------+---------+----------+----------+-------+-------+---------+

    + Detail: 
        * Instance: 
        N/A

        * Loop: 
        +------------+---------+---------+----------+-----------+-----------+-------+----------+
        |            |  Latency (cycles) | Iteration|  Initiation Interval  |  Trip |          |
        |  Loop Name |   min   |   max   |  Latency |  achieved |   target  | Count | Pipelined|
        +------------+---------+---------+----------+-----------+-----------+-------+----------+
        |- ReLULoop  |    32768|    32768|         2|          1|          1|  32768|    yes   |
        +------------+---------+---------+----------+-----------+-----------+-------+----------+



================================================================
== Utilization Estimates
================================================================
* Summary: 
+---------------------+---------+-------+---------+---------+------+
|         Name        | BRAM_18K| DSP48E|    FF   |   LUT   | URAM |
+---------------------+---------+-------+---------+---------+------+
|DSP                  |        -|      -|        -|        -|     -|
|Expression           |        -|      -|        0|       74|     -|
|FIFO                 |        -|      -|        -|        -|     -|
|Instance             |        -|      -|        -|        -|     -|
|Memory               |        -|      -|        -|        -|     -|
|Multiplexer          |        -|      -|        -|       81|     -|
|Register             |        -|      -|       24|        -|     -|
+---------------------+---------+-------+---------+---------+------+
|Total                |        0|      0|       24|      155|     0|
+---------------------+---------+-------+---------+---------+------+
|Available SLR        |     1344|   3072|   864000|   432000|   320|
+---------------------+---------+-------+---------+---------+------+
|Utilization SLR (%)  |        0|      0|    ~0   |    ~0   |     0|
+---------------------+---------+-------+---------+---------+------+
|Available            |     5376|  12288|  3456000|  1728000|  1280|
+---------------------+---------+-------+---------+---------+------+
|Utilization (%)      |        0|      0|    ~0   |    ~0   |     0|
+---------------------+---------+-------+---------+---------+------+

+ Detail: 
    * Instance: 
    N/A

    * DSP48E: 
    N/A

    * Memory: 
    N/A

    * FIFO: 
    N/A

    * Expression: 
    +----------------------------------+----------+-------+---+----+------------+------------+
    |           Variable Name          | Operation| DSP48E| FF| LUT| Bitwidth P0| Bitwidth P1|
    +----------------------------------+----------+-------+---+----+------------+------------+
    |i_fu_100_p2                       |     +    |      0|  0|  16|          16|           1|
    |ap_block_pp0_stage0_01001         |    and   |      0|  0|   2|           1|           1|
    |icmp_ln1494_fu_110_p2             |   icmp   |      0|  0|  13|          16|           1|
    |icmp_ln90_fu_94_p2                |   icmp   |      0|  0|  20|          16|          17|
    |ap_block_state1                   |    or    |      0|  0|   2|           1|           1|
    |ap_block_state3_pp0_stage0_iter1  |    or    |      0|  0|   2|           1|           1|
    |tmp_V_fu_116_p3                   |  select  |      0|  0|  15|           1|          15|
    |ap_enable_pp0                     |    xor   |      0|  0|   2|           1|           2|
    |ap_enable_reg_pp0_iter1           |    xor   |      0|  0|   2|           2|           1|
    +----------------------------------+----------+-------+---+----+------------+------------+
    |Total                             |          |      0|  0|  74|          55|          40|
    +----------------------------------+----------+-------+---+----+------------+------------+

    * Multiplexer: 
    +-------------------------+----+-----------+-----+-----------+
    |           Name          | LUT| Input Size| Bits| Total Bits|
    +-------------------------+----+-----------+-----+-----------+
    |ap_NS_fsm                |  21|          4|    1|          4|
    |ap_done                  |   9|          2|    1|          2|
    |ap_enable_reg_pp0_iter1  |  15|          3|    1|          3|
    |data_V_V_blk_n           |   9|          2|    1|          2|
    |i_0_reg_83               |   9|          2|   16|         32|
    |real_start               |   9|          2|    1|          2|
    |res_V_V_blk_n            |   9|          2|    1|          2|
    +-------------------------+----+-----------+-----+-----------+
    |Total                    |  81|         17|   22|         47|
    +-------------------------+----+-----------+-----+-----------+

    * Register: 
    +-------------------------+----+----+-----+-----------+
    |           Name          | FF | LUT| Bits| Const Bits|
    +-------------------------+----+----+-----+-----------+
    |ap_CS_fsm                |   3|   0|    3|          0|
    |ap_done_reg              |   1|   0|    1|          0|
    |ap_enable_reg_pp0_iter0  |   1|   0|    1|          0|
    |ap_enable_reg_pp0_iter1  |   1|   0|    1|          0|
    |i_0_reg_83               |  16|   0|   16|          0|
    |icmp_ln90_reg_129        |   1|   0|    1|          0|
    |start_once_reg           |   1|   0|    1|          0|
    +-------------------------+----+----+-----+-----------+
    |Total                    |  24|   0|   24|          0|
    +-------------------------+----+----+-----+-----------+



================================================================
== Interface
================================================================
* Summary: 
+------------------+-----+-----+------------+-----------------------------------------------------+--------------+
|     RTL Ports    | Dir | Bits|  Protocol  |                    Source Object                    |    C Type    |
+------------------+-----+-----+------------+-----------------------------------------------------+--------------+
|ap_clk            |  in |    1| ap_ctrl_hs | relu_ss<ap_fixed,ap_fixed<16,4,5,3,0>,relu_config4> | return value |
|ap_rst            |  in |    1| ap_ctrl_hs | relu_ss<ap_fixed,ap_fixed<16,4,5,3,0>,relu_config4> | return value |
|ap_start          |  in |    1| ap_ctrl_hs | relu_ss<ap_fixed,ap_fixed<16,4,5,3,0>,relu_config4> | return value |
|start_full_n      |  in |    1| ap_ctrl_hs | relu_ss<ap_fixed,ap_fixed<16,4,5,3,0>,relu_config4> | return value |
|ap_done           | out |    1| ap_ctrl_hs | relu_ss<ap_fixed,ap_fixed<16,4,5,3,0>,relu_config4> | return value |
|ap_continue       |  in |    1| ap_ctrl_hs | relu_ss<ap_fixed,ap_fixed<16,4,5,3,0>,relu_config4> | return value |
|ap_idle           | out |    1| ap_ctrl_hs | relu_ss<ap_fixed,ap_fixed<16,4,5,3,0>,relu_config4> | return value |
|ap_ready          | out |    1| ap_ctrl_hs | relu_ss<ap_fixed,ap_fixed<16,4,5,3,0>,relu_config4> | return value |
|start_out         | out |    1| ap_ctrl_hs | relu_ss<ap_fixed,ap_fixed<16,4,5,3,0>,relu_config4> | return value |
|start_write       | out |    1| ap_ctrl_hs | relu_ss<ap_fixed,ap_fixed<16,4,5,3,0>,relu_config4> | return value |
|data_V_V_dout     |  in |   16|   ap_fifo  |                       data_V_V                      |    pointer   |
|data_V_V_empty_n  |  in |    1|   ap_fifo  |                       data_V_V                      |    pointer   |
|data_V_V_read     | out |    1|   ap_fifo  |                       data_V_V                      |    pointer   |
|res_V_V_din       | out |   16|   ap_fifo  |                       res_V_V                       |    pointer   |
|res_V_V_full_n    |  in |    1|   ap_fifo  |                       res_V_V                       |    pointer   |
|res_V_V_write     | out |    1|   ap_fifo  |                       res_V_V                       |    pointer   |
+------------------+-----+-----+------------+-----------------------------------------------------+--------------+

