

================================================================
== Vivado HLS Report for 'sigmoid_ss_ap_fixed_ap_fixed_sigmoid_config19_s'
================================================================
* Date:           Thu Aug 11 23:25:13 2022

* Version:        2019.2 (Build 2704478 on Wed Nov 06 22:10:23 MST 2019)
* Project:        myproject_prj
* Solution:       solution1
* Product family: virtexuplus
* Target device:  xcu250-figd2104-2L-e


================================================================
== Performance Estimates
================================================================
+ Timing: 
    * Summary: 
    +--------+---------+----------+------------+
    |  Clock |  Target | Estimated| Uncertainty|
    +--------+---------+----------+------------+
    |ap_clk  | 5.00 ns | 3.387 ns |   0.62 ns  |
    +--------+---------+----------+------------+

+ Latency: 
    * Summary: 
    +---------+---------+-----------+-----------+-----+-----+---------+
    |  Latency (cycles) |   Latency (absolute)  |  Interval | Pipeline|
    |   min   |   max   |    min    |    max    | min | max |   Type  |
    +---------+---------+-----------+-----------+-----+-----+---------+
    |       10|       10| 50.000 ns | 50.000 ns |   10|   10|   none  |
    +---------+---------+-----------+-----------+-----+-----+---------+

    + Detail: 
        * Instance: 
        N/A

        * Loop: 
        +------------------+---------+---------+----------+-----------+-----------+------+----------+
        |                  |  Latency (cycles) | Iteration|  Initiation Interval  | Trip |          |
        |     Loop Name    |   min   |   max   |  Latency |  achieved |   target  | Count| Pipelined|
        +------------------+---------+---------+----------+-----------+-----------+------+----------+
        |- SigmoidActLoop  |        8|        8|         5|          1|          1|     5|    yes   |
        +------------------+---------+---------+----------+-----------+-----------+------+----------+



================================================================
== Utilization Estimates
================================================================
* Summary: 
+---------------------+---------+-------+---------+---------+------+
|         Name        | BRAM_18K| DSP48E|    FF   |   LUT   | URAM |
+---------------------+---------+-------+---------+---------+------+
|DSP                  |        -|      -|        -|        -|     -|
|Expression           |        -|      -|        0|      127|     -|
|FIFO                 |        -|      -|        -|        -|     -|
|Instance             |        -|      -|        -|        -|     -|
|Memory               |        1|      -|        0|        0|     -|
|Multiplexer          |        -|      -|        -|       75|     -|
|Register             |        0|      -|       87|       32|     -|
+---------------------+---------+-------+---------+---------+------+
|Total                |        1|      0|       87|      234|     0|
+---------------------+---------+-------+---------+---------+------+
|Available SLR        |     1344|   3072|   864000|   432000|   320|
+---------------------+---------+-------+---------+---------+------+
|Utilization SLR (%)  |    ~0   |      0|    ~0   |    ~0   |     0|
+---------------------+---------+-------+---------+---------+------+
|Available            |     5376|  12288|  3456000|  1728000|  1280|
+---------------------+---------+-------+---------+---------+------+
|Utilization (%)      |    ~0   |      0|    ~0   |    ~0   |     0|
+---------------------+---------+-------+---------+---------+------+

+ Detail: 
    * Instance: 
    N/A

    * DSP48E: 
    N/A

    * Memory: 
    +------------------+--------------------------------------------------------------+---------+---+----+-----+------+-----+------+-------------+
    |      Memory      |                            Module                            | BRAM_18K| FF| LUT| URAM| Words| Bits| Banks| W*Bits*Banks|
    +------------------+--------------------------------------------------------------+---------+---+----+-----+------+-----+------+-------------+
    |sigmoid_table1_U  |sigmoid_ss_ap_fixed_ap_fixed_sigmoid_config19_s_sigmoid_tb4t  |        1|  0|   0|    0|  1024|   10|     1|        10240|
    +------------------+--------------------------------------------------------------+---------+---+----+-----+------+-----+------+-------------+
    |Total             |                                                              |        1|  0|   0|    0|  1024|   10|     1|        10240|
    +------------------+--------------------------------------------------------------+---------+---+----+-----+------+-----+------+-------------+

    * FIFO: 
    N/A

    * Expression: 
    +----------------------------------+----------+-------+---+----+------------+------------+
    |           Variable Name          | Operation| DSP48E| FF| LUT| Bitwidth P0| Bitwidth P1|
    +----------------------------------+----------+-------+---+----+------------+------------+
    |i_fu_141_p2                       |     +    |      0|  0|   4|           3|           1|
    |index_fu_219_p2                   |     +    |      0|  0|  11|          10|          11|
    |ret_V_fu_193_p2                   |     +    |      0|  0|  11|           1|          11|
    |ap_block_pp0_stage0_01001         |    and   |      0|  0|   2|           1|           1|
    |ap_block_state3_pp0_stage0_iter1  |    and   |      0|  0|   2|           1|           1|
    |ap_block_state5_io                |    and   |      0|  0|   2|           1|           1|
    |ap_block_state6_io                |    and   |      0|  0|   2|           1|           1|
    |icmp_ln158_fu_135_p2              |   icmp   |      0|  0|   9|           3|           3|
    |icmp_ln851_fu_187_p2              |   icmp   |      0|  0|  13|          12|           1|
    |p_Result_s_fu_169_p2              |   icmp   |      0|  0|  20|          26|           5|
    |ap_block_pp0_stage0_11001         |    or    |      0|  0|   2|           1|           1|
    |ap_block_state1                   |    or    |      0|  0|   2|           1|           1|
    |select_ln167_fu_239_p3            |  select  |      0|  0|  10|           1|           2|
    |select_ln850_fu_207_p3            |  select  |      0|  0|  11|           1|          11|
    |select_ln851_fu_199_p3            |  select  |      0|  0|  11|           1|          11|
    |ap_enable_pp0                     |    xor   |      0|  0|   2|           1|           2|
    |ap_enable_reg_pp0_iter1           |    xor   |      0|  0|   2|           2|           1|
    |xor_ln165_fu_225_p2               |    xor   |      0|  0|  11|          10|          11|
    +----------------------------------+----------+-------+---+----+------------+------------+
    |Total                             |          |      0|  0| 127|          77|          76|
    +----------------------------------+----------+-------+---+----+------------+------------+

    * Multiplexer: 
    +-------------------------+----+-----------+-----+-----------+
    |           Name          | LUT| Input Size| Bits| Total Bits|
    +-------------------------+----+-----------+-----+-----------+
    |ap_NS_fsm                |  21|          4|    1|          4|
    |ap_done                  |   9|          2|    1|          2|
    |ap_enable_reg_pp0_iter1  |   9|          2|    1|          2|
    |ap_enable_reg_pp0_iter4  |   9|          2|    1|          2|
    |data_V_V_blk_n           |   9|          2|    1|          2|
    |i_0_reg_124              |   9|          2|    3|          6|
    |res_V_V_TDATA_blk_n      |   9|          2|    1|          2|
    +-------------------------+----+-----------+-----+-----------+
    |Total                    |  75|         16|    9|         20|
    +-------------------------+----+-----------+-----+-----------+

    * Register: 
    +-------------------------+----+----+-----+-----------+
    |           Name          | FF | LUT| Bits| Const Bits|
    +-------------------------+----+----+-----+-----------+
    |ap_CS_fsm                |   3|   0|    3|          0|
    |ap_done_reg              |   1|   0|    1|          0|
    |ap_enable_reg_pp0_iter0  |   1|   0|    1|          0|
    |ap_enable_reg_pp0_iter1  |   1|   0|    1|          0|
    |ap_enable_reg_pp0_iter2  |   1|   0|    1|          0|
    |ap_enable_reg_pp0_iter3  |   1|   0|    1|          0|
    |ap_enable_reg_pp0_iter4  |   1|   0|    1|          0|
    |i_0_reg_124              |   3|   0|    3|          0|
    |icmp_ln158_reg_264       |   1|   0|    1|          0|
    |select_ln167_reg_273     |  10|   0|   10|          0|
    |icmp_ln158_reg_264       |  64|  32|    1|          0|
    +-------------------------+----+----+-----+-----------+
    |Total                    |  87|  32|   24|          0|
    +-------------------------+----+----+-----+-----------+



================================================================
== Interface
================================================================
* Summary: 
+------------------+-----+-----+------------+------------------------------------------------+--------------+
|     RTL Ports    | Dir | Bits|  Protocol  |                  Source Object                 |    C Type    |
+------------------+-----+-----+------------+------------------------------------------------+--------------+
|ap_clk            |  in |    1| ap_ctrl_hs | sigmoid_ss<ap_fixed,ap_fixed,sigmoid_config19> | return value |
|ap_rst            |  in |    1| ap_ctrl_hs | sigmoid_ss<ap_fixed,ap_fixed,sigmoid_config19> | return value |
|ap_start          |  in |    1| ap_ctrl_hs | sigmoid_ss<ap_fixed,ap_fixed,sigmoid_config19> | return value |
|ap_done           | out |    1| ap_ctrl_hs | sigmoid_ss<ap_fixed,ap_fixed,sigmoid_config19> | return value |
|ap_continue       |  in |    1| ap_ctrl_hs | sigmoid_ss<ap_fixed,ap_fixed,sigmoid_config19> | return value |
|ap_idle           | out |    1| ap_ctrl_hs | sigmoid_ss<ap_fixed,ap_fixed,sigmoid_config19> | return value |
|ap_ready          | out |    1| ap_ctrl_hs | sigmoid_ss<ap_fixed,ap_fixed,sigmoid_config19> | return value |
|data_V_V_dout     |  in |   16|   ap_fifo  |                    data_V_V                    |    pointer   |
|data_V_V_empty_n  |  in |    1|   ap_fifo  |                    data_V_V                    |    pointer   |
|data_V_V_read     | out |    1|   ap_fifo  |                    data_V_V                    |    pointer   |
|res_V_V_TDATA     | out |   16|    axis    |                     res_V_V                    |    pointer   |
|res_V_V_TVALID    | out |    1|    axis    |                     res_V_V                    |    pointer   |
|res_V_V_TREADY    |  in |    1|    axis    |                     res_V_V                    |    pointer   |
+------------------+-----+-----+------------+------------------------------------------------+--------------+

