

================================================================
== Vivado HLS Report for 'product_dense_ap_fixed_ap_fixed_ap_fixed_16_4_5_3_0_s'
================================================================
* Date:           Fri Aug  5 17:06:34 2022

* Version:        2019.2 (Build 2704478 on Wed Nov 06 22:10:23 MST 2019)
* Project:        myproject_prj
* Solution:       solution1
* Product family: kintexu
* Target device:  xcku115-flvb2104-2-i


================================================================
== Performance Estimates
================================================================
+ Timing: 
    * Summary: 
    +--------+---------+----------+------------+
    |  Clock |  Target | Estimated| Uncertainty|
    +--------+---------+----------+------------+
    |ap_clk  | 5.00 ns | 3.753 ns |   0.62 ns  |
    +--------+---------+----------+------------+

+ Latency: 
    * Summary: 
    +---------+---------+----------+----------+-----+-----+----------+
    |  Latency (cycles) |  Latency (absolute) |  Interval | Pipeline |
    |   min   |   max   |    min   |    max   | min | max |   Type   |
    +---------+---------+----------+----------+-----+-----+----------+
    |        1|        1| 5.000 ns | 5.000 ns |    1|    1| function |
    +---------+---------+----------+----------+-----+-----+----------+

    + Detail: 
        * Instance: 
        N/A

        * Loop: 
        N/A

============================================================
+ Verbose Summary: Synthesis Manager
============================================================
InlineROM: 1
ExposeGlobal: 0
============================================================
+ Verbose Summary: CDFG Model
============================================================
IsTopModel: 0
ResetActiveHigh: 1
IsCombinational: 0
IsDatapathOnly: 0
HasWiredReturn: 1
HasMFsm: 2
HasVarLatency: 0
IsPipeline: 1
IsRtlPipelined: 1
IsInstanceOverlapped: 0
IsDontTouch: 0
HasImplIP: 0
IsGatedGlobalClock: 0

+ Individual pipeline summary: 
  * Pipeline-0: initiation interval (II) = 1, depth = 2


============================================================
+ Verbose Summary: Schedule
============================================================
* Number of FSM states : 2
* Pipeline : 1
  Pipeline-0 : II = 1, D = 2, States = { 1 2 }
* Dataflow Pipeline: 0

* FSM state transitions: 
1 --> 2 
2 --> 

* FSM state operations: 

State 1 <SV = 0> <Delay = 3.75>
ST_1 : Operation 3 [1/1] (0.00ns)   --->   "%w_V_read = call i6 @_ssdm_op_Read.ap_auto.i6(i6 %w_V)" [firmware/nnet_utils/nnet_dense_resource.h:291]   --->   Operation 3 'read' 'w_V_read' <Predicate = true> <Delay = 0.00>
ST_1 : Operation 4 [1/1] (0.00ns)   --->   "%a_V_read = call i16 @_ssdm_op_Read.ap_auto.i16(i16 %a_V)" [firmware/nnet_utils/nnet_dense_resource.h:291]   --->   Operation 4 'read' 'a_V_read' <Predicate = true> <Delay = 0.00>
ST_1 : Operation 5 [1/1] (0.00ns)   --->   "%sext_ln1116 = sext i16 %a_V_read to i21" [firmware/nnet_utils/nnet_dense_resource.h:291]   --->   Operation 5 'sext' 'sext_ln1116' <Predicate = true> <Delay = 0.00>
ST_1 : Operation 6 [1/1] (0.00ns)   --->   "%sext_ln1118 = sext i6 %w_V_read to i21" [firmware/nnet_utils/nnet_dense_resource.h:291]   --->   Operation 6 'sext' 'sext_ln1118' <Predicate = true> <Delay = 0.00>
ST_1 : Operation 7 [1/1] (3.75ns) (root node of the DSP)   --->   "%r_V = mul i21 %sext_ln1116, %sext_ln1118" [firmware/nnet_utils/nnet_dense_resource.h:291]   --->   Operation 7 'mul' 'r_V' <Predicate = true> <Delay = 3.75> <Core = "DSP48">   --->   Core 88 'DSP48' <Latency = 0> <II = 1> <Delay = 3.75> <IPBlock> <Opcode : 'mul' 'add' 'sub' 'select'> <InPorts = 2> <OutPorts = 1> <Sync> <CReg>

State 2 <SV = 1> <Delay = 0.00>
ST_2 : Operation 8 [1/1] (0.00ns)   --->   "%trunc_ln = call i16 @_ssdm_op_PartSelect.i16.i21.i32.i32(i21 %r_V, i32 5, i32 20)" [firmware/nnet_utils/nnet_dense_resource.h:291]   --->   Operation 8 'partselect' 'trunc_ln' <Predicate = true> <Delay = 0.00>
ST_2 : Operation 9 [1/1] (0.00ns)   --->   "ret i16 %trunc_ln" [firmware/nnet_utils/nnet_dense_resource.h:291]   --->   Operation 9 'ret' <Predicate = true> <Delay = 0.00>


============================================================
+ Verbose Summary: Timing violations
============================================================
Target clock period: 5ns, clock uncertainty: 0.625ns.

 <State 1>: 3.75ns
The critical path consists of the following:
	wire read on port 'w_V' (firmware/nnet_utils/nnet_dense_resource.h:291) [3]  (0 ns)
	'mul' operation of DSP[7] ('r.V', firmware/nnet_utils/nnet_dense_resource.h:291) [7]  (3.75 ns)

 <State 2>: 0ns
The critical path consists of the following:


============================================================
+ Verbose Summary: Binding
============================================================
N/A
* FSMD analyzer results:
  - Output states:
 - Input state : 
  - Chain level:
	State 1
	State 2


============================================================
+ Verbose Summary: Datapath Resource usage 
============================================================
N/A
