

================================================================
== Vivado HLS Report for 'relu_me_ap_fixed_ap_fixed_16_4_5_3_0_relu_config4_s'
================================================================
* Date:           Fri Aug  5 17:06:54 2022

* Version:        2019.2 (Build 2704478 on Wed Nov 06 22:10:23 MST 2019)
* Project:        myproject_prj
* Solution:       solution1
* Product family: kintexu
* Target device:  xcku115-flvb2104-2-i


================================================================
== Performance Estimates
================================================================
+ Timing: 
    * Summary: 
    +--------+---------+----------+------------+
    |  Clock |  Target | Estimated| Uncertainty|
    +--------+---------+----------+------------+
    |ap_clk  | 5.00 ns | 3.687 ns |   0.62 ns  |
    +--------+---------+----------+------------+

+ Latency: 
    * Summary: 
    +---------+---------+----------+----------+-------+-------+---------+
    |  Latency (cycles) |  Latency (absolute) |    Interval   | Pipeline|
    |   min   |   max   |    min   |    max   |  min  |  max  |   Type  |
    +---------+---------+----------+----------+-------+-------+---------+
    |    65537|    65537| 0.328 ms | 0.328 ms |  65537|  65537|   none  |
    +---------+---------+----------+----------+-------+-------+---------+

    + Detail: 
        * Instance: 
        N/A

        * Loop: 
        +----------+---------+---------+----------+-----------+-----------+-------+----------+
        |          |  Latency (cycles) | Iteration|  Initiation Interval  |  Trip |          |
        | Loop Name|   min   |   max   |  Latency |  achieved |   target  | Count | Pipelined|
        +----------+---------+---------+----------+-----------+-----------+-------+----------+
        |- Loop 1  |    65536|    65536|         2|          -|          -|  32768|    no    |
        +----------+---------+---------+----------+-----------+-----------+-------+----------+



================================================================
== Utilization Estimates
================================================================
* Summary: 
+---------------------+---------+-------+---------+--------+-----+
|         Name        | BRAM_18K| DSP48E|    FF   |   LUT  | URAM|
+---------------------+---------+-------+---------+--------+-----+
|DSP                  |        -|      -|        -|       -|    -|
|Expression           |        -|      -|        0|      75|    -|
|FIFO                 |        -|      -|        -|       -|    -|
|Instance             |        -|      -|        -|       -|    -|
|Memory               |        -|      -|        -|       -|    -|
|Multiplexer          |        -|      -|        -|      66|    -|
|Register             |        -|      -|       52|       -|    -|
+---------------------+---------+-------+---------+--------+-----+
|Total                |        0|      0|       52|     141|    0|
+---------------------+---------+-------+---------+--------+-----+
|Available SLR        |     2160|   2760|   663360|  331680|    0|
+---------------------+---------+-------+---------+--------+-----+
|Utilization SLR (%)  |        0|      0|    ~0   |   ~0   |  100|
+---------------------+---------+-------+---------+--------+-----+
|Available            |     4320|   5520|  1326720|  663360|    0|
+---------------------+---------+-------+---------+--------+-----+
|Utilization (%)      |        0|      0|    ~0   |   ~0   |    0|
+---------------------+---------+-------+---------+--------+-----+

+ Detail: 
    * Instance: 
    N/A

    * DSP48E: 
    N/A

    * Memory: 
    N/A

    * FIFO: 
    N/A

    * Expression: 
    +----------------------+----------+-------+---+----+------------+------------+
    |     Variable Name    | Operation| DSP48E| FF| LUT| Bitwidth P0| Bitwidth P1|
    +----------------------+----------+-------+---+----+------------+------------+
    |i_fu_84_p2            |     +    |      0|  0|  23|          16|           1|
    |ap_block_state2       |    and   |      0|  0|   2|           1|           1|
    |icmp_ln1494_fu_94_p2  |   icmp   |      0|  0|  13|          16|           1|
    |icmp_ln60_fu_78_p2    |   icmp   |      0|  0|  20|          16|          17|
    |ap_block_state1       |    or    |      0|  0|   2|           1|           1|
    |out_data_V_fu_100_p3  |  select  |      0|  0|  15|           1|          15|
    +----------------------+----------+-------+---+----+------------+------------+
    |Total                 |          |      0|  0|  75|          51|          36|
    +----------------------+----------+-------+---+----+------------+------------+

    * Multiplexer: 
    +----------------+----+-----------+-----+-----------+
    |      Name      | LUT| Input Size| Bits| Total Bits|
    +----------------+----+-----------+-----+-----------+
    |ap_NS_fsm       |  21|          4|    1|          4|
    |ap_done         |   9|          2|    1|          2|
    |data_V_V_blk_n  |   9|          2|    1|          2|
    |i_0_reg_67      |   9|          2|   16|         32|
    |real_start      |   9|          2|    1|          2|
    |res_V_V_blk_n   |   9|          2|    1|          2|
    +----------------+----+-----------+-----+-----------+
    |Total           |  66|         14|   21|         44|
    +----------------+----+-----------+-----+-----------+

    * Register: 
    +--------------------+----+----+-----+-----------+
    |        Name        | FF | LUT| Bits| Const Bits|
    +--------------------+----+----+-----+-----------+
    |ap_CS_fsm           |   3|   0|    3|          0|
    |ap_done_reg         |   1|   0|    1|          0|
    |i_0_reg_67          |  16|   0|   16|          0|
    |i_reg_115           |  16|   0|   16|          0|
    |out_data_V_reg_120  |  15|   0|   15|          0|
    |start_once_reg      |   1|   0|    1|          0|
    +--------------------+----+----+-----+-----------+
    |Total               |  52|   0|   52|          0|
    +--------------------+----+----+-----+-----------+



================================================================
== Interface
================================================================
* Summary: 
+------------------+-----+-----+------------+-----------------------------------------------------+--------------+
|     RTL Ports    | Dir | Bits|  Protocol  |                    Source Object                    |    C Type    |
+------------------+-----+-----+------------+-----------------------------------------------------+--------------+
|ap_clk            |  in |    1| ap_ctrl_hs | relu_me<ap_fixed,ap_fixed<16,4,5,3,0>,relu_config4> | return value |
|ap_rst            |  in |    1| ap_ctrl_hs | relu_me<ap_fixed,ap_fixed<16,4,5,3,0>,relu_config4> | return value |
|ap_start          |  in |    1| ap_ctrl_hs | relu_me<ap_fixed,ap_fixed<16,4,5,3,0>,relu_config4> | return value |
|start_full_n      |  in |    1| ap_ctrl_hs | relu_me<ap_fixed,ap_fixed<16,4,5,3,0>,relu_config4> | return value |
|ap_done           | out |    1| ap_ctrl_hs | relu_me<ap_fixed,ap_fixed<16,4,5,3,0>,relu_config4> | return value |
|ap_continue       |  in |    1| ap_ctrl_hs | relu_me<ap_fixed,ap_fixed<16,4,5,3,0>,relu_config4> | return value |
|ap_idle           | out |    1| ap_ctrl_hs | relu_me<ap_fixed,ap_fixed<16,4,5,3,0>,relu_config4> | return value |
|ap_ready          | out |    1| ap_ctrl_hs | relu_me<ap_fixed,ap_fixed<16,4,5,3,0>,relu_config4> | return value |
|start_out         | out |    1| ap_ctrl_hs | relu_me<ap_fixed,ap_fixed<16,4,5,3,0>,relu_config4> | return value |
|start_write       | out |    1| ap_ctrl_hs | relu_me<ap_fixed,ap_fixed<16,4,5,3,0>,relu_config4> | return value |
|data_V_V_dout     |  in |   16|   ap_fifo  |                       data_V_V                      |    pointer   |
|data_V_V_empty_n  |  in |    1|   ap_fifo  |                       data_V_V                      |    pointer   |
|data_V_V_read     | out |    1|   ap_fifo  |                       data_V_V                      |    pointer   |
|res_V_V_din       | out |   16|   ap_fifo  |                       res_V_V                       |    pointer   |
|res_V_V_full_n    |  in |    1|   ap_fifo  |                       res_V_V                       |    pointer   |
|res_V_V_write     | out |    1|   ap_fifo  |                       res_V_V                       |    pointer   |
+------------------+-----+-----+------------+-----------------------------------------------------+--------------+

============================================================
+ Verbose Summary: Synthesis Manager
============================================================
InlineROM: 1
ExposeGlobal: 0
============================================================
+ Verbose Summary: CDFG Model
============================================================
IsTopModel: 0
ResetActiveHigh: 1
IsCombinational: 2
IsDatapathOnly: 0
HasWiredReturn: 1
HasMFsm: 0
HasVarLatency: 1
IsPipeline: 0
IsRtlPipelined: 0
IsInstanceOverlapped: 0
IsDontTouch: 0
HasImplIP: 0
IsGatedGlobalClock: 0


============================================================
+ Verbose Summary: Schedule
============================================================
* Number of FSM states : 3
* Pipeline : 0
* Dataflow Pipeline: 0

* FSM state transitions: 
1 --> 2 
2 --> 3 
3 --> 2 

* FSM state operations: 

State 1 <SV = 0> <Delay = 0.83>
ST_1 : Operation 4 [1/1] (0.00ns)   --->   "call void (...)* @_ssdm_op_SpecInterface(i16* %res_V_V, [8 x i8]* @ap_fifo_str, i32 0, i32 0, [1 x i8]* @p_str228, i32 0, i32 0, [1 x i8]* @p_str229, [1 x i8]* @p_str230, [1 x i8]* @p_str231, i32 2, i32 2, i32 16, i32 16, [1 x i8]* @p_str232, [1 x i8]* @p_str233)"   --->   Operation 4 'specinterface' <Predicate = true> <Delay = 0.00>
ST_1 : Operation 5 [1/1] (0.00ns)   --->   "call void (...)* @_ssdm_op_SpecInterface(i16* %data_V_V, [8 x i8]* @ap_fifo_str, i32 0, i32 0, [1 x i8]* @p_str221, i32 0, i32 0, [1 x i8]* @p_str222, [1 x i8]* @p_str223, [1 x i8]* @p_str224, i32 2, i32 2, i32 16, i32 16, [1 x i8]* @p_str225, [1 x i8]* @p_str226)"   --->   Operation 5 'specinterface' <Predicate = true> <Delay = 0.00>
ST_1 : Operation 6 [1/1] (0.83ns)   --->   "br label %1" [firmware/nnet_utils/nnet_activation_stream.h:60]   --->   Operation 6 'br' <Predicate = true> <Delay = 0.83>

State 2 <SV = 1> <Delay = 3.68>
ST_2 : Operation 7 [1/1] (0.00ns)   --->   "%i_0 = phi i16 [ 0, %0 ], [ %i, %_ZgtILi16ELi4ELb1EL9ap_q_mode5EL9ap_o_mode3ELi0EEbRK13ap_fixed_baseIXT_EXT0_EXT1_EXT2_EXT3_EXT4_EEi.exit ]"   --->   Operation 7 'phi' 'i_0' <Predicate = true> <Delay = 0.00>
ST_2 : Operation 8 [1/1] (1.09ns)   --->   "%icmp_ln60 = icmp eq i16 %i_0, -32768" [firmware/nnet_utils/nnet_activation_stream.h:60]   --->   Operation 8 'icmp' 'icmp_ln60' <Predicate = true> <Delay = 1.09> <Core = "Cmp">   --->   Core 25 'Cmp' <Latency = 0> <II = 1> <Delay = 1.09> <FuncUnit> <Opcode : 'icmp'> <InPorts = 2> <OutPorts = 1>
ST_2 : Operation 9 [1/1] (0.00ns)   --->   "%empty = call i32 (...)* @_ssdm_op_SpecLoopTripCount(i64 32768, i64 32768, i64 32768)"   --->   Operation 9 'speclooptripcount' 'empty' <Predicate = true> <Delay = 0.00>
ST_2 : Operation 10 [1/1] (1.41ns)   --->   "%i = add i16 %i_0, 1" [firmware/nnet_utils/nnet_activation_stream.h:60]   --->   Operation 10 'add' 'i' <Predicate = true> <Delay = 1.41> <Core = "AddSub">   --->   Core 14 'AddSub' <Latency = 0> <II = 1> <Delay = 1.41> <FuncUnit> <Opcode : 'add' 'sub'> <InPorts = 2> <OutPorts = 1>
ST_2 : Operation 11 [1/1] (0.00ns)   --->   "br i1 %icmp_ln60, label %2, label %_ZgtILi16ELi4ELb1EL9ap_q_mode5EL9ap_o_mode3ELi0EEbRK13ap_fixed_baseIXT_EXT0_EXT1_EXT2_EXT3_EXT4_EEi.exit" [firmware/nnet_utils/nnet_activation_stream.h:60]   --->   Operation 11 'br' <Predicate = true> <Delay = 0.00>
ST_2 : Operation 12 [1/1] (2.18ns)   --->   "%tmp_V = call i16 @_ssdm_op_Read.ap_fifo.volatile.i16P(i16* %data_V_V)" [firmware/nnet_utils/nnet_activation_stream.h:63]   --->   Operation 12 'read' 'tmp_V' <Predicate = (!icmp_ln60)> <Delay = 2.18> <Core = "FIFO">   --->   Core 32 'FIFO' <Latency = 0> <II = 1> <Delay = 2.26> <Storage> <Opcode : 'read' 'write' 'nbread' 'nbwrite'> <Ports = 0> <Width = 16> <Depth = 1> <FIFO>
ST_2 : Operation 13 [1/1] (0.00ns)   --->   "%trunc_ln1494 = trunc i16 %tmp_V to i15" [firmware/nnet_utils/nnet_activation_stream.h:67]   --->   Operation 13 'trunc' 'trunc_ln1494' <Predicate = (!icmp_ln60)> <Delay = 0.00>
ST_2 : Operation 14 [1/1] (1.09ns)   --->   "%icmp_ln1494 = icmp sgt i16 %tmp_V, 0" [firmware/nnet_utils/nnet_activation_stream.h:67]   --->   Operation 14 'icmp' 'icmp_ln1494' <Predicate = (!icmp_ln60)> <Delay = 1.09> <Core = "Cmp">   --->   Core 25 'Cmp' <Latency = 0> <II = 1> <Delay = 1.09> <FuncUnit> <Opcode : 'icmp'> <InPorts = 2> <OutPorts = 1>
ST_2 : Operation 15 [1/1] (0.40ns)   --->   "%out_data_V = select i1 %icmp_ln1494, i15 %trunc_ln1494, i15 0" [firmware/nnet_utils/nnet_activation_stream.h:67]   --->   Operation 15 'select' 'out_data_V' <Predicate = (!icmp_ln60)> <Delay = 0.40> <Core = "Sel">   --->   Core 26 'Sel' <Latency = 0> <II = 1> <Delay = 0.40> <FuncUnit> <Opcode : 'select'> <InPorts = 3> <OutPorts = 1>
ST_2 : Operation 16 [1/1] (0.00ns)   --->   "ret void" [firmware/nnet_utils/nnet_activation_stream.h:72]   --->   Operation 16 'ret' <Predicate = (icmp_ln60)> <Delay = 0.00>

State 3 <SV = 2> <Delay = 2.18>
ST_3 : Operation 17 [1/1] (0.00ns)   --->   "%tmp_V_6 = zext i15 %out_data_V to i16" [firmware/nnet_utils/nnet_activation_stream.h:67]   --->   Operation 17 'zext' 'tmp_V_6' <Predicate = true> <Delay = 0.00>
ST_3 : Operation 18 [1/1] (2.18ns)   --->   "call void @_ssdm_op_Write.ap_fifo.volatile.i16P(i16* %res_V_V, i16 %tmp_V_6)" [firmware/nnet_utils/nnet_activation_stream.h:70]   --->   Operation 18 'write' <Predicate = true> <Delay = 2.18> <Core = "FIFO">   --->   Core 32 'FIFO' <Latency = 0> <II = 1> <Delay = 2.26> <Storage> <Opcode : 'read' 'write' 'nbread' 'nbwrite'> <Ports = 0> <Width = 16> <Depth = 1> <FIFO>
ST_3 : Operation 19 [1/1] (0.00ns)   --->   "br label %1" [firmware/nnet_utils/nnet_activation_stream.h:60]   --->   Operation 19 'br' <Predicate = true> <Delay = 0.00>


============================================================
+ Verbose Summary: Binding
============================================================
STG Binding: 
---------------- STG Properties BEGIN ----------------
- Is combinational: 0
- Is one-state seq: 0
- Is datapath-only: 0
- Is pipelined: 0
- Is top level: 0
Port [ Return ] is wired: 1; IO mode=ap_ctrl_hs:ce=0
Port [ data_V_V]:  wired=1; compound=1; hidden=0; nouse=0; global=0; static=0; extern=0; dir=0; type=3; pingpong=0; private_global=0; IO mode=ap_fifo:ce=0
Port [ res_V_V]:  wired=1; compound=1; hidden=0; nouse=0; global=0; static=0; extern=0; dir=1; type=3; pingpong=0; private_global=0; IO mode=ap_fifo:ce=0
---------------- STG Properties END ------------------

---------------- Datapath Model BEGIN ----------------

<LifeTime>
<method=bitvector/>
specinterface_ln0 (specinterface    ) [ 0000]
specinterface_ln0 (specinterface    ) [ 0000]
br_ln60           (br               ) [ 0111]
i_0               (phi              ) [ 0010]
icmp_ln60         (icmp             ) [ 0011]
empty             (speclooptripcount) [ 0000]
i                 (add              ) [ 0111]
br_ln60           (br               ) [ 0000]
tmp_V             (read             ) [ 0000]
trunc_ln1494      (trunc            ) [ 0000]
icmp_ln1494       (icmp             ) [ 0000]
out_data_V        (select           ) [ 0001]
ret_ln72          (ret              ) [ 0000]
tmp_V_6           (zext             ) [ 0000]
write_ln70        (write            ) [ 0000]
br_ln60           (br               ) [ 0111]
</LifeTime>

<model>

<comp_list>
<comp id="0" class="1000" name="data_V_V">
<pin_list>
<pin id="1" dir="1" index="0" bw="1" slack="0"/>
</pin_list>
<bind>
<StgValue><ssdm name="data_V_V"/></StgValue>
</bind>
</comp>

<comp id="2" class="1000" name="res_V_V">
<pin_list>
<pin id="3" dir="1" index="0" bw="1" slack="0"/>
</pin_list>
<bind>
<StgValue><ssdm name="res_V_V"/></StgValue>
</bind>
</comp>

<comp id="4" class="1001" name="const_4">
<pin_list>
<pin id="5" dir="1" index="0" bw="1" slack="2147483647"/>
</pin_list>
<bind>
<StgValue><ssdm name="_ssdm_op_SpecInterface"/></StgValue>
</bind>
</comp>

<comp id="6" class="1001" name="const_6">
<pin_list>
<pin id="7" dir="1" index="0" bw="1" slack="2147483647"/>
</pin_list>
<bind>
<StgValue><ssdm name="ap_fifo_str"/></StgValue>
</bind>
</comp>

<comp id="8" class="1001" name="const_8">
<pin_list>
<pin id="9" dir="1" index="0" bw="1" slack="2147483647"/>
</pin_list>
<bind>
<StgValue><ssdm name=""/></StgValue>
</bind>
</comp>

<comp id="10" class="1001" name="const_10">
<pin_list>
<pin id="11" dir="1" index="0" bw="1" slack="2147483647"/>
</pin_list>
<bind>
<StgValue><ssdm name="p_str228"/></StgValue>
</bind>
</comp>

<comp id="12" class="1001" name="const_12">
<pin_list>
<pin id="13" dir="1" index="0" bw="1" slack="2147483647"/>
</pin_list>
<bind>
<StgValue><ssdm name="p_str229"/></StgValue>
</bind>
</comp>

<comp id="14" class="1001" name="const_14">
<pin_list>
<pin id="15" dir="1" index="0" bw="1" slack="2147483647"/>
</pin_list>
<bind>
<StgValue><ssdm name="p_str230"/></StgValue>
</bind>
</comp>

<comp id="16" class="1001" name="const_16">
<pin_list>
<pin id="17" dir="1" index="0" bw="1" slack="2147483647"/>
</pin_list>
<bind>
<StgValue><ssdm name="p_str231"/></StgValue>
</bind>
</comp>

<comp id="18" class="1001" name="const_18">
<pin_list>
<pin id="19" dir="1" index="0" bw="1" slack="2147483647"/>
</pin_list>
<bind>
<StgValue><ssdm name=""/></StgValue>
</bind>
</comp>

<comp id="20" class="1001" name="const_20">
<pin_list>
<pin id="21" dir="1" index="0" bw="1" slack="2147483647"/>
</pin_list>
<bind>
<StgValue><ssdm name=""/></StgValue>
</bind>
</comp>

<comp id="22" class="1001" name="const_22">
<pin_list>
<pin id="23" dir="1" index="0" bw="1" slack="2147483647"/>
</pin_list>
<bind>
<StgValue><ssdm name="p_str232"/></StgValue>
</bind>
</comp>

<comp id="24" class="1001" name="const_24">
<pin_list>
<pin id="25" dir="1" index="0" bw="1" slack="2147483647"/>
</pin_list>
<bind>
<StgValue><ssdm name="p_str233"/></StgValue>
</bind>
</comp>

<comp id="26" class="1001" name="const_26">
<pin_list>
<pin id="27" dir="1" index="0" bw="1" slack="2147483647"/>
</pin_list>
<bind>
<StgValue><ssdm name="p_str221"/></StgValue>
</bind>
</comp>

<comp id="28" class="1001" name="const_28">
<pin_list>
<pin id="29" dir="1" index="0" bw="1" slack="2147483647"/>
</pin_list>
<bind>
<StgValue><ssdm name="p_str222"/></StgValue>
</bind>
</comp>

<comp id="30" class="1001" name="const_30">
<pin_list>
<pin id="31" dir="1" index="0" bw="1" slack="2147483647"/>
</pin_list>
<bind>
<StgValue><ssdm name="p_str223"/></StgValue>
</bind>
</comp>

<comp id="32" class="1001" name="const_32">
<pin_list>
<pin id="33" dir="1" index="0" bw="1" slack="2147483647"/>
</pin_list>
<bind>
<StgValue><ssdm name="p_str224"/></StgValue>
</bind>
</comp>

<comp id="34" class="1001" name="const_34">
<pin_list>
<pin id="35" dir="1" index="0" bw="1" slack="2147483647"/>
</pin_list>
<bind>
<StgValue><ssdm name="p_str225"/></StgValue>
</bind>
</comp>

<comp id="36" class="1001" name="const_36">
<pin_list>
<pin id="37" dir="1" index="0" bw="1" slack="2147483647"/>
</pin_list>
<bind>
<StgValue><ssdm name="p_str226"/></StgValue>
</bind>
</comp>

<comp id="38" class="1001" name="const_38">
<pin_list>
<pin id="39" dir="1" index="0" bw="1" slack="0"/>
</pin_list>
<bind>
<StgValue><ssdm name=""/></StgValue>
</bind>
</comp>

<comp id="40" class="1001" name="const_40">
<pin_list>
<pin id="41" dir="1" index="0" bw="1" slack="0"/>
</pin_list>
<bind>
<StgValue><ssdm name=""/></StgValue>
</bind>
</comp>

<comp id="42" class="1001" name="const_42">
<pin_list>
<pin id="43" dir="1" index="0" bw="1" slack="2147483647"/>
</pin_list>
<bind>
<StgValue><ssdm name="_ssdm_op_SpecLoopTripCount"/></StgValue>
</bind>
</comp>

<comp id="44" class="1001" name="const_44">
<pin_list>
<pin id="45" dir="1" index="0" bw="1" slack="2147483647"/>
</pin_list>
<bind>
<StgValue><ssdm name=""/></StgValue>
</bind>
</comp>

<comp id="46" class="1001" name="const_46">
<pin_list>
<pin id="47" dir="1" index="0" bw="1" slack="0"/>
</pin_list>
<bind>
<StgValue><ssdm name=""/></StgValue>
</bind>
</comp>

<comp id="48" class="1001" name="const_48">
<pin_list>
<pin id="49" dir="1" index="0" bw="1" slack="0"/>
</pin_list>
<bind>
<StgValue><ssdm name="_ssdm_op_Read.ap_fifo.volatile.i16P"/></StgValue>
</bind>
</comp>

<comp id="50" class="1001" name="const_50">
<pin_list>
<pin id="51" dir="1" index="0" bw="1" slack="0"/>
</pin_list>
<bind>
<StgValue><ssdm name=""/></StgValue>
</bind>
</comp>

<comp id="52" class="1001" name="const_52">
<pin_list>
<pin id="53" dir="1" index="0" bw="1" slack="0"/>
</pin_list>
<bind>
<StgValue><ssdm name="_ssdm_op_Write.ap_fifo.volatile.i16P"/></StgValue>
</bind>
</comp>

<comp id="54" class="1004" name="tmp_V_read_fu_54">
<pin_list>
<pin id="55" dir="0" index="0" bw="16" slack="0"/>
<pin id="56" dir="0" index="1" bw="16" slack="0"/>
<pin id="57" dir="1" index="2" bw="16" slack="0"/>
</pin_list>
<bind>
<opcode="read(1150) " fcode="read"/>
<opset="tmp_V/2 "/>
</bind>
</comp>

<comp id="60" class="1004" name="write_ln70_write_fu_60">
<pin_list>
<pin id="61" dir="0" index="0" bw="0" slack="0"/>
<pin id="62" dir="0" index="1" bw="16" slack="0"/>
<pin id="63" dir="0" index="2" bw="15" slack="0"/>
<pin id="64" dir="1" index="3" bw="0" slack="2147483647"/>
</pin_list>
<bind>
<opcode="write(1151) " fcode="write"/>
<opset="write_ln70/3 "/>
</bind>
</comp>

<comp id="67" class="1005" name="i_0_reg_67">
<pin_list>
<pin id="68" dir="0" index="0" bw="16" slack="1"/>
<pin id="69" dir="1" index="1" bw="16" slack="1"/>
</pin_list>
<bind>
<opset="i_0 (phireg) "/>
</bind>
</comp>

<comp id="71" class="1004" name="i_0_phi_fu_71">
<pin_list>
<pin id="72" dir="0" index="0" bw="1" slack="1"/>
<pin id="73" dir="0" index="1" bw="0" slack="2147483647"/>
<pin id="74" dir="0" index="2" bw="16" slack="0"/>
<pin id="75" dir="0" index="3" bw="0" slack="2147483647"/>
<pin id="76" dir="1" index="4" bw="16" slack="0"/>
</pin_list>
<bind>
<opcode="phi(47) " fcode="phi"/>
<opset="i_0/2 "/>
</bind>
</comp>

<comp id="78" class="1004" name="icmp_ln60_fu_78">
<pin_list>
<pin id="79" dir="0" index="0" bw="16" slack="0"/>
<pin id="80" dir="0" index="1" bw="16" slack="0"/>
<pin id="81" dir="1" index="2" bw="1" slack="2147483647"/>
</pin_list>
<bind>
<opcode="icmp(45) " fcode="icmp"/>
<opset="icmp_ln60/2 "/>
</bind>
</comp>

<comp id="84" class="1004" name="i_fu_84">
<pin_list>
<pin id="85" dir="0" index="0" bw="16" slack="0"/>
<pin id="86" dir="0" index="1" bw="1" slack="0"/>
<pin id="87" dir="1" index="2" bw="16" slack="0"/>
</pin_list>
<bind>
<opcode="add(8) " fcode="add"/>
<opset="i/2 "/>
</bind>
</comp>

<comp id="90" class="1004" name="trunc_ln1494_fu_90">
<pin_list>
<pin id="91" dir="0" index="0" bw="16" slack="0"/>
<pin id="92" dir="1" index="1" bw="15" slack="0"/>
</pin_list>
<bind>
<opcode="trunc(33) " fcode="trunc"/>
<opset="trunc_ln1494/2 "/>
</bind>
</comp>

<comp id="94" class="1004" name="icmp_ln1494_fu_94">
<pin_list>
<pin id="95" dir="0" index="0" bw="16" slack="0"/>
<pin id="96" dir="0" index="1" bw="16" slack="0"/>
<pin id="97" dir="1" index="2" bw="1" slack="0"/>
</pin_list>
<bind>
<opcode="icmp(45) " fcode="icmp"/>
<opset="icmp_ln1494/2 "/>
</bind>
</comp>

<comp id="100" class="1004" name="out_data_V_fu_100">
<pin_list>
<pin id="101" dir="0" index="0" bw="1" slack="0"/>
<pin id="102" dir="0" index="1" bw="15" slack="0"/>
<pin id="103" dir="0" index="2" bw="15" slack="0"/>
<pin id="104" dir="1" index="3" bw="15" slack="1"/>
</pin_list>
<bind>
<opcode="select(49) " fcode="select"/>
<opset="out_data_V/2 "/>
</bind>
</comp>

<comp id="108" class="1004" name="tmp_V_6_fu_108">
<pin_list>
<pin id="109" dir="0" index="0" bw="15" slack="1"/>
<pin id="110" dir="1" index="1" bw="16" slack="0"/>
</pin_list>
<bind>
<opcode="zext(34) " fcode="zext"/>
<opset="tmp_V_6/3 "/>
</bind>
</comp>

<comp id="115" class="1005" name="i_reg_115">
<pin_list>
<pin id="116" dir="0" index="0" bw="16" slack="0"/>
<pin id="117" dir="1" index="1" bw="16" slack="0"/>
</pin_list>
<bind>
<opset="i "/>
</bind>
</comp>

<comp id="120" class="1005" name="out_data_V_reg_120">
<pin_list>
<pin id="121" dir="0" index="0" bw="15" slack="1"/>
<pin id="122" dir="1" index="1" bw="15" slack="1"/>
</pin_list>
<bind>
<opset="out_data_V "/>
</bind>
</comp>

</comp_list>

<net_list>
<net id="58"><net_src comp="48" pin="0"/><net_sink comp="54" pin=0"/></net>

<net id="59"><net_src comp="0" pin="0"/><net_sink comp="54" pin=1"/></net>

<net id="65"><net_src comp="52" pin="0"/><net_sink comp="60" pin=0"/></net>

<net id="66"><net_src comp="2" pin="0"/><net_sink comp="60" pin=1"/></net>

<net id="70"><net_src comp="38" pin="0"/><net_sink comp="67" pin=0"/></net>

<net id="77"><net_src comp="67" pin="1"/><net_sink comp="71" pin=0"/></net>

<net id="82"><net_src comp="71" pin="4"/><net_sink comp="78" pin=0"/></net>

<net id="83"><net_src comp="40" pin="0"/><net_sink comp="78" pin=1"/></net>

<net id="88"><net_src comp="71" pin="4"/><net_sink comp="84" pin=0"/></net>

<net id="89"><net_src comp="46" pin="0"/><net_sink comp="84" pin=1"/></net>

<net id="93"><net_src comp="54" pin="2"/><net_sink comp="90" pin=0"/></net>

<net id="98"><net_src comp="54" pin="2"/><net_sink comp="94" pin=0"/></net>

<net id="99"><net_src comp="38" pin="0"/><net_sink comp="94" pin=1"/></net>

<net id="105"><net_src comp="94" pin="2"/><net_sink comp="100" pin=0"/></net>

<net id="106"><net_src comp="90" pin="1"/><net_sink comp="100" pin=1"/></net>

<net id="107"><net_src comp="50" pin="0"/><net_sink comp="100" pin=2"/></net>

<net id="111"><net_src comp="108" pin="1"/><net_sink comp="60" pin=2"/></net>

<net id="118"><net_src comp="84" pin="2"/><net_sink comp="115" pin=0"/></net>

<net id="119"><net_src comp="115" pin="1"/><net_sink comp="71" pin=2"/></net>

<net id="123"><net_src comp="100" pin="3"/><net_sink comp="120" pin=0"/></net>

<net id="124"><net_src comp="120" pin="1"/><net_sink comp="108" pin=0"/></net>

</net_list>

</model> 
---------------- Datapath Model END ------------------

* FSMD analyzer results:
  - Output states:
	Port: res_V_V | {3 }
 - Input state : 
	Port: relu_me<ap_fixed,ap_fixed<16,4,5,3,0>,relu_config4> : data_V_V | {2 }
  - Chain level:
	State 1
	State 2
		icmp_ln60 : 1
		i : 1
		br_ln60 : 2
		out_data_V : 1
	State 3
		write_ln70 : 1


============================================================
+ Verbose Summary: Datapath Resource usage 
============================================================

* Functional unit list:
|----------|------------------------|---------|---------|
| Operation|     Functional Unit    |    FF   |   LUT   |
|----------|------------------------|---------|---------|
|   icmp   |     icmp_ln60_fu_78    |    0    |    13   |
|          |    icmp_ln1494_fu_94   |    0    |    13   |
|----------|------------------------|---------|---------|
|    add   |         i_fu_84        |    0    |    23   |
|----------|------------------------|---------|---------|
|  select  |    out_data_V_fu_100   |    0    |    15   |
|----------|------------------------|---------|---------|
|   read   |    tmp_V_read_fu_54    |    0    |    0    |
|----------|------------------------|---------|---------|
|   write  | write_ln70_write_fu_60 |    0    |    0    |
|----------|------------------------|---------|---------|
|   trunc  |   trunc_ln1494_fu_90   |    0    |    0    |
|----------|------------------------|---------|---------|
|   zext   |     tmp_V_6_fu_108     |    0    |    0    |
|----------|------------------------|---------|---------|
|   Total  |                        |    0    |    64   |
|----------|------------------------|---------|---------|

Memories:
N/A

* Register list:
+------------------+--------+
|                  |   FF   |
+------------------+--------+
|    i_0_reg_67    |   16   |
|     i_reg_115    |   16   |
|out_data_V_reg_120|   15   |
+------------------+--------+
|       Total      |   47   |
+------------------+--------+

* Multiplexer (MUX) list: 
|--------|------|------|------|--------|
|  Comp  |  Pin | Size |  BW  | S x BW |
|--------|------|------|------|--------|
|  Total |      |      |      |    0   |
|--------|------|------|------|--------|



* Summary:
+-----------+--------+--------+
|           |   FF   |   LUT  |
+-----------+--------+--------+
|  Function |    0   |   64   |
|   Memory  |    -   |    -   |
|Multiplexer|    -   |    -   |
|  Register |   47   |    -   |
+-----------+--------+--------+
|   Total   |   47   |   64   |
+-----------+--------+--------+
