

================================================================
== Vivado HLS Report for 'sigmoid_me_ap_fixed_ap_fixed_sigmoid_config19_s'
================================================================
* Date:           Fri Aug  5 17:06:48 2022

* Version:        2019.2 (Build 2704478 on Wed Nov 06 22:10:23 MST 2019)
* Project:        myproject_prj
* Solution:       solution1
* Product family: kintexu
* Target device:  xcku115-flvb2104-2-i


================================================================
== Performance Estimates
================================================================
+ Timing: 
    * Summary: 
    +--------+---------+----------+------------+
    |  Clock |  Target | Estimated| Uncertainty|
    +--------+---------+----------+------------+
    |ap_clk  | 5.00 ns | 3.903 ns |   0.62 ns  |
    +--------+---------+----------+------------+

+ Latency: 
    * Summary: 
    +---------+---------+----------+----------+-----+-----+---------+
    |  Latency (cycles) |  Latency (absolute) |  Interval | Pipeline|
    |   min   |   max   |    min   |    max   | min | max |   Type  |
    +---------+---------+----------+----------+-----+-----+---------+
    |       21|       21| 0.105 us | 0.105 us |   21|   21|   none  |
    +---------+---------+----------+----------+-----+-----+---------+

    + Detail: 
        * Instance: 
        N/A

        * Loop: 
        +------------------+---------+---------+----------+-----------+-----------+------+----------+
        |                  |  Latency (cycles) | Iteration|  Initiation Interval  | Trip |          |
        |     Loop Name    |   min   |   max   |  Latency |  achieved |   target  | Count| Pipelined|
        +------------------+---------+---------+----------+-----------+-----------+------+----------+
        |- SigmoidActLoop  |       20|       20|         4|          -|          -|     5|    no    |
        +------------------+---------+---------+----------+-----------+-----------+------+----------+

============================================================
+ Verbose Summary: Synthesis Manager
============================================================
InlineROM: 1
ExposeGlobal: 0
============================================================
+ Verbose Summary: CDFG Model
============================================================
IsTopModel: 0
ResetActiveHigh: 1
IsCombinational: 2
IsDatapathOnly: 0
HasWiredReturn: 1
HasMFsm: 0
HasVarLatency: 1
IsPipeline: 0
IsRtlPipelined: 0
IsInstanceOverlapped: 0
IsDontTouch: 0
HasImplIP: 0
IsGatedGlobalClock: 0


============================================================
+ Verbose Summary: Schedule
============================================================
* Number of FSM states : 5
* Pipeline : 0
* Dataflow Pipeline: 0

* FSM state transitions: 
1 --> 2 
2 --> 3 
3 --> 4 
4 --> 5 
5 --> 2 

* FSM state operations: 

State 1 <SV = 0> <Delay = 0.83>
ST_1 : Operation 6 [1/1] (0.00ns)   --->   "call void (...)* @_ssdm_op_SpecInterface(i16* %data_V_V, [8 x i8]* @ap_fifo_str, i32 0, i32 0, [1 x i8]* @p_str298, i32 0, i32 0, [1 x i8]* @p_str299, [1 x i8]* @p_str300, [1 x i8]* @p_str301, i32 2, i32 2, i32 16, i32 16, [1 x i8]* @p_str302, [1 x i8]* @p_str303)"   --->   Operation 6 'specinterface' <Predicate = true> <Delay = 0.00>
ST_1 : Operation 7 [1/1] (0.00ns)   --->   "call void (...)* @_ssdm_op_SpecInterface(i16* %res_V_V, [5 x i8]* @p_str, i32 1, i32 1, [5 x i8]* @p_str15, i32 0, i32 0, [1 x i8]* @p_str16, [1 x i8]* @p_str16, [1 x i8]* @p_str16, i32 0, i32 0, i32 0, i32 0, [1 x i8]* @p_str16, [1 x i8]* @p_str16) nounwind"   --->   Operation 7 'specinterface' <Predicate = true> <Delay = 0.00>
ST_1 : Operation 8 [1/1] (0.83ns)   --->   "br label %1" [firmware/nnet_utils/nnet_activation_stream.h:148]   --->   Operation 8 'br' <Predicate = true> <Delay = 0.83>

State 2 <SV = 1> <Delay = 3.50>
ST_2 : Operation 9 [1/1] (0.00ns)   --->   "%i_0 = phi i3 [ 0, %0 ], [ %i, %_ifconv ]"   --->   Operation 9 'phi' 'i_0' <Predicate = true> <Delay = 0.00>
ST_2 : Operation 10 [1/1] (0.72ns)   --->   "%icmp_ln148 = icmp eq i3 %i_0, -3" [firmware/nnet_utils/nnet_activation_stream.h:148]   --->   Operation 10 'icmp' 'icmp_ln148' <Predicate = true> <Delay = 0.72> <Core = "Cmp">   --->   Core 25 'Cmp' <Latency = 0> <II = 1> <Delay = 0.93> <FuncUnit> <Opcode : 'icmp'> <InPorts = 2> <OutPorts = 1>
ST_2 : Operation 11 [1/1] (0.00ns)   --->   "%empty = call i32 (...)* @_ssdm_op_SpecLoopTripCount(i64 5, i64 5, i64 5)"   --->   Operation 11 'speclooptripcount' 'empty' <Predicate = true> <Delay = 0.00>
ST_2 : Operation 12 [1/1] (0.83ns)   --->   "%i = add i3 %i_0, 1" [firmware/nnet_utils/nnet_activation_stream.h:148]   --->   Operation 12 'add' 'i' <Predicate = true> <Delay = 0.83> <Core = "AddSub">   --->   Core 14 'AddSub' <Latency = 0> <II = 1> <Delay = 1.33> <FuncUnit> <Opcode : 'add' 'sub'> <InPorts = 2> <OutPorts = 1>
ST_2 : Operation 13 [1/1] (0.00ns)   --->   "br i1 %icmp_ln148, label %2, label %_ifconv" [firmware/nnet_utils/nnet_activation_stream.h:148]   --->   Operation 13 'br' <Predicate = true> <Delay = 0.00>
ST_2 : Operation 14 [1/1] (2.18ns)   --->   "%tmp_V = call i16 @_ssdm_op_Read.ap_fifo.volatile.i16P(i16* %data_V_V)" [firmware/nnet_utils/nnet_activation_stream.h:151]   --->   Operation 14 'read' 'tmp_V' <Predicate = (!icmp_ln148)> <Delay = 2.18> <Core = "FIFO">   --->   Core 32 'FIFO' <Latency = 0> <II = 1> <Delay = 2.26> <Storage> <Opcode : 'read' 'write' 'nbread' 'nbwrite'> <Ports = 0> <Width = 16> <Depth = 1> <FIFO>
ST_2 : Operation 15 [1/1] (0.00ns)   --->   "%r_V = call i26 @_ssdm_op_BitConcatenate.i26.i16.i10(i16 %tmp_V, i10 0)" [firmware/nnet_utils/nnet_activation_stream.h:157]   --->   Operation 15 'bitconcatenate' 'r_V' <Predicate = (!icmp_ln148)> <Delay = 0.00>
ST_2 : Operation 16 [1/1] (0.00ns)   --->   "%tmp = call i10 @_ssdm_op_PartSelect.i10.i16.i32.i32(i16 %tmp_V, i32 6, i32 15)" [firmware/nnet_utils/nnet_activation_stream.h:157]   --->   Operation 16 'partselect' 'tmp' <Predicate = (!icmp_ln148)> <Delay = 0.00>
ST_2 : Operation 17 [1/1] (0.00ns)   --->   "%sext_ln835 = sext i10 %tmp to i11" [firmware/nnet_utils/nnet_activation_stream.h:157]   --->   Operation 17 'sext' 'sext_ln835' <Predicate = (!icmp_ln148)> <Delay = 0.00>
ST_2 : Operation 18 [1/1] (1.12ns)   --->   "%p_Result_s = icmp slt i26 %r_V, -15" [firmware/nnet_utils/nnet_activation_stream.h:157]   --->   Operation 18 'icmp' 'p_Result_s' <Predicate = (!icmp_ln148)> <Delay = 1.12> <Core = "Cmp">   --->   Core 25 'Cmp' <Latency = 0> <II = 1> <Delay = 0.93> <FuncUnit> <Opcode : 'icmp'> <InPorts = 2> <OutPorts = 1>
ST_2 : Operation 19 [1/1] (0.00ns)   --->   "%trunc_ln851 = trunc i16 %tmp_V to i6" [firmware/nnet_utils/nnet_activation_stream.h:157]   --->   Operation 19 'trunc' 'trunc_ln851' <Predicate = (!icmp_ln148)> <Delay = 0.00>
ST_2 : Operation 20 [1/1] (0.00ns)   --->   "%p_Result_2 = call i12 @_ssdm_op_BitConcatenate.i12.i6.i6(i6 %trunc_ln851, i6 0)" [firmware/nnet_utils/nnet_activation_stream.h:157]   --->   Operation 20 'bitconcatenate' 'p_Result_2' <Predicate = (!icmp_ln148)> <Delay = 0.00>
ST_2 : Operation 21 [1/1] (0.93ns)   --->   "%icmp_ln851 = icmp eq i12 %p_Result_2, 0" [firmware/nnet_utils/nnet_activation_stream.h:157]   --->   Operation 21 'icmp' 'icmp_ln851' <Predicate = (!icmp_ln148)> <Delay = 0.93> <Core = "Cmp">   --->   Core 25 'Cmp' <Latency = 0> <II = 1> <Delay = 0.93> <FuncUnit> <Opcode : 'icmp'> <InPorts = 2> <OutPorts = 1>
ST_2 : Operation 22 [1/1] (1.31ns)   --->   "%ret_V = add i11 1, %sext_ln835" [firmware/nnet_utils/nnet_activation_stream.h:157]   --->   Operation 22 'add' 'ret_V' <Predicate = (!icmp_ln148)> <Delay = 1.31> <Core = "AddSub">   --->   Core 14 'AddSub' <Latency = 0> <II = 1> <Delay = 1.33> <FuncUnit> <Opcode : 'add' 'sub'> <InPorts = 2> <OutPorts = 1>
ST_2 : Operation 23 [1/1] (0.00ns)   --->   "ret void" [firmware/nnet_utils/nnet_activation_stream.h:166]   --->   Operation 23 'ret' <Predicate = (icmp_ln148)> <Delay = 0.00>

State 3 <SV = 2> <Delay = 3.90>
ST_3 : Operation 24 [1/1] (0.00ns) (grouped into LUT with out node select_ln850)   --->   "%select_ln851 = select i1 %icmp_ln851, i11 %sext_ln835, i11 %ret_V" [firmware/nnet_utils/nnet_activation_stream.h:157]   --->   Operation 24 'select' 'select_ln851' <Predicate = (p_Result_s)> <Delay = 0.00> <Core = "Sel">   --->   Core 26 'Sel' <Latency = 0> <II = 1> <Delay = 0.30> <FuncUnit> <Opcode : 'select'> <InPorts = 3> <OutPorts = 1>
ST_3 : Operation 25 [1/1] (0.33ns) (out node of the LUT)   --->   "%select_ln850 = select i1 %p_Result_s, i11 %select_ln851, i11 %sext_ln835" [firmware/nnet_utils/nnet_activation_stream.h:157]   --->   Operation 25 'select' 'select_ln850' <Predicate = true> <Delay = 0.33> <Core = "Sel">   --->   Core 26 'Sel' <Latency = 0> <II = 1> <Delay = 0.30> <FuncUnit> <Opcode : 'select'> <InPorts = 3> <OutPorts = 1>
ST_3 : Operation 26 [1/1] (0.00ns) (grouped into LUT with out node select_ln160)   --->   "%trunc_ln158 = trunc i11 %select_ln850 to i10" [firmware/nnet_utils/nnet_activation_stream.h:158]   --->   Operation 26 'trunc' 'trunc_ln158' <Predicate = true> <Delay = 0.00>
ST_3 : Operation 27 [1/1] (1.33ns)   --->   "%index = add i11 512, %select_ln850" [firmware/nnet_utils/nnet_activation_stream.h:158]   --->   Operation 27 'add' 'index' <Predicate = true> <Delay = 1.33> <Core = "AddSub">   --->   Core 14 'AddSub' <Latency = 0> <II = 1> <Delay = 1.33> <FuncUnit> <Opcode : 'add' 'sub'> <InPorts = 2> <OutPorts = 1>
ST_3 : Operation 28 [1/1] (0.00ns) (grouped into LUT with out node select_ln160)   --->   "%xor_ln158 = xor i10 %trunc_ln158, -512" [firmware/nnet_utils/nnet_activation_stream.h:158]   --->   Operation 28 'xor' 'xor_ln158' <Predicate = true> <Delay = 0.00> <Core = "LogicGate">   --->   Core 27 'LogicGate' <Latency = 0> <II = 1> <Delay = 0.45> <FuncUnit> <Opcode : 'and' 'or' 'xor'> <InPorts = 2> <OutPorts = 1>
ST_3 : Operation 29 [1/1] (0.00ns) (grouped into LUT with out node select_ln160)   --->   "%tmp_1 = call i1 @_ssdm_op_BitSelect.i1.i11.i32(i11 %index, i32 10)" [firmware/nnet_utils/nnet_activation_stream.h:160]   --->   Operation 29 'bitselect' 'tmp_1' <Predicate = true> <Delay = 0.00>
ST_3 : Operation 30 [1/1] (0.45ns) (out node of the LUT)   --->   "%select_ln160 = select i1 %tmp_1, i10 -1, i10 %xor_ln158" [firmware/nnet_utils/nnet_activation_stream.h:160]   --->   Operation 30 'select' 'select_ln160' <Predicate = true> <Delay = 0.45> <Core = "Sel">   --->   Core 26 'Sel' <Latency = 0> <II = 1> <Delay = 0.30> <FuncUnit> <Opcode : 'select'> <InPorts = 3> <OutPorts = 1>
ST_3 : Operation 31 [1/1] (0.00ns)   --->   "%zext_ln161 = zext i10 %select_ln160 to i64" [firmware/nnet_utils/nnet_activation_stream.h:161]   --->   Operation 31 'zext' 'zext_ln161' <Predicate = true> <Delay = 0.00>
ST_3 : Operation 32 [1/1] (0.00ns)   --->   "%sigmoid_table1_addr = getelementptr [1024 x i10]* @sigmoid_table1, i64 0, i64 %zext_ln161" [firmware/nnet_utils/nnet_activation_stream.h:161]   --->   Operation 32 'getelementptr' 'sigmoid_table1_addr' <Predicate = true> <Delay = 0.00>
ST_3 : Operation 33 [2/2] (1.77ns)   --->   "%p_Val2_s = load i10* %sigmoid_table1_addr, align 2" [firmware/nnet_utils/nnet_activation_stream.h:161]   --->   Operation 33 'load' 'p_Val2_s' <Predicate = true> <Delay = 1.77> <Core = "ROM_nP">   --->   Core 52 'ROM_nP' <Latency = 1> <II = 1> <Delay = 1.77> <Storage> <Opcode : 'load'> <Ports = 0> <Width = 10> <Depth = 1024> <ROM>

State 4 <SV = 3> <Delay = 1.77>
ST_4 : Operation 34 [1/2] (1.77ns)   --->   "%p_Val2_s = load i10* %sigmoid_table1_addr, align 2" [firmware/nnet_utils/nnet_activation_stream.h:161]   --->   Operation 34 'load' 'p_Val2_s' <Predicate = true> <Delay = 1.77> <Core = "ROM_nP">   --->   Core 52 'ROM_nP' <Latency = 1> <II = 1> <Delay = 1.77> <Storage> <Opcode : 'load'> <Ports = 0> <Width = 10> <Depth = 1024> <ROM>
ST_4 : Operation 35 [1/1] (0.00ns)   --->   "%out_data_V = call i12 @_ssdm_op_BitConcatenate.i12.i10.i2(i10 %p_Val2_s, i2 0)" [firmware/nnet_utils/nnet_activation_stream.h:161]   --->   Operation 35 'bitconcatenate' 'out_data_V' <Predicate = true> <Delay = 0.00>
ST_4 : Operation 36 [1/1] (0.00ns)   --->   "%tmp_V_2 = zext i12 %out_data_V to i16" [firmware/nnet_utils/nnet_activation_stream.h:161]   --->   Operation 36 'zext' 'tmp_V_2' <Predicate = true> <Delay = 0.00>
ST_4 : Operation 37 [2/2] (0.00ns)   --->   "call void @_ssdm_op_Write.axis.volatile.i16P(i16* %res_V_V, i16 %tmp_V_2)" [firmware/nnet_utils/nnet_activation_stream.h:164]   --->   Operation 37 'write' <Predicate = true> <Delay = 0.00> <Core = "AXI4Stream">   --->   Core 5 'AXI4Stream' <Latency = 0> <II = 1> <Delay = 1.00> <Adapter> <Opcode : >

State 5 <SV = 4> <Delay = 0.00>
ST_5 : Operation 38 [1/1] (0.00ns)   --->   "call void (...)* @_ssdm_op_SpecLoopName([15 x i8]* @p_str46) nounwind" [firmware/nnet_utils/nnet_activation_stream.h:148]   --->   Operation 38 'specloopname' <Predicate = true> <Delay = 0.00>
ST_5 : Operation 39 [1/2] (0.00ns)   --->   "call void @_ssdm_op_Write.axis.volatile.i16P(i16* %res_V_V, i16 %tmp_V_2)" [firmware/nnet_utils/nnet_activation_stream.h:164]   --->   Operation 39 'write' <Predicate = true> <Delay = 0.00> <Core = "AXI4Stream">   --->   Core 5 'AXI4Stream' <Latency = 0> <II = 1> <Delay = 1.00> <Adapter> <Opcode : >
ST_5 : Operation 40 [1/1] (0.00ns)   --->   "br label %1" [firmware/nnet_utils/nnet_activation_stream.h:148]   --->   Operation 40 'br' <Predicate = true> <Delay = 0.00>


============================================================
+ Verbose Summary: Binding
============================================================
STG Binding: 
---------------- STG Properties BEGIN ----------------
- Is combinational: 0
- Is one-state seq: 0
- Is datapath-only: 0
- Is pipelined: 0
- Is top level: 0
Port [ Return ] is wired: 1; IO mode=ap_ctrl_hs:ce=0
Port [ data_V_V]:  wired=1; compound=1; hidden=0; nouse=0; global=0; static=0; extern=0; dir=0; type=3; pingpong=0; private_global=0; IO mode=ap_fifo:ce=0
Port [ res_V_V]:  wired=1; compound=1; hidden=0; nouse=0; global=0; static=0; extern=0; dir=1; type=0; pingpong=0; private_global=0; IO mode=axis:ce=0
Port [ sigmoid_table1]:  wired=0; compound=1; hidden=1; nouse=0; global=1; static=1; extern=0; dir=0; type=1; pingpong=0; private_global=1; linkage=7; visibility=0; MemPort=[1]; IO mode=ap_memory:ce=0
---------------- STG Properties END ------------------

---------------- Datapath Model BEGIN ----------------

<LifeTime>
<method=bitvector/>
specinterface_ln0   (specinterface    ) [ 000000]
specinterface_ln0   (specinterface    ) [ 000000]
br_ln148            (br               ) [ 011111]
i_0                 (phi              ) [ 001000]
icmp_ln148          (icmp             ) [ 001111]
empty               (speclooptripcount) [ 000000]
i                   (add              ) [ 011111]
br_ln148            (br               ) [ 000000]
tmp_V               (read             ) [ 000000]
r_V                 (bitconcatenate   ) [ 000000]
tmp                 (partselect       ) [ 000000]
sext_ln835          (sext             ) [ 000100]
p_Result_s          (icmp             ) [ 000100]
trunc_ln851         (trunc            ) [ 000000]
p_Result_2          (bitconcatenate   ) [ 000000]
icmp_ln851          (icmp             ) [ 000100]
ret_V               (add              ) [ 000100]
ret_ln166           (ret              ) [ 000000]
select_ln851        (select           ) [ 000000]
select_ln850        (select           ) [ 000000]
trunc_ln158         (trunc            ) [ 000000]
index               (add              ) [ 000000]
xor_ln158           (xor              ) [ 000000]
tmp_1               (bitselect        ) [ 000000]
select_ln160        (select           ) [ 000000]
zext_ln161          (zext             ) [ 000000]
sigmoid_table1_addr (getelementptr    ) [ 000010]
p_Val2_s            (load             ) [ 000000]
out_data_V          (bitconcatenate   ) [ 000000]
tmp_V_2             (zext             ) [ 000001]
specloopname_ln148  (specloopname     ) [ 000000]
write_ln164         (write            ) [ 000000]
br_ln148            (br               ) [ 011111]
</LifeTime>

<model>

<comp_list>
<comp id="0" class="1000" name="data_V_V">
<pin_list>
<pin id="1" dir="1" index="0" bw="1" slack="0"/>
</pin_list>
<bind>
<StgValue><ssdm name="data_V_V"/></StgValue>
</bind>
</comp>

<comp id="2" class="1000" name="res_V_V">
<pin_list>
<pin id="3" dir="1" index="0" bw="1" slack="0"/>
</pin_list>
<bind>
<StgValue><ssdm name="res_V_V"/></StgValue>
</bind>
</comp>

<comp id="4" class="1000" name="sigmoid_table1">
<pin_list>
<pin id="5" dir="1" index="0" bw="1" slack="0"/>
</pin_list>
<bind>
<StgValue><ssdm name="sigmoid_table1"/><MemPortTyVec>1 </MemPortTyVec>
</StgValue>
</bind>
</comp>

<comp id="6" class="1001" name="const_6">
<pin_list>
<pin id="7" dir="1" index="0" bw="1" slack="2147483647"/>
</pin_list>
<bind>
<StgValue><ssdm name="_ssdm_op_SpecInterface"/></StgValue>
</bind>
</comp>

<comp id="8" class="1001" name="const_8">
<pin_list>
<pin id="9" dir="1" index="0" bw="1" slack="2147483647"/>
</pin_list>
<bind>
<StgValue><ssdm name="ap_fifo_str"/></StgValue>
</bind>
</comp>

<comp id="10" class="1001" name="const_10">
<pin_list>
<pin id="11" dir="1" index="0" bw="1" slack="2147483647"/>
</pin_list>
<bind>
<StgValue><ssdm name=""/></StgValue>
</bind>
</comp>

<comp id="12" class="1001" name="const_12">
<pin_list>
<pin id="13" dir="1" index="0" bw="1" slack="2147483647"/>
</pin_list>
<bind>
<StgValue><ssdm name="p_str298"/></StgValue>
</bind>
</comp>

<comp id="14" class="1001" name="const_14">
<pin_list>
<pin id="15" dir="1" index="0" bw="1" slack="2147483647"/>
</pin_list>
<bind>
<StgValue><ssdm name="p_str299"/></StgValue>
</bind>
</comp>

<comp id="16" class="1001" name="const_16">
<pin_list>
<pin id="17" dir="1" index="0" bw="1" slack="2147483647"/>
</pin_list>
<bind>
<StgValue><ssdm name="p_str300"/></StgValue>
</bind>
</comp>

<comp id="18" class="1001" name="const_18">
<pin_list>
<pin id="19" dir="1" index="0" bw="1" slack="2147483647"/>
</pin_list>
<bind>
<StgValue><ssdm name="p_str301"/></StgValue>
</bind>
</comp>

<comp id="20" class="1001" name="const_20">
<pin_list>
<pin id="21" dir="1" index="0" bw="1" slack="2147483647"/>
</pin_list>
<bind>
<StgValue><ssdm name=""/></StgValue>
</bind>
</comp>

<comp id="22" class="1001" name="const_22">
<pin_list>
<pin id="23" dir="1" index="0" bw="1" slack="2147483647"/>
</pin_list>
<bind>
<StgValue><ssdm name=""/></StgValue>
</bind>
</comp>

<comp id="24" class="1001" name="const_24">
<pin_list>
<pin id="25" dir="1" index="0" bw="1" slack="2147483647"/>
</pin_list>
<bind>
<StgValue><ssdm name="p_str302"/></StgValue>
</bind>
</comp>

<comp id="26" class="1001" name="const_26">
<pin_list>
<pin id="27" dir="1" index="0" bw="1" slack="2147483647"/>
</pin_list>
<bind>
<StgValue><ssdm name="p_str303"/></StgValue>
</bind>
</comp>

<comp id="28" class="1001" name="const_28">
<pin_list>
<pin id="29" dir="1" index="0" bw="1" slack="2147483647"/>
</pin_list>
<bind>
<StgValue><ssdm name="p_str"/></StgValue>
</bind>
</comp>

<comp id="30" class="1001" name="const_30">
<pin_list>
<pin id="31" dir="1" index="0" bw="1" slack="2147483647"/>
</pin_list>
<bind>
<StgValue><ssdm name=""/></StgValue>
</bind>
</comp>

<comp id="32" class="1001" name="const_32">
<pin_list>
<pin id="33" dir="1" index="0" bw="1" slack="2147483647"/>
</pin_list>
<bind>
<StgValue><ssdm name="p_str15"/></StgValue>
</bind>
</comp>

<comp id="34" class="1001" name="const_34">
<pin_list>
<pin id="35" dir="1" index="0" bw="1" slack="2147483647"/>
</pin_list>
<bind>
<StgValue><ssdm name="p_str16"/></StgValue>
</bind>
</comp>

<comp id="36" class="1001" name="const_36">
<pin_list>
<pin id="37" dir="1" index="0" bw="1" slack="1"/>
</pin_list>
<bind>
<StgValue><ssdm name=""/></StgValue>
</bind>
</comp>

<comp id="38" class="1001" name="const_38">
<pin_list>
<pin id="39" dir="1" index="0" bw="1" slack="0"/>
</pin_list>
<bind>
<StgValue><ssdm name=""/></StgValue>
</bind>
</comp>

<comp id="40" class="1001" name="const_40">
<pin_list>
<pin id="41" dir="1" index="0" bw="1" slack="2147483647"/>
</pin_list>
<bind>
<StgValue><ssdm name="_ssdm_op_SpecLoopTripCount"/></StgValue>
</bind>
</comp>

<comp id="42" class="1001" name="const_42">
<pin_list>
<pin id="43" dir="1" index="0" bw="1" slack="2147483647"/>
</pin_list>
<bind>
<StgValue><ssdm name=""/></StgValue>
</bind>
</comp>

<comp id="44" class="1001" name="const_44">
<pin_list>
<pin id="45" dir="1" index="0" bw="1" slack="0"/>
</pin_list>
<bind>
<StgValue><ssdm name=""/></StgValue>
</bind>
</comp>

<comp id="46" class="1001" name="const_46">
<pin_list>
<pin id="47" dir="1" index="0" bw="1" slack="0"/>
</pin_list>
<bind>
<StgValue><ssdm name="_ssdm_op_Read.ap_fifo.volatile.i16P"/></StgValue>
</bind>
</comp>

<comp id="48" class="1001" name="const_48">
<pin_list>
<pin id="49" dir="1" index="0" bw="1" slack="0"/>
</pin_list>
<bind>
<StgValue><ssdm name="_ssdm_op_BitConcatenate.i26.i16.i10"/></StgValue>
</bind>
</comp>

<comp id="50" class="1001" name="const_50">
<pin_list>
<pin id="51" dir="1" index="0" bw="1" slack="0"/>
</pin_list>
<bind>
<StgValue><ssdm name=""/></StgValue>
</bind>
</comp>

<comp id="52" class="1001" name="const_52">
<pin_list>
<pin id="53" dir="1" index="0" bw="1" slack="0"/>
</pin_list>
<bind>
<StgValue><ssdm name="_ssdm_op_PartSelect.i10.i16.i32.i32"/></StgValue>
</bind>
</comp>

<comp id="54" class="1001" name="const_54">
<pin_list>
<pin id="55" dir="1" index="0" bw="1" slack="0"/>
</pin_list>
<bind>
<StgValue><ssdm name=""/></StgValue>
</bind>
</comp>

<comp id="56" class="1001" name="const_56">
<pin_list>
<pin id="57" dir="1" index="0" bw="1" slack="0"/>
</pin_list>
<bind>
<StgValue><ssdm name=""/></StgValue>
</bind>
</comp>

<comp id="58" class="1001" name="const_58">
<pin_list>
<pin id="59" dir="1" index="0" bw="1" slack="0"/>
</pin_list>
<bind>
<StgValue><ssdm name=""/></StgValue>
</bind>
</comp>

<comp id="60" class="1001" name="const_60">
<pin_list>
<pin id="61" dir="1" index="0" bw="1" slack="0"/>
</pin_list>
<bind>
<StgValue><ssdm name="_ssdm_op_BitConcatenate.i12.i6.i6"/></StgValue>
</bind>
</comp>

<comp id="62" class="1001" name="const_62">
<pin_list>
<pin id="63" dir="1" index="0" bw="1" slack="0"/>
</pin_list>
<bind>
<StgValue><ssdm name=""/></StgValue>
</bind>
</comp>

<comp id="64" class="1001" name="const_64">
<pin_list>
<pin id="65" dir="1" index="0" bw="1" slack="0"/>
</pin_list>
<bind>
<StgValue><ssdm name=""/></StgValue>
</bind>
</comp>

<comp id="66" class="1001" name="const_66">
<pin_list>
<pin id="67" dir="1" index="0" bw="1" slack="0"/>
</pin_list>
<bind>
<StgValue><ssdm name=""/></StgValue>
</bind>
</comp>

<comp id="68" class="1001" name="const_68">
<pin_list>
<pin id="69" dir="1" index="0" bw="1" slack="0"/>
</pin_list>
<bind>
<StgValue><ssdm name=""/></StgValue>
</bind>
</comp>

<comp id="70" class="1001" name="const_70">
<pin_list>
<pin id="71" dir="1" index="0" bw="1" slack="0"/>
</pin_list>
<bind>
<StgValue><ssdm name=""/></StgValue>
</bind>
</comp>

<comp id="72" class="1001" name="const_72">
<pin_list>
<pin id="73" dir="1" index="0" bw="1" slack="0"/>
</pin_list>
<bind>
<StgValue><ssdm name="_ssdm_op_BitSelect.i1.i11.i32"/></StgValue>
</bind>
</comp>

<comp id="74" class="1001" name="const_74">
<pin_list>
<pin id="75" dir="1" index="0" bw="1" slack="0"/>
</pin_list>
<bind>
<StgValue><ssdm name=""/></StgValue>
</bind>
</comp>

<comp id="76" class="1001" name="const_76">
<pin_list>
<pin id="77" dir="1" index="0" bw="1" slack="0"/>
</pin_list>
<bind>
<StgValue><ssdm name=""/></StgValue>
</bind>
</comp>

<comp id="78" class="1001" name="const_78">
<pin_list>
<pin id="79" dir="1" index="0" bw="1" slack="0"/>
</pin_list>
<bind>
<StgValue><ssdm name=""/></StgValue>
</bind>
</comp>

<comp id="80" class="1001" name="const_80">
<pin_list>
<pin id="81" dir="1" index="0" bw="1" slack="0"/>
</pin_list>
<bind>
<StgValue><ssdm name="_ssdm_op_BitConcatenate.i12.i10.i2"/></StgValue>
</bind>
</comp>

<comp id="82" class="1001" name="const_82">
<pin_list>
<pin id="83" dir="1" index="0" bw="1" slack="0"/>
</pin_list>
<bind>
<StgValue><ssdm name=""/></StgValue>
</bind>
</comp>

<comp id="84" class="1001" name="const_84">
<pin_list>
<pin id="85" dir="1" index="0" bw="1" slack="0"/>
</pin_list>
<bind>
<StgValue><ssdm name="_ssdm_op_Write.axis.volatile.i16P"/></StgValue>
</bind>
</comp>

<comp id="86" class="1001" name="const_86">
<pin_list>
<pin id="87" dir="1" index="0" bw="1" slack="2147483647"/>
</pin_list>
<bind>
<StgValue><ssdm name="_ssdm_op_SpecLoopName"/></StgValue>
</bind>
</comp>

<comp id="88" class="1001" name="const_88">
<pin_list>
<pin id="89" dir="1" index="0" bw="1" slack="2147483647"/>
</pin_list>
<bind>
<StgValue><ssdm name="p_str46"/></StgValue>
</bind>
</comp>

<comp id="90" class="1004" name="tmp_V_read_fu_90">
<pin_list>
<pin id="91" dir="0" index="0" bw="16" slack="0"/>
<pin id="92" dir="0" index="1" bw="16" slack="0"/>
<pin id="93" dir="1" index="2" bw="16" slack="0"/>
</pin_list>
<bind>
<opcode="read(1150) " fcode="read"/>
<opset="tmp_V/2 "/>
</bind>
</comp>

<comp id="96" class="1004" name="grp_write_fu_96">
<pin_list>
<pin id="97" dir="0" index="0" bw="0" slack="0"/>
<pin id="98" dir="0" index="1" bw="16" slack="0"/>
<pin id="99" dir="0" index="2" bw="12" slack="0"/>
<pin id="100" dir="1" index="3" bw="0" slack="2147483647"/>
</pin_list>
<bind>
<opcode="write(1151) " fcode="write"/>
<opset="write_ln164/4 "/>
</bind>
</comp>

<comp id="103" class="1004" name="sigmoid_table1_addr_gep_fu_103">
<pin_list>
<pin id="104" dir="0" index="0" bw="10" slack="0"/>
<pin id="105" dir="0" index="1" bw="1" slack="0"/>
<pin id="106" dir="0" index="2" bw="10" slack="0"/>
<pin id="107" dir="1" index="3" bw="10" slack="0"/>
</pin_list>
<bind>
<opcode="getelementptr(29) " fcode="getelementptr"/>
<opset="sigmoid_table1_addr/3 "/>
</bind>
</comp>

<comp id="110" class="1004" name="grp_access_fu_110">
<pin_list>
<pin id="111" dir="0" index="0" bw="10" slack="0"/>
<pin id="112" dir="0" index="1" bw="10" slack="2147483647"/>
<pin id="113" dir="0" index="2" bw="0" slack="2147483647"/>
<pin id="114" dir="1" index="3" bw="10" slack="0"/>
</pin_list>
<bind>
<opcode="load(27) " fcode="load"/>
<opset="p_Val2_s/3 "/>
</bind>
</comp>

<comp id="116" class="1005" name="i_0_reg_116">
<pin_list>
<pin id="117" dir="0" index="0" bw="3" slack="1"/>
<pin id="118" dir="1" index="1" bw="3" slack="1"/>
</pin_list>
<bind>
<opset="i_0 (phireg) "/>
</bind>
</comp>

<comp id="120" class="1004" name="i_0_phi_fu_120">
<pin_list>
<pin id="121" dir="0" index="0" bw="1" slack="1"/>
<pin id="122" dir="0" index="1" bw="0" slack="2147483647"/>
<pin id="123" dir="0" index="2" bw="3" slack="0"/>
<pin id="124" dir="0" index="3" bw="0" slack="2147483647"/>
<pin id="125" dir="1" index="4" bw="3" slack="0"/>
</pin_list>
<bind>
<opcode="phi(47) " fcode="phi"/>
<opset="i_0/2 "/>
</bind>
</comp>

<comp id="127" class="1004" name="icmp_ln148_fu_127">
<pin_list>
<pin id="128" dir="0" index="0" bw="3" slack="0"/>
<pin id="129" dir="0" index="1" bw="3" slack="0"/>
<pin id="130" dir="1" index="2" bw="1" slack="2147483647"/>
</pin_list>
<bind>
<opcode="icmp(45) " fcode="icmp"/>
<opset="icmp_ln148/2 "/>
</bind>
</comp>

<comp id="133" class="1004" name="i_fu_133">
<pin_list>
<pin id="134" dir="0" index="0" bw="3" slack="0"/>
<pin id="135" dir="0" index="1" bw="1" slack="0"/>
<pin id="136" dir="1" index="2" bw="3" slack="0"/>
</pin_list>
<bind>
<opcode="add(8) " fcode="add"/>
<opset="i/2 "/>
</bind>
</comp>

<comp id="139" class="1004" name="r_V_fu_139">
<pin_list>
<pin id="140" dir="0" index="0" bw="26" slack="0"/>
<pin id="141" dir="0" index="1" bw="16" slack="0"/>
<pin id="142" dir="0" index="2" bw="1" slack="0"/>
<pin id="143" dir="1" index="3" bw="26" slack="0"/>
</pin_list>
<bind>
<opcode="bitconcatenate(1004) " fcode="bitconcatenate"/>
<opset="r_V/2 "/>
</bind>
</comp>

<comp id="147" class="1004" name="tmp_fu_147">
<pin_list>
<pin id="148" dir="0" index="0" bw="10" slack="0"/>
<pin id="149" dir="0" index="1" bw="16" slack="0"/>
<pin id="150" dir="0" index="2" bw="4" slack="0"/>
<pin id="151" dir="0" index="3" bw="5" slack="0"/>
<pin id="152" dir="1" index="4" bw="10" slack="0"/>
</pin_list>
<bind>
<opcode="partselect(1002) " fcode="partselect"/>
<opset="tmp/2 "/>
</bind>
</comp>

<comp id="157" class="1004" name="sext_ln835_fu_157">
<pin_list>
<pin id="158" dir="0" index="0" bw="10" slack="0"/>
<pin id="159" dir="1" index="1" bw="11" slack="0"/>
</pin_list>
<bind>
<opcode="sext(35) " fcode="sext"/>
<opset="sext_ln835/2 "/>
</bind>
</comp>

<comp id="161" class="1004" name="p_Result_s_fu_161">
<pin_list>
<pin id="162" dir="0" index="0" bw="26" slack="0"/>
<pin id="163" dir="0" index="1" bw="5" slack="0"/>
<pin id="164" dir="1" index="2" bw="1" slack="1"/>
</pin_list>
<bind>
<opcode="icmp(45) " fcode="icmp"/>
<opset="p_Result_s/2 "/>
</bind>
</comp>

<comp id="167" class="1004" name="trunc_ln851_fu_167">
<pin_list>
<pin id="168" dir="0" index="0" bw="16" slack="0"/>
<pin id="169" dir="1" index="1" bw="6" slack="0"/>
</pin_list>
<bind>
<opcode="trunc(33) " fcode="trunc"/>
<opset="trunc_ln851/2 "/>
</bind>
</comp>

<comp id="171" class="1004" name="p_Result_2_fu_171">
<pin_list>
<pin id="172" dir="0" index="0" bw="12" slack="0"/>
<pin id="173" dir="0" index="1" bw="6" slack="0"/>
<pin id="174" dir="0" index="2" bw="1" slack="0"/>
<pin id="175" dir="1" index="3" bw="12" slack="0"/>
</pin_list>
<bind>
<opcode="bitconcatenate(1004) " fcode="bitconcatenate"/>
<opset="p_Result_2/2 "/>
</bind>
</comp>

<comp id="179" class="1004" name="icmp_ln851_fu_179">
<pin_list>
<pin id="180" dir="0" index="0" bw="12" slack="0"/>
<pin id="181" dir="0" index="1" bw="1" slack="0"/>
<pin id="182" dir="1" index="2" bw="1" slack="1"/>
</pin_list>
<bind>
<opcode="icmp(45) " fcode="icmp"/>
<opset="icmp_ln851/2 "/>
</bind>
</comp>

<comp id="185" class="1004" name="ret_V_fu_185">
<pin_list>
<pin id="186" dir="0" index="0" bw="1" slack="0"/>
<pin id="187" dir="0" index="1" bw="10" slack="0"/>
<pin id="188" dir="1" index="2" bw="11" slack="1"/>
</pin_list>
<bind>
<opcode="add(8) " fcode="add"/>
<opset="ret_V/2 "/>
</bind>
</comp>

<comp id="191" class="1004" name="select_ln851_fu_191">
<pin_list>
<pin id="192" dir="0" index="0" bw="1" slack="1"/>
<pin id="193" dir="0" index="1" bw="10" slack="1"/>
<pin id="194" dir="0" index="2" bw="11" slack="1"/>
<pin id="195" dir="1" index="3" bw="11" slack="0"/>
</pin_list>
<bind>
<opcode="select(49) " fcode="select"/>
<opset="select_ln851/3 "/>
</bind>
</comp>

<comp id="196" class="1004" name="select_ln850_fu_196">
<pin_list>
<pin id="197" dir="0" index="0" bw="1" slack="1"/>
<pin id="198" dir="0" index="1" bw="11" slack="0"/>
<pin id="199" dir="0" index="2" bw="10" slack="1"/>
<pin id="200" dir="1" index="3" bw="11" slack="0"/>
</pin_list>
<bind>
<opcode="select(49) " fcode="select"/>
<opset="select_ln850/3 "/>
</bind>
</comp>

<comp id="202" class="1004" name="trunc_ln158_fu_202">
<pin_list>
<pin id="203" dir="0" index="0" bw="11" slack="0"/>
<pin id="204" dir="1" index="1" bw="10" slack="0"/>
</pin_list>
<bind>
<opcode="trunc(33) " fcode="trunc"/>
<opset="trunc_ln158/3 "/>
</bind>
</comp>

<comp id="206" class="1004" name="index_fu_206">
<pin_list>
<pin id="207" dir="0" index="0" bw="11" slack="0"/>
<pin id="208" dir="0" index="1" bw="11" slack="0"/>
<pin id="209" dir="1" index="2" bw="11" slack="0"/>
</pin_list>
<bind>
<opcode="add(8) " fcode="add"/>
<opset="index/3 "/>
</bind>
</comp>

<comp id="212" class="1004" name="xor_ln158_fu_212">
<pin_list>
<pin id="213" dir="0" index="0" bw="10" slack="0"/>
<pin id="214" dir="0" index="1" bw="10" slack="0"/>
<pin id="215" dir="1" index="2" bw="10" slack="0"/>
</pin_list>
<bind>
<opcode="xor(25) " fcode="xor"/>
<opset="xor_ln158/3 "/>
</bind>
</comp>

<comp id="218" class="1004" name="tmp_1_fu_218">
<pin_list>
<pin id="219" dir="0" index="0" bw="1" slack="0"/>
<pin id="220" dir="0" index="1" bw="11" slack="0"/>
<pin id="221" dir="0" index="2" bw="5" slack="0"/>
<pin id="222" dir="1" index="3" bw="1" slack="0"/>
</pin_list>
<bind>
<opcode="bitselect(1000) " fcode="bitselect"/>
<opset="tmp_1/3 "/>
</bind>
</comp>

<comp id="226" class="1004" name="select_ln160_fu_226">
<pin_list>
<pin id="227" dir="0" index="0" bw="1" slack="0"/>
<pin id="228" dir="0" index="1" bw="1" slack="0"/>
<pin id="229" dir="0" index="2" bw="10" slack="0"/>
<pin id="230" dir="1" index="3" bw="10" slack="0"/>
</pin_list>
<bind>
<opcode="select(49) " fcode="select"/>
<opset="select_ln160/3 "/>
</bind>
</comp>

<comp id="234" class="1004" name="zext_ln161_fu_234">
<pin_list>
<pin id="235" dir="0" index="0" bw="10" slack="0"/>
<pin id="236" dir="1" index="1" bw="64" slack="0"/>
</pin_list>
<bind>
<opcode="zext(34) " fcode="zext"/>
<opset="zext_ln161/3 "/>
</bind>
</comp>

<comp id="239" class="1004" name="out_data_V_fu_239">
<pin_list>
<pin id="240" dir="0" index="0" bw="12" slack="0"/>
<pin id="241" dir="0" index="1" bw="10" slack="0"/>
<pin id="242" dir="0" index="2" bw="1" slack="0"/>
<pin id="243" dir="1" index="3" bw="12" slack="0"/>
</pin_list>
<bind>
<opcode="bitconcatenate(1004) " fcode="bitconcatenate"/>
<opset="out_data_V/4 "/>
</bind>
</comp>

<comp id="247" class="1004" name="tmp_V_2_fu_247">
<pin_list>
<pin id="248" dir="0" index="0" bw="12" slack="0"/>
<pin id="249" dir="1" index="1" bw="16" slack="0"/>
</pin_list>
<bind>
<opcode="zext(34) " fcode="zext"/>
<opset="tmp_V_2/4 "/>
</bind>
</comp>

<comp id="255" class="1005" name="i_reg_255">
<pin_list>
<pin id="256" dir="0" index="0" bw="3" slack="0"/>
<pin id="257" dir="1" index="1" bw="3" slack="0"/>
</pin_list>
<bind>
<opset="i "/>
</bind>
</comp>

<comp id="260" class="1005" name="sext_ln835_reg_260">
<pin_list>
<pin id="261" dir="0" index="0" bw="11" slack="1"/>
<pin id="262" dir="1" index="1" bw="11" slack="1"/>
</pin_list>
<bind>
<opset="sext_ln835 "/>
</bind>
</comp>

<comp id="266" class="1005" name="p_Result_s_reg_266">
<pin_list>
<pin id="267" dir="0" index="0" bw="1" slack="1"/>
<pin id="268" dir="1" index="1" bw="1" slack="1"/>
</pin_list>
<bind>
<opset="p_Result_s "/>
</bind>
</comp>

<comp id="271" class="1005" name="icmp_ln851_reg_271">
<pin_list>
<pin id="272" dir="0" index="0" bw="1" slack="1"/>
<pin id="273" dir="1" index="1" bw="1" slack="1"/>
</pin_list>
<bind>
<opset="icmp_ln851 "/>
</bind>
</comp>

<comp id="276" class="1005" name="ret_V_reg_276">
<pin_list>
<pin id="277" dir="0" index="0" bw="11" slack="1"/>
<pin id="278" dir="1" index="1" bw="11" slack="1"/>
</pin_list>
<bind>
<opset="ret_V "/>
</bind>
</comp>

<comp id="281" class="1005" name="sigmoid_table1_addr_reg_281">
<pin_list>
<pin id="282" dir="0" index="0" bw="10" slack="1"/>
<pin id="283" dir="1" index="1" bw="10" slack="1"/>
</pin_list>
<bind>
<opset="sigmoid_table1_addr "/>
</bind>
</comp>

<comp id="286" class="1005" name="tmp_V_2_reg_286">
<pin_list>
<pin id="287" dir="0" index="0" bw="16" slack="1"/>
<pin id="288" dir="1" index="1" bw="16" slack="1"/>
</pin_list>
<bind>
<opset="tmp_V_2 "/>
</bind>
</comp>

</comp_list>

<net_list>
<net id="94"><net_src comp="46" pin="0"/><net_sink comp="90" pin=0"/></net>

<net id="95"><net_src comp="0" pin="0"/><net_sink comp="90" pin=1"/></net>

<net id="101"><net_src comp="84" pin="0"/><net_sink comp="96" pin=0"/></net>

<net id="102"><net_src comp="2" pin="0"/><net_sink comp="96" pin=1"/></net>

<net id="108"><net_src comp="4" pin="0"/><net_sink comp="103" pin=0"/></net>

<net id="109"><net_src comp="78" pin="0"/><net_sink comp="103" pin=1"/></net>

<net id="115"><net_src comp="103" pin="3"/><net_sink comp="110" pin=0"/></net>

<net id="119"><net_src comp="36" pin="0"/><net_sink comp="116" pin=0"/></net>

<net id="126"><net_src comp="116" pin="1"/><net_sink comp="120" pin=0"/></net>

<net id="131"><net_src comp="120" pin="4"/><net_sink comp="127" pin=0"/></net>

<net id="132"><net_src comp="38" pin="0"/><net_sink comp="127" pin=1"/></net>

<net id="137"><net_src comp="120" pin="4"/><net_sink comp="133" pin=0"/></net>

<net id="138"><net_src comp="44" pin="0"/><net_sink comp="133" pin=1"/></net>

<net id="144"><net_src comp="48" pin="0"/><net_sink comp="139" pin=0"/></net>

<net id="145"><net_src comp="90" pin="2"/><net_sink comp="139" pin=1"/></net>

<net id="146"><net_src comp="50" pin="0"/><net_sink comp="139" pin=2"/></net>

<net id="153"><net_src comp="52" pin="0"/><net_sink comp="147" pin=0"/></net>

<net id="154"><net_src comp="90" pin="2"/><net_sink comp="147" pin=1"/></net>

<net id="155"><net_src comp="54" pin="0"/><net_sink comp="147" pin=2"/></net>

<net id="156"><net_src comp="56" pin="0"/><net_sink comp="147" pin=3"/></net>

<net id="160"><net_src comp="147" pin="4"/><net_sink comp="157" pin=0"/></net>

<net id="165"><net_src comp="139" pin="3"/><net_sink comp="161" pin=0"/></net>

<net id="166"><net_src comp="58" pin="0"/><net_sink comp="161" pin=1"/></net>

<net id="170"><net_src comp="90" pin="2"/><net_sink comp="167" pin=0"/></net>

<net id="176"><net_src comp="60" pin="0"/><net_sink comp="171" pin=0"/></net>

<net id="177"><net_src comp="167" pin="1"/><net_sink comp="171" pin=1"/></net>

<net id="178"><net_src comp="62" pin="0"/><net_sink comp="171" pin=2"/></net>

<net id="183"><net_src comp="171" pin="3"/><net_sink comp="179" pin=0"/></net>

<net id="184"><net_src comp="64" pin="0"/><net_sink comp="179" pin=1"/></net>

<net id="189"><net_src comp="66" pin="0"/><net_sink comp="185" pin=0"/></net>

<net id="190"><net_src comp="157" pin="1"/><net_sink comp="185" pin=1"/></net>

<net id="201"><net_src comp="191" pin="3"/><net_sink comp="196" pin=1"/></net>

<net id="205"><net_src comp="196" pin="3"/><net_sink comp="202" pin=0"/></net>

<net id="210"><net_src comp="68" pin="0"/><net_sink comp="206" pin=0"/></net>

<net id="211"><net_src comp="196" pin="3"/><net_sink comp="206" pin=1"/></net>

<net id="216"><net_src comp="202" pin="1"/><net_sink comp="212" pin=0"/></net>

<net id="217"><net_src comp="70" pin="0"/><net_sink comp="212" pin=1"/></net>

<net id="223"><net_src comp="72" pin="0"/><net_sink comp="218" pin=0"/></net>

<net id="224"><net_src comp="206" pin="2"/><net_sink comp="218" pin=1"/></net>

<net id="225"><net_src comp="74" pin="0"/><net_sink comp="218" pin=2"/></net>

<net id="231"><net_src comp="218" pin="3"/><net_sink comp="226" pin=0"/></net>

<net id="232"><net_src comp="76" pin="0"/><net_sink comp="226" pin=1"/></net>

<net id="233"><net_src comp="212" pin="2"/><net_sink comp="226" pin=2"/></net>

<net id="237"><net_src comp="226" pin="3"/><net_sink comp="234" pin=0"/></net>

<net id="238"><net_src comp="234" pin="1"/><net_sink comp="103" pin=2"/></net>

<net id="244"><net_src comp="80" pin="0"/><net_sink comp="239" pin=0"/></net>

<net id="245"><net_src comp="110" pin="3"/><net_sink comp="239" pin=1"/></net>

<net id="246"><net_src comp="82" pin="0"/><net_sink comp="239" pin=2"/></net>

<net id="250"><net_src comp="239" pin="3"/><net_sink comp="247" pin=0"/></net>

<net id="251"><net_src comp="247" pin="1"/><net_sink comp="96" pin=2"/></net>

<net id="258"><net_src comp="133" pin="2"/><net_sink comp="255" pin=0"/></net>

<net id="259"><net_src comp="255" pin="1"/><net_sink comp="120" pin=2"/></net>

<net id="263"><net_src comp="157" pin="1"/><net_sink comp="260" pin=0"/></net>

<net id="264"><net_src comp="260" pin="1"/><net_sink comp="191" pin=1"/></net>

<net id="265"><net_src comp="260" pin="1"/><net_sink comp="196" pin=2"/></net>

<net id="269"><net_src comp="161" pin="2"/><net_sink comp="266" pin=0"/></net>

<net id="270"><net_src comp="266" pin="1"/><net_sink comp="196" pin=0"/></net>

<net id="274"><net_src comp="179" pin="2"/><net_sink comp="271" pin=0"/></net>

<net id="275"><net_src comp="271" pin="1"/><net_sink comp="191" pin=0"/></net>

<net id="279"><net_src comp="185" pin="2"/><net_sink comp="276" pin=0"/></net>

<net id="280"><net_src comp="276" pin="1"/><net_sink comp="191" pin=2"/></net>

<net id="284"><net_src comp="103" pin="3"/><net_sink comp="281" pin=0"/></net>

<net id="285"><net_src comp="281" pin="1"/><net_sink comp="110" pin=0"/></net>

<net id="289"><net_src comp="247" pin="1"/><net_sink comp="286" pin=0"/></net>

<net id="290"><net_src comp="286" pin="1"/><net_sink comp="96" pin=2"/></net>

</net_list>

</model> 
---------------- Datapath Model END ------------------

* FSMD analyzer results:
  - Output states:
	Port: res_V_V | {5 }
 - Input state : 
	Port: sigmoid_me<ap_fixed,ap_fixed,sigmoid_config19> : data_V_V | {2 }
	Port: sigmoid_me<ap_fixed,ap_fixed,sigmoid_config19> : sigmoid_table1 | {3 4 }
  - Chain level:
	State 1
	State 2
		icmp_ln148 : 1
		i : 1
		br_ln148 : 2
		sext_ln835 : 1
		p_Result_s : 1
		p_Result_2 : 1
		icmp_ln851 : 2
		ret_V : 2
	State 3
		select_ln850 : 1
		trunc_ln158 : 2
		index : 2
		xor_ln158 : 3
		tmp_1 : 3
		select_ln160 : 4
		zext_ln161 : 5
		sigmoid_table1_addr : 6
		p_Val2_s : 7
	State 4
		out_data_V : 1
		tmp_V_2 : 2
		write_ln164 : 3
	State 5


============================================================
+ Verbose Summary: Datapath Resource usage 
============================================================

* Functional unit list:
|----------|---------------------|---------|---------|
| Operation|   Functional Unit   |    FF   |   LUT   |
|----------|---------------------|---------|---------|
|          |       i_fu_133      |    0    |    11   |
|    add   |     ret_V_fu_185    |    0    |    17   |
|          |     index_fu_206    |    0    |    18   |
|----------|---------------------|---------|---------|
|          |  icmp_ln148_fu_127  |    0    |    9    |
|   icmp   |  p_Result_s_fu_161  |    0    |    20   |
|          |  icmp_ln851_fu_179  |    0    |    13   |
|----------|---------------------|---------|---------|
|          | select_ln851_fu_191 |    0    |    11   |
|  select  | select_ln850_fu_196 |    0    |    11   |
|          | select_ln160_fu_226 |    0    |    10   |
|----------|---------------------|---------|---------|
|    xor   |   xor_ln158_fu_212  |    0    |    10   |
|----------|---------------------|---------|---------|
|   read   |   tmp_V_read_fu_90  |    0    |    0    |
|----------|---------------------|---------|---------|
|   write  |   grp_write_fu_96   |    0    |    0    |
|----------|---------------------|---------|---------|
|          |      r_V_fu_139     |    0    |    0    |
|bitconcatenate|  p_Result_2_fu_171  |    0    |    0    |
|          |  out_data_V_fu_239  |    0    |    0    |
|----------|---------------------|---------|---------|
|partselect|      tmp_fu_147     |    0    |    0    |
|----------|---------------------|---------|---------|
|   sext   |  sext_ln835_fu_157  |    0    |    0    |
|----------|---------------------|---------|---------|
|   trunc  |  trunc_ln851_fu_167 |    0    |    0    |
|          |  trunc_ln158_fu_202 |    0    |    0    |
|----------|---------------------|---------|---------|
| bitselect|     tmp_1_fu_218    |    0    |    0    |
|----------|---------------------|---------|---------|
|   zext   |  zext_ln161_fu_234  |    0    |    0    |
|          |    tmp_V_2_fu_247   |    0    |    0    |
|----------|---------------------|---------|---------|
|   Total  |                     |    0    |   130   |
|----------|---------------------|---------|---------|

Memories:
N/A

* Register list:
+---------------------------+--------+
|                           |   FF   |
+---------------------------+--------+
|        i_0_reg_116        |    3   |
|         i_reg_255         |    3   |
|     icmp_ln851_reg_271    |    1   |
|     p_Result_s_reg_266    |    1   |
|       ret_V_reg_276       |   11   |
|     sext_ln835_reg_260    |   11   |
|sigmoid_table1_addr_reg_281|   10   |
|      tmp_V_2_reg_286      |   16   |
+---------------------------+--------+
|           Total           |   56   |
+---------------------------+--------+

* Multiplexer (MUX) list: 
|-------------------|------|------|------|--------||---------||---------|
|        Comp       |  Pin | Size |  BW  | S x BW ||  Delay  ||   LUT   |
|-------------------|------|------|------|--------||---------||---------|
|  grp_write_fu_96  |  p2  |   2  |  12  |   24   ||    9    |
| grp_access_fu_110 |  p0  |   2  |  10  |   20   ||    9    |
|-------------------|------|------|------|--------||---------||---------|
|       Total       |      |      |      |   44   ||   1.67  ||    18   |
|-------------------|------|------|------|--------||---------||---------|



* Summary:
+-----------+--------+--------+--------+
|           |  Delay |   FF   |   LUT  |
+-----------+--------+--------+--------+
|  Function |    -   |    0   |   130  |
|   Memory  |    -   |    -   |    -   |
|Multiplexer|    1   |    -   |   18   |
|  Register |    -   |   56   |    -   |
+-----------+--------+--------+--------+
|   Total   |    1   |   56   |   148  |
+-----------+--------+--------+--------+
